<?xml version="1.0" encoding="UTF-8"?>
<!-- Generated by org.testng.reporters.JUnitXMLReporter -->
<testsuite ignored="0" hostname="DESKTOP-QRS5SOS" failures="1" tests="1" name="Default test" time="3.176" errors="0" timestamp="2023-08-06T15:52:02 IST">
  <testcase classname="programming.JavaCodingInterViewQuestions" name="reverseStringUsingRecursion" time="3.027">
    <failure type="java.lang.StackOverflowError">
      <![CDATA[java.lang.StackOverflowError
at java.base/java.lang.StringBuilder.append(StringBuilder.java:179)
at java.base/java.lang.StringBuilder.append(StringBuilder.java:91)
at java.base/java.lang.AbstractStringBuilder.<init>(AbstractStringBuilder.java:124)
at java.base/java.lang.StringBuilder.<init>(StringBuilder.java:131)
at programming.JavaCodingInterViewQuestions.reverseString(JavaCodingInterViewQuestions.java:477)
at programming.JavaCodingInterViewQuestions.reverseString(JavaCodingInterViewQuestions.java:477)
at programming.JavaCodingInterViewQuestions.reverseString(JavaCodingInterViewQuestions.java:477)
at programming.JavaCodingInterViewQuestions.reverseString(JavaCodingInterViewQuestions.java:477)
at programming.JavaCodingInterViewQuestions.reverseString(JavaCodingInterViewQuestions.java:477)
at programming.JavaCodingInterViewQuestions.reverseString(JavaCodingInterViewQuestions.java:477)
at programming.JavaCodingInterViewQuestions.reverseString(JavaCodingInterViewQuestions.java:477)
at programming.JavaCodingInterViewQuestions.reverseString(JavaCodingInterViewQuestions.java:477)
at programming.JavaCodingInterViewQuestions.reverseString(JavaCodingInterViewQuestions.java:477)
at programming.JavaCodingInterViewQuestions.reverseString(JavaCodingInterViewQuestions.java:477)
at programming.JavaCodingInterViewQuestions.reverseString(JavaCodingInterViewQuestions.java:477)
at programming.JavaCodingInterViewQuestions.reverseString(JavaCodingInterViewQuestions.java:477)
at programming.JavaCodingInterViewQuestions.reverseString(JavaCodingInterViewQuestions.java:477)
at programming.JavaCodingInterViewQuestions.reverseString(JavaCodingInterViewQuestions.java:477)
at programming.JavaCodingInterViewQuestions.reverseString(JavaCodingInterViewQuestions.java:477)
at programming.JavaCodingInterViewQuestions.reverseString(JavaCodingInterViewQuestions.java:477)
at programming.JavaCodingInterViewQuestions.reverseString(JavaCodingInterViewQuestions.java:477)
at programming.JavaCodingInterViewQuestions.reverseString(JavaCodingInterViewQuestions.java:477)
at programming.JavaCodingInterViewQuestions.reverseString(JavaCodingInterViewQuestions.java:477)
at programming.JavaCodingInterViewQuestions.reverseString(JavaCodingInterViewQuestions.java:477)
at programming.JavaCodingInterViewQuestions.reverseString(JavaCodingInterViewQuestions.java:477)
at programming.JavaCodingInterViewQuestions.reverseString(JavaCodingInterViewQuestions.java:477)
at programming.JavaCodingInterViewQuestions.reverseString(JavaCodingInterViewQuestions.java:477)
at programming.JavaCodingInterViewQuestions.reverseString(JavaCodingInterViewQuestions.java:477)
at programming.JavaCodingInterViewQuestions.reverseString(JavaCodingInterViewQuestions.java:477)
at programming.JavaCodingInterViewQuestions.reverseString(JavaCodingInterViewQuestions.java:477)
at programming.JavaCodingInterViewQuestions.reverseString(JavaCodingInterViewQuestions.java:477)
at programming.JavaCodingInterViewQuestions.reverseString(JavaCodingInterViewQuestions.java:477)
at programming.JavaCodingInterViewQuestions.reverseString(JavaCodingInterViewQuestions.java:477)
at programming.JavaCodingInterViewQuestions.reverseString(JavaCodingInterViewQuestions.java:477)
at programming.JavaCodingInterViewQuestions.reverseString(JavaCodingInterViewQuestions.java:477)
at programming.JavaCodingInterViewQuestions.reverseString(JavaCodingInterViewQuestions.java:477)
at programming.JavaCodingInterViewQuestions.reverseString(JavaCodingInterViewQuestions.java:477)
at programming.JavaCodingInterViewQuestions.reverseString(JavaCodingInterViewQuestions.java:477)
at programming.JavaCodingInterViewQuestions.reverseString(JavaCodingInterViewQuestions.java:477)
at programming.JavaCodingInterViewQuestions.reverseString(JavaCodingInterViewQuestions.java:477)
at programming.JavaCodingInterViewQuestions.reverseString(JavaCodingInterViewQuestions.java:477)
at programming.JavaCodingInterViewQuestions.reverseString(JavaCodingInterViewQuestions.java:477)
at programming.JavaCodingInterViewQuestions.reverseString(JavaCodingInterViewQuestions.java:477)
at programming.JavaCodingInterViewQuestions.reverseString(JavaCodingInterViewQuestions.java:477)
at programming.JavaCodingInterViewQuestions.reverseString(JavaCodingInterViewQuestions.java:477)
at programming.JavaCodingInterViewQuestions.reverseString(JavaCodingInterViewQuestions.java:477)
at programming.JavaCodingInterViewQuestions.reverseString(JavaCodingInterViewQuestions.java:477)
at programming.JavaCodingInterViewQuestions.reverseString(JavaCodingInterViewQuestions.java:477)
at programming.JavaCodingInterViewQuestions.reverseString(JavaCodingInterViewQuestions.java:477)
at programming.JavaCodingInterViewQuestions.reverseString(JavaCodingInterViewQuestions.java:477)
at programming.JavaCodingInterViewQuestions.reverseString(JavaCodingInterViewQuestions.java:477)
at programming.JavaCodingInterViewQuestions.reverseString(JavaCodingInterViewQuestions.java:477)
at programming.JavaCodingInterViewQuestions.reverseString(JavaCodingInterViewQuestions.java:477)
at programming.JavaCodingInterViewQuestions.reverseString(JavaCodingInterViewQuestions.java:477)
at programming.JavaCodingInterViewQuestions.reverseString(JavaCodingInterViewQuestions.java:477)
at programming.JavaCodingInterViewQuestions.reverseString(JavaCodingInterViewQuestions.java:477)
at programming.JavaCodingInterViewQuestions.reverseString(JavaCodingInterViewQuestions.java:477)
at programming.JavaCodingInterViewQuestions.reverseString(JavaCodingInterViewQuestions.java:477)
at programming.JavaCodingInterViewQuestions.reverseString(JavaCodingInterViewQuestions.java:477)
at programming.JavaCodingInterViewQuestions.reverseString(JavaCodingInterViewQuestions.java:477)
at programming.JavaCodingInterViewQuestions.reverseString(JavaCodingInterViewQuestions.java:477)
at programming.JavaCodingInterViewQuestions.reverseString(JavaCodingInterViewQuestions.java:477)
at programming.JavaCodingInterViewQuestions.reverseString(JavaCodingInterViewQuestions.java:477)
at programming.JavaCodingInterViewQuestions.reverseString(JavaCodingInterViewQuestions.java:477)
at programming.JavaCodingInterViewQuestions.reverseString(JavaCodingInterViewQuestions.java:477)
at programming.JavaCodingInterViewQuestions.reverseString(JavaCodingInterViewQuestions.java:477)
at programming.JavaCodingInterViewQuestions.reverseString(JavaCodingInterViewQuestions.java:477)
at programming.JavaCodingInterViewQuestions.reverseString(JavaCodingInterViewQuestions.java:477)
at programming.JavaCodingInterViewQuestions.reverseString(JavaCodingInterViewQuestions.java:477)
at programming.JavaCodingInterViewQuestions.reverseString(JavaCodingInterViewQuestions.java:477)
at programming.JavaCodingInterViewQuestions.reverseString(JavaCodingInterViewQuestions.java:477)
at programming.JavaCodingInterViewQuestions.reverseString(JavaCodingInterViewQuestions.java:477)
at programming.JavaCodingInterViewQuestions.reverseString(JavaCodingInterViewQuestions.java:477)
at programming.JavaCodingInterViewQuestions.reverseString(JavaCodingInterViewQuestions.java:477)
at programming.JavaCodingInterViewQuestions.reverseString(JavaCodingInterViewQuestions.java:477)
at programming.JavaCodingInterViewQuestions.reverseString(JavaCodingInterViewQuestions.java:477)
at programming.JavaCodingInterViewQuestions.reverseString(JavaCodingInterViewQuestions.java:477)
at programming.JavaCodingInterViewQuestions.reverseString(JavaCodingInterViewQuestions.java:477)
at programming.JavaCodingInterViewQuestions.reverseString(JavaCodingInterViewQuestions.java:477)
at programming.JavaCodingInterViewQuestions.reverseString(JavaCodingInterViewQuestions.java:477)
at programming.JavaCodingInterViewQuestions.reverseString(JavaCodingInterViewQuestions.java:477)
at programming.JavaCodingInterViewQuestions.reverseString(JavaCodingInterViewQuestions.java:477)
at programming.JavaCodingInterViewQuestions.reverseString(JavaCodingInterViewQuestions.java:477)
at programming.JavaCodingInterViewQuestions.reverseString(JavaCodingInterViewQuestions.java:477)
at programming.JavaCodingInterViewQuestions.reverseString(JavaCodingInterViewQuestions.java:477)
at programming.JavaCodingInterViewQuestions.reverseString(JavaCodingInterViewQuestions.java:477)
at programming.JavaCodingInterViewQuestions.reverseString(JavaCodingInterViewQuestions.java:477)
at programming.JavaCodingInterViewQuestions.reverseString(JavaCodingInterViewQuestions.java:477)
at programming.JavaCodingInterViewQuestions.reverseString(JavaCodingInterViewQuestions.java:477)
at programming.JavaCodingInterViewQuestions.reverseString(JavaCodingInterViewQuestions.java:477)
at programming.JavaCodingInterViewQuestions.reverseString(JavaCodingInterViewQuestions.java:477)
at programming.JavaCodingInterViewQuestions.reverseString(JavaCodingInterViewQuestions.java:477)
at programming.JavaCodingInterViewQuestions.reverseString(JavaCodingInterViewQuestions.java:477)
at programming.JavaCodingInterViewQuestions.reverseString(JavaCodingInterViewQuestions.java:477)
at programming.JavaCodingInterViewQuestions.reverseString(JavaCodingInterViewQuestions.java:477)
at programming.JavaCodingInterViewQuestions.reverseString(JavaCodingInterViewQuestions.java:477)
at programming.JavaCodingInterViewQuestions.reverseString(JavaCodingInterViewQuestions.java:477)
at programming.JavaCodingInterViewQuestions.reverseString(JavaCodingInterViewQuestions.java:477)
at programming.JavaCodingInterViewQuestions.reverseString(JavaCodingInterViewQuestions.java:477)
at programming.JavaCodingInterViewQuestions.reverseString(JavaCodingInterViewQuestions.java:477)
at programming.JavaCodingInterViewQuestions.reverseString(JavaCodingInterViewQuestions.java:477)
at programming.JavaCodingInterViewQuestions.reverseString(JavaCodingInterViewQuestions.java:477)
at programming.JavaCodingInterViewQuestions.reverseString(JavaCodingInterViewQuestions.java:477)
at programming.JavaCodingInterViewQuestions.reverseString(JavaCodingInterViewQuestions.java:477)
at programming.JavaCodingInterViewQuestions.reverseString(JavaCodingInterViewQuestions.java:477)
at programming.JavaCodingInterViewQuestions.reverseString(JavaCodingInterViewQuestions.java:477)
at programming.JavaCodingInterViewQuestions.reverseString(JavaCodingInterViewQuestions.java:477)
at programming.JavaCodingInterViewQuestions.reverseString(JavaCodingInterViewQuestions.java:477)
at programming.JavaCodingInterViewQuestions.reverseString(JavaCodingInterViewQuestions.java:477)
at programming.JavaCodingInterViewQuestions.reverseString(JavaCodingInterViewQuestions.java:477)
at programming.JavaCodingInterViewQuestions.reverseString(JavaCodingInterViewQuestions.java:477)
at programming.JavaCodingInterViewQuestions.reverseString(JavaCodingInterViewQuestions.java:477)
at programming.JavaCodingInterViewQuestions.reverseString(JavaCodingInterViewQuestions.java:477)
at programming.JavaCodingInterViewQuestions.reverseString(JavaCodingInterViewQuestions.java:477)
at programming.JavaCodingInterViewQuestions.reverseString(JavaCodingInterViewQuestions.java:477)
at programming.JavaCodingInterViewQuestions.reverseString(JavaCodingInterViewQuestions.java:477)
at programming.JavaCodingInterViewQuestions.reverseString(JavaCodingInterViewQuestions.java:477)
at programming.JavaCodingInterViewQuestions.reverseString(JavaCodingInterViewQuestions.java:477)
at programming.JavaCodingInterViewQuestions.reverseString(JavaCodingInterViewQuestions.java:477)
at programming.JavaCodingInterViewQuestions.reverseString(JavaCodingInterViewQuestions.java:477)
at programming.JavaCodingInterViewQuestions.reverseString(JavaCodingInterViewQuestions.java:477)
at programming.JavaCodingInterViewQuestions.reverseString(JavaCodingInterViewQuestions.java:477)
at programming.JavaCodingInterViewQuestions.reverseString(JavaCodingInterViewQuestions.java:477)
at programming.JavaCodingInterViewQuestions.reverseString(JavaCodingInterViewQuestions.java:477)
at programming.JavaCodingInterViewQuestions.reverseString(JavaCodingInterViewQuestions.java:477)
at programming.JavaCodingInterViewQuestions.reverseString(JavaCodingInterViewQuestions.java:477)
at programming.JavaCodingInterViewQuestions.reverseString(JavaCodingInterViewQuestions.java:477)
at programming.JavaCodingInterViewQuestions.reverseString(JavaCodingInterViewQuestions.java:477)
at programming.JavaCodingInterViewQuestions.reverseString(JavaCodingInterViewQuestions.java:477)
at programming.JavaCodingInterViewQuestions.reverseString(JavaCodingInterViewQuestions.java:477)
at programming.JavaCodingInterViewQuestions.reverseString(JavaCodingInterViewQuestions.java:477)
at programming.JavaCodingInterViewQuestions.reverseString(JavaCodingInterViewQuestions.java:477)
at programming.JavaCodingInterViewQuestions.reverseString(JavaCodingInterViewQuestions.java:477)
at programming.JavaCodingInterViewQuestions.reverseString(JavaCodingInterViewQuestions.java:477)
at programming.JavaCodingInterViewQuestions.reverseString(JavaCodingInterViewQuestions.java:477)
at programming.JavaCodingInterViewQuestions.reverseString(JavaCodingInterViewQuestions.java:477)
at programming.JavaCodingInterViewQuestions.reverseString(JavaCodingInterViewQuestions.java:477)
at programming.JavaCodingInterViewQuestions.reverseString(JavaCodingInterViewQuestions.java:477)
at programming.JavaCodingInterViewQuestions.reverseString(JavaCodingInterViewQuestions.java:477)
at programming.JavaCodingInterViewQuestions.reverseString(JavaCodingInterViewQuestions.java:477)
at programming.JavaCodingInterViewQuestions.reverseString(JavaCodingInterViewQuestions.java:477)
at programming.JavaCodingInterViewQuestions.reverseString(JavaCodingInterViewQuestions.java:477)
at programming.JavaCodingInterViewQuestions.reverseString(JavaCodingInterViewQuestions.java:477)
at programming.JavaCodingInterViewQuestions.reverseString(JavaCodingInterViewQuestions.java:477)
at programming.JavaCodingInterViewQuestions.reverseString(JavaCodingInterViewQuestions.java:477)
at programming.JavaCodingInterViewQuestions.reverseString(JavaCodingInterViewQuestions.java:477)
at programming.JavaCodingInterViewQuestions.reverseString(JavaCodingInterViewQuestions.java:477)
at programming.JavaCodingInterViewQuestions.reverseString(JavaCodingInterViewQuestions.java:477)
at programming.JavaCodingInterViewQuestions.reverseString(JavaCodingInterViewQuestions.java:477)
at programming.JavaCodingInterViewQuestions.reverseString(JavaCodingInterViewQuestions.java:477)
at programming.JavaCodingInterViewQuestions.reverseString(JavaCodingInterViewQuestions.java:477)
at programming.JavaCodingInterViewQuestions.reverseString(JavaCodingInterViewQuestions.java:477)
at programming.JavaCodingInterViewQuestions.reverseString(JavaCodingInterViewQuestions.java:477)
at programming.JavaCodingInterViewQuestions.reverseString(JavaCodingInterViewQuestions.java:477)
at programming.JavaCodingInterViewQuestions.reverseString(JavaCodingInterViewQuestions.java:477)
at programming.JavaCodingInterViewQuestions.reverseString(JavaCodingInterViewQuestions.java:477)
at programming.JavaCodingInterViewQuestions.reverseString(JavaCodingInterViewQuestions.java:477)
at programming.JavaCodingInterViewQuestions.reverseString(JavaCodingInterViewQuestions.java:477)
at programming.JavaCodingInterViewQuestions.reverseString(JavaCodingInterViewQuestions.java:477)
at programming.JavaCodingInterViewQuestions.reverseString(JavaCodingInterViewQuestions.java:477)
at programming.JavaCodingInterViewQuestions.reverseString(JavaCodingInterViewQuestions.java:477)
at programming.JavaCodingInterViewQuestions.reverseString(JavaCodingInterViewQuestions.java:477)
at programming.JavaCodingInterViewQuestions.reverseString(JavaCodingInterViewQuestions.java:477)
at programming.JavaCodingInterViewQuestions.reverseString(JavaCodingInterViewQuestions.java:477)
at programming.JavaCodingInterViewQuestions.reverseString(JavaCodingInterViewQuestions.java:477)
at programming.JavaCodingInterViewQuestions.reverseString(JavaCodingInterViewQuestions.java:477)
at programming.JavaCodingInterViewQuestions.reverseString(JavaCodingInterViewQuestions.java:477)
at programming.JavaCodingInterViewQuestions.reverseString(JavaCodingInterViewQuestions.java:477)
at programming.JavaCodingInterViewQuestions.reverseString(JavaCodingInterViewQuestions.java:477)
at programming.JavaCodingInterViewQuestions.reverseString(JavaCodingInterViewQuestions.java:477)
at programming.JavaCodingInterViewQuestions.reverseString(JavaCodingInterViewQuestions.java:477)
at programming.JavaCodingInterViewQuestions.reverseString(JavaCodingInterViewQuestions.java:477)
at programming.JavaCodingInterViewQuestions.reverseString(JavaCodingInterViewQuestions.java:477)
at programming.JavaCodingInterViewQuestions.reverseString(JavaCodingInterViewQuestions.java:477)
at programming.JavaCodingInterViewQuestions.reverseString(JavaCodingInterViewQuestions.java:477)
at programming.JavaCodingInterViewQuestions.reverseString(JavaCodingInterViewQuestions.java:477)
at programming.JavaCodingInterViewQuestions.reverseString(JavaCodingInterViewQuestions.java:477)
at programming.JavaCodingInterViewQuestions.reverseString(JavaCodingInterViewQuestions.java:477)
at programming.JavaCodingInterViewQuestions.reverseString(JavaCodingInterViewQuestions.java:477)
at programming.JavaCodingInterViewQuestions.reverseString(JavaCodingInterViewQuestions.java:477)
at programming.JavaCodingInterViewQuestions.reverseString(JavaCodingInterViewQuestions.java:477)
at programming.JavaCodingInterViewQuestions.reverseString(JavaCodingInterViewQuestions.java:477)
at programming.JavaCodingInterViewQuestions.reverseString(JavaCodingInterViewQuestions.java:477)
at programming.JavaCodingInterViewQuestions.reverseString(JavaCodingInterViewQuestions.java:477)
at programming.JavaCodingInterViewQuestions.reverseString(JavaCodingInterViewQuestions.java:477)
at programming.JavaCodingInterViewQuestions.reverseString(JavaCodingInterViewQuestions.java:477)
at programming.JavaCodingInterViewQuestions.reverseString(JavaCodingInterViewQuestions.java:477)
at programming.JavaCodingInterViewQuestions.reverseString(JavaCodingInterViewQuestions.java:477)
at programming.JavaCodingInterViewQuestions.reverseString(JavaCodingInterViewQuestions.java:477)
at programming.JavaCodingInterViewQuestions.reverseString(JavaCodingInterViewQuestions.java:477)
at programming.JavaCodingInterViewQuestions.reverseString(JavaCodingInterViewQuestions.java:477)
at programming.JavaCodingInterViewQuestions.reverseString(JavaCodingInterViewQuestions.java:477)
at programming.JavaCodingInterViewQuestions.reverseString(JavaCodingInterViewQuestions.java:477)
at programming.JavaCodingInterViewQuestions.reverseString(JavaCodingInterViewQuestions.java:477)
at programming.JavaCodingInterViewQuestions.reverseString(JavaCodingInterViewQuestions.java:477)
at programming.JavaCodingInterViewQuestions.reverseString(JavaCodingInterViewQuestions.java:477)
at programming.JavaCodingInterViewQuestions.reverseString(JavaCodingInterViewQuestions.java:477)
at programming.JavaCodingInterViewQuestions.reverseString(JavaCodingInterViewQuestions.java:477)
at programming.JavaCodingInterViewQuestions.reverseString(JavaCodingInterViewQuestions.java:477)
at programming.JavaCodingInterViewQuestions.reverseString(JavaCodingInterViewQuestions.java:477)
at programming.JavaCodingInterViewQuestions.reverseString(JavaCodingInterViewQuestions.java:477)
at programming.JavaCodingInterViewQuestions.reverseString(JavaCodingInterViewQuestions.java:477)
at programming.JavaCodingInterViewQuestions.reverseString(JavaCodingInterViewQuestions.java:477)
at programming.JavaCodingInterViewQuestions.reverseString(JavaCodingInterViewQuestions.java:477)
at programming.JavaCodingInterViewQuestions.reverseString(JavaCodingInterViewQuestions.java:477)
at programming.JavaCodingInterViewQuestions.reverseString(JavaCodingInterViewQuestions.java:477)
at programming.JavaCodingInterViewQuestions.reverseString(JavaCodingInterViewQuestions.java:477)
at programming.JavaCodingInterViewQuestions.reverseString(JavaCodingInterViewQuestions.java:477)
at programming.JavaCodingInterViewQuestions.reverseString(JavaCodingInterViewQuestions.java:477)
at programming.JavaCodingInterViewQuestions.reverseString(JavaCodingInterViewQuestions.java:477)
at programming.JavaCodingInterViewQuestions.reverseString(JavaCodingInterViewQuestions.java:477)
at programming.JavaCodingInterViewQuestions.reverseString(JavaCodingInterViewQuestions.java:477)
at programming.JavaCodingInterViewQuestions.reverseString(JavaCodingInterViewQuestions.java:477)
at programming.JavaCodingInterViewQuestions.reverseString(JavaCodingInterViewQuestions.java:477)
at programming.JavaCodingInterViewQuestions.reverseString(JavaCodingInterViewQuestions.java:477)
at programming.JavaCodingInterViewQuestions.reverseString(JavaCodingInterViewQuestions.java:477)
at programming.JavaCodingInterViewQuestions.reverseString(JavaCodingInterViewQuestions.java:477)
at programming.JavaCodingInterViewQuestions.reverseString(JavaCodingInterViewQuestions.java:477)
at programming.JavaCodingInterViewQuestions.reverseString(JavaCodingInterViewQuestions.java:477)
at programming.JavaCodingInterViewQuestions.reverseString(JavaCodingInterViewQuestions.java:477)
at programming.JavaCodingInterViewQuestions.reverseString(JavaCodingInterViewQuestions.java:477)
at programming.JavaCodingInterViewQuestions.reverseString(JavaCodingInterViewQuestions.java:477)
at programming.JavaCodingInterViewQuestions.reverseString(JavaCodingInterViewQuestions.java:477)
at programming.JavaCodingInterViewQuestions.reverseString(JavaCodingInterViewQuestions.java:477)
at programming.JavaCodingInterViewQuestions.reverseString(JavaCodingInterViewQuestions.java:477)
at programming.JavaCodingInterViewQuestions.reverseString(JavaCodingInterViewQuestions.java:477)
at programming.JavaCodingInterViewQuestions.reverseString(JavaCodingInterViewQuestions.java:477)
at programming.JavaCodingInterViewQuestions.reverseString(JavaCodingInterViewQuestions.java:477)
at programming.JavaCodingInterViewQuestions.reverseString(JavaCodingInterViewQuestions.java:477)
at programming.JavaCodingInterViewQuestions.reverseString(JavaCodingInterViewQuestions.java:477)
at programming.JavaCodingInterViewQuestions.reverseString(JavaCodingInterViewQuestions.java:477)
at programming.JavaCodingInterViewQuestions.reverseString(JavaCodingInterViewQuestions.java:477)
at programming.JavaCodingInterViewQuestions.reverseString(JavaCodingInterViewQuestions.java:477)
at programming.JavaCodingInterViewQuestions.reverseString(JavaCodingInterViewQuestions.java:477)
at programming.JavaCodingInterViewQuestions.reverseString(JavaCodingInterViewQuestions.java:477)
at programming.JavaCodingInterViewQuestions.reverseString(JavaCodingInterViewQuestions.java:477)
at programming.JavaCodingInterViewQuestions.reverseString(JavaCodingInterViewQuestions.java:477)
at programming.JavaCodingInterViewQuestions.reverseString(JavaCodingInterViewQuestions.java:477)
at programming.JavaCodingInterViewQuestions.reverseString(JavaCodingInterViewQuestions.java:477)
at programming.JavaCodingInterViewQuestions.reverseString(JavaCodingInterViewQuestions.java:477)
at programming.JavaCodingInterViewQuestions.reverseString(JavaCodingInterViewQuestions.java:477)
at programming.JavaCodingInterViewQuestions.reverseString(JavaCodingInterViewQuestions.java:477)
at programming.JavaCodingInterViewQuestions.reverseString(JavaCodingInterViewQuestions.java:477)
at programming.JavaCodingInterViewQuestions.reverseString(JavaCodingInterViewQuestions.java:477)
at programming.JavaCodingInterViewQuestions.reverseString(JavaCodingInterViewQuestions.java:477)
at programming.JavaCodingInterViewQuestions.reverseString(JavaCodingInterViewQuestions.java:477)
at programming.JavaCodingInterViewQuestions.reverseString(JavaCodingInterViewQuestions.java:477)
at programming.JavaCodingInterViewQuestions.reverseString(JavaCodingInterViewQuestions.java:477)
at programming.JavaCodingInterViewQuestions.reverseString(JavaCodingInterViewQuestions.java:477)
at programming.JavaCodingInterViewQuestions.reverseString(JavaCodingInterViewQuestions.java:477)
at programming.JavaCodingInterViewQuestions.reverseString(JavaCodingInterViewQuestions.java:477)
at programming.JavaCodingInterViewQuestions.reverseString(JavaCodingInterViewQuestions.java:477)
at programming.JavaCodingInterViewQuestions.reverseString(JavaCodingInterViewQuestions.java:477)
at programming.JavaCodingInterViewQuestions.reverseString(JavaCodingInterViewQuestions.java:477)
at programming.JavaCodingInterViewQuestions.reverseString(JavaCodingInterViewQuestions.java:477)
at programming.JavaCodingInterViewQuestions.reverseString(JavaCodingInterViewQuestions.java:477)
at programming.JavaCodingInterViewQuestions.reverseString(JavaCodingInterViewQuestions.java:477)
at programming.JavaCodingInterViewQuestions.reverseString(JavaCodingInterViewQuestions.java:477)
at programming.JavaCodingInterViewQuestions.reverseString(JavaCodingInterViewQuestions.java:477)
at programming.JavaCodingInterViewQuestions.reverseString(JavaCodingInterViewQuestions.java:477)
at programming.JavaCodingInterViewQuestions.reverseString(JavaCodingInterViewQuestions.java:477)
at programming.JavaCodingInterViewQuestions.reverseString(JavaCodingInterViewQuestions.java:477)
at programming.JavaCodingInterViewQuestions.reverseString(JavaCodingInterViewQuestions.java:477)
at programming.JavaCodingInterViewQuestions.reverseString(JavaCodingInterViewQuestions.java:477)
at programming.JavaCodingInterViewQuestions.reverseString(JavaCodingInterViewQuestions.java:477)
at programming.JavaCodingInterViewQuestions.reverseString(JavaCodingInterViewQuestions.java:477)
at programming.JavaCodingInterViewQuestions.reverseString(JavaCodingInterViewQuestions.java:477)
at programming.JavaCodingInterViewQuestions.reverseString(JavaCodingInterViewQuestions.java:477)
at programming.JavaCodingInterViewQuestions.reverseString(JavaCodingInterViewQuestions.java:477)
at programming.JavaCodingInterViewQuestions.reverseString(JavaCodingInterViewQuestions.java:477)
at programming.JavaCodingInterViewQuestions.reverseString(JavaCodingInterViewQuestions.java:477)
at programming.JavaCodingInterViewQuestions.reverseString(JavaCodingInterViewQuestions.java:477)
at programming.JavaCodingInterViewQuestions.reverseString(JavaCodingInterViewQuestions.java:477)
at programming.JavaCodingInterViewQuestions.reverseString(JavaCodingInterViewQuestions.java:477)
at programming.JavaCodingInterViewQuestions.reverseString(JavaCodingInterViewQuestions.java:477)
at programming.JavaCodingInterViewQuestions.reverseString(JavaCodingInterViewQuestions.java:477)
at programming.JavaCodingInterViewQuestions.reverseString(JavaCodingInterViewQuestions.java:477)
at programming.JavaCodingInterViewQuestions.reverseString(JavaCodingInterViewQuestions.java:477)
at programming.JavaCodingInterViewQuestions.reverseString(JavaCodingInterViewQuestions.java:477)
at programming.JavaCodingInterViewQuestions.reverseString(JavaCodingInterViewQuestions.java:477)
at programming.JavaCodingInterViewQuestions.reverseString(JavaCodingInterViewQuestions.java:477)
at programming.JavaCodingInterViewQuestions.reverseString(JavaCodingInterViewQuestions.java:477)
at programming.JavaCodingInterViewQuestions.reverseString(JavaCodingInterViewQuestions.java:477)
at programming.JavaCodingInterViewQuestions.reverseString(JavaCodingInterViewQuestions.java:477)
at programming.JavaCodingInterViewQuestions.reverseString(JavaCodingInterViewQuestions.java:477)
at programming.JavaCodingInterViewQuestions.reverseString(JavaCodingInterViewQuestions.java:477)
at programming.JavaCodingInterViewQuestions.reverseString(JavaCodingInterViewQuestions.java:477)
at programming.JavaCodingInterViewQuestions.reverseString(JavaCodingInterViewQuestions.java:477)
at programming.JavaCodingInterViewQuestions.reverseString(JavaCodingInterViewQuestions.java:477)
at programming.JavaCodingInterViewQuestions.reverseString(JavaCodingInterViewQuestions.java:477)
at programming.JavaCodingInterViewQuestions.reverseString(JavaCodingInterViewQuestions.java:477)
at programming.JavaCodingInterViewQuestions.reverseString(JavaCodingInterViewQuestions.java:477)
at programming.JavaCodingInterViewQuestions.reverseString(JavaCodingInterViewQuestions.java:477)
at programming.JavaCodingInterViewQuestions.reverseString(JavaCodingInterViewQuestions.java:477)
at programming.JavaCodingInterViewQuestions.reverseString(JavaCodingInterViewQuestions.java:477)
at programming.JavaCodingInterViewQuestions.reverseString(JavaCodingInterViewQuestions.java:477)
at programming.JavaCodingInterViewQuestions.reverseString(JavaCodingInterViewQuestions.java:477)
at programming.JavaCodingInterViewQuestions.reverseString(JavaCodingInterViewQuestions.java:477)
at programming.JavaCodingInterViewQuestions.reverseString(JavaCodingInterViewQuestions.java:477)
at programming.JavaCodingInterViewQuestions.reverseString(JavaCodingInterViewQuestions.java:477)
at programming.JavaCodingInterViewQuestions.reverseString(JavaCodingInterViewQuestions.java:477)
at programming.JavaCodingInterViewQuestions.reverseString(JavaCodingInterViewQuestions.java:477)
at programming.JavaCodingInterViewQuestions.reverseString(JavaCodingInterViewQuestions.java:477)
at programming.JavaCodingInterViewQuestions.reverseString(JavaCodingInterViewQuestions.java:477)
at programming.JavaCodingInterViewQuestions.reverseString(JavaCodingInterViewQuestions.java:477)
at programming.JavaCodingInterViewQuestions.reverseString(JavaCodingInterViewQuestions.java:477)
at programming.JavaCodingInterViewQuestions.reverseString(JavaCodingInterViewQuestions.java:477)
at programming.JavaCodingInterViewQuestions.reverseString(JavaCodingInterViewQuestions.java:477)
at programming.JavaCodingInterViewQuestions.reverseString(JavaCodingInterViewQuestions.java:477)
at programming.JavaCodingInterViewQuestions.reverseString(JavaCodingInterViewQuestions.java:477)
at programming.JavaCodingInterViewQuestions.reverseString(JavaCodingInterViewQuestions.java:477)
at programming.JavaCodingInterViewQuestions.reverseString(JavaCodingInterViewQuestions.java:477)
at programming.JavaCodingInterViewQuestions.reverseString(JavaCodingInterViewQuestions.java:477)
at programming.JavaCodingInterViewQuestions.reverseString(JavaCodingInterViewQuestions.java:477)
at programming.JavaCodingInterViewQuestions.reverseString(JavaCodingInterViewQuestions.java:477)
at programming.JavaCodingInterViewQuestions.reverseString(JavaCodingInterViewQuestions.java:477)
at programming.JavaCodingInterViewQuestions.reverseString(JavaCodingInterViewQuestions.java:477)
at programming.JavaCodingInterViewQuestions.reverseString(JavaCodingInterViewQuestions.java:477)
at programming.JavaCodingInterViewQuestions.reverseString(JavaCodingInterViewQuestions.java:477)
at programming.JavaCodingInterViewQuestions.reverseString(JavaCodingInterViewQuestions.java:477)
at programming.JavaCodingInterViewQuestions.reverseString(JavaCodingInterViewQuestions.java:477)
at programming.JavaCodingInterViewQuestions.reverseString(JavaCodingInterViewQuestions.java:477)
at programming.JavaCodingInterViewQuestions.reverseString(JavaCodingInterViewQuestions.java:477)
at programming.JavaCodingInterViewQuestions.reverseString(JavaCodingInterViewQuestions.java:477)
at programming.JavaCodingInterViewQuestions.reverseString(JavaCodingInterViewQuestions.java:477)
at programming.JavaCodingInterViewQuestions.reverseString(JavaCodingInterViewQuestions.java:477)
at programming.JavaCodingInterViewQuestions.reverseString(JavaCodingInterViewQuestions.java:477)
at programming.JavaCodingInterViewQuestions.reverseString(JavaCodingInterViewQuestions.java:477)
at programming.JavaCodingInterViewQuestions.reverseString(JavaCodingInterViewQuestions.java:477)
at programming.JavaCodingInterViewQuestions.reverseString(JavaCodingInterViewQuestions.java:477)
at programming.JavaCodingInterViewQuestions.reverseString(JavaCodingInterViewQuestions.java:477)
at programming.JavaCodingInterViewQuestions.reverseString(JavaCodingInterViewQuestions.java:477)
at programming.JavaCodingInterViewQuestions.reverseString(JavaCodingInterViewQuestions.java:477)
at programming.JavaCodingInterViewQuestions.reverseString(JavaCodingInterViewQuestions.java:477)
at programming.JavaCodingInterViewQuestions.reverseString(JavaCodingInterViewQuestions.java:477)
at programming.JavaCodingInterViewQuestions.reverseString(JavaCodingInterViewQuestions.java:477)
at programming.JavaCodingInterViewQuestions.reverseString(JavaCodingInterViewQuestions.java:477)
at programming.JavaCodingInterViewQuestions.reverseString(JavaCodingInterViewQuestions.java:477)
at programming.JavaCodingInterViewQuestions.reverseString(JavaCodingInterViewQuestions.java:477)
at programming.JavaCodingInterViewQuestions.reverseString(JavaCodingInterViewQuestions.java:477)
at programming.JavaCodingInterViewQuestions.reverseString(JavaCodingInterViewQuestions.java:477)
at programming.JavaCodingInterViewQuestions.reverseString(JavaCodingInterViewQuestions.java:477)
at programming.JavaCodingInterViewQuestions.reverseString(JavaCodingInterViewQuestions.java:477)
at programming.JavaCodingInterViewQuestions.reverseString(JavaCodingInterViewQuestions.java:477)
at programming.JavaCodingInterViewQuestions.reverseString(JavaCodingInterViewQuestions.java:477)
at programming.JavaCodingInterViewQuestions.reverseString(JavaCodingInterViewQuestions.java:477)
at programming.JavaCodingInterViewQuestions.reverseString(JavaCodingInterViewQuestions.java:477)
at programming.JavaCodingInterViewQuestions.reverseString(JavaCodingInterViewQuestions.java:477)
at programming.JavaCodingInterViewQuestions.reverseString(JavaCodingInterViewQuestions.java:477)
at programming.JavaCodingInterViewQuestions.reverseString(JavaCodingInterViewQuestions.java:477)
at programming.JavaCodingInterViewQuestions.reverseString(JavaCodingInterViewQuestions.java:477)
at programming.JavaCodingInterViewQuestions.reverseString(JavaCodingInterViewQuestions.java:477)
at programming.JavaCodingInterViewQuestions.reverseString(JavaCodingInterViewQuestions.java:477)
at programming.JavaCodingInterViewQuestions.reverseString(JavaCodingInterViewQuestions.java:477)
at programming.JavaCodingInterViewQuestions.reverseString(JavaCodingInterViewQuestions.java:477)
at programming.JavaCodingInterViewQuestions.reverseString(JavaCodingInterViewQuestions.java:477)
at programming.JavaCodingInterViewQuestions.reverseString(JavaCodingInterViewQuestions.java:477)
at programming.JavaCodingInterViewQuestions.reverseString(JavaCodingInterViewQuestions.java:477)
at programming.JavaCodingInterViewQuestions.reverseString(JavaCodingInterViewQuestions.java:477)
at programming.JavaCodingInterViewQuestions.reverseString(JavaCodingInterViewQuestions.java:477)
at programming.JavaCodingInterViewQuestions.reverseString(JavaCodingInterViewQuestions.java:477)
at programming.JavaCodingInterViewQuestions.reverseString(JavaCodingInterViewQuestions.java:477)
at programming.JavaCodingInterViewQuestions.reverseString(JavaCodingInterViewQuestions.java:477)
at programming.JavaCodingInterViewQuestions.reverseString(JavaCodingInterViewQuestions.java:477)
at programming.JavaCodingInterViewQuestions.reverseString(JavaCodingInterViewQuestions.java:477)
at programming.JavaCodingInterViewQuestions.reverseString(JavaCodingInterViewQuestions.java:477)
at programming.JavaCodingInterViewQuestions.reverseString(JavaCodingInterViewQuestions.java:477)
at programming.JavaCodingInterViewQuestions.reverseString(JavaCodingInterViewQuestions.java:477)
at programming.JavaCodingInterViewQuestions.reverseString(JavaCodingInterViewQuestions.java:477)
at programming.JavaCodingInterViewQuestions.reverseString(JavaCodingInterViewQuestions.java:477)
at programming.JavaCodingInterViewQuestions.reverseString(JavaCodingInterViewQuestions.java:477)
at programming.JavaCodingInterViewQuestions.reverseString(JavaCodingInterViewQuestions.java:477)
at programming.JavaCodingInterViewQuestions.reverseString(JavaCodingInterViewQuestions.java:477)
at programming.JavaCodingInterViewQuestions.reverseString(JavaCodingInterViewQuestions.java:477)
at programming.JavaCodingInterViewQuestions.reverseString(JavaCodingInterViewQuestions.java:477)
at programming.JavaCodingInterViewQuestions.reverseString(JavaCodingInterViewQuestions.java:477)
at programming.JavaCodingInterViewQuestions.reverseString(JavaCodingInterViewQuestions.java:477)
at programming.JavaCodingInterViewQuestions.reverseString(JavaCodingInterViewQuestions.java:477)
at programming.JavaCodingInterViewQuestions.reverseString(JavaCodingInterViewQuestions.java:477)
at programming.JavaCodingInterViewQuestions.reverseString(JavaCodingInterViewQuestions.java:477)
at programming.JavaCodingInterViewQuestions.reverseString(JavaCodingInterViewQuestions.java:477)
at programming.JavaCodingInterViewQuestions.reverseString(JavaCodingInterViewQuestions.java:477)
at programming.JavaCodingInterViewQuestions.reverseString(JavaCodingInterViewQuestions.java:477)
at programming.JavaCodingInterViewQuestions.reverseString(JavaCodingInterViewQuestions.java:477)
at programming.JavaCodingInterViewQuestions.reverseString(JavaCodingInterViewQuestions.java:477)
at programming.JavaCodingInterViewQuestions.reverseString(JavaCodingInterViewQuestions.java:477)
at programming.JavaCodingInterViewQuestions.reverseString(JavaCodingInterViewQuestions.java:477)
at programming.JavaCodingInterViewQuestions.reverseString(JavaCodingInterViewQuestions.java:477)
at programming.JavaCodingInterViewQuestions.reverseString(JavaCodingInterViewQuestions.java:477)
at programming.JavaCodingInterViewQuestions.reverseString(JavaCodingInterViewQuestions.java:477)
at programming.JavaCodingInterViewQuestions.reverseString(JavaCodingInterViewQuestions.java:477)
at programming.JavaCodingInterViewQuestions.reverseString(JavaCodingInterViewQuestions.java:477)
at programming.JavaCodingInterViewQuestions.reverseString(JavaCodingInterViewQuestions.java:477)
at programming.JavaCodingInterViewQuestions.reverseString(JavaCodingInterViewQuestions.java:477)
at programming.JavaCodingInterViewQuestions.reverseString(JavaCodingInterViewQuestions.java:477)
at programming.JavaCodingInterViewQuestions.reverseString(JavaCodingInterViewQuestions.java:477)
at programming.JavaCodingInterViewQuestions.reverseString(JavaCodingInterViewQuestions.java:477)
at programming.JavaCodingInterViewQuestions.reverseString(JavaCodingInterViewQuestions.java:477)
at programming.JavaCodingInterViewQuestions.reverseString(JavaCodingInterViewQuestions.java:477)
at programming.JavaCodingInterViewQuestions.reverseString(JavaCodingInterViewQuestions.java:477)
at programming.JavaCodingInterViewQuestions.reverseString(JavaCodingInterViewQuestions.java:477)
at programming.JavaCodingInterViewQuestions.reverseString(JavaCodingInterViewQuestions.java:477)
at programming.JavaCodingInterViewQuestions.reverseString(JavaCodingInterViewQuestions.java:477)
at programming.JavaCodingInterViewQuestions.reverseString(JavaCodingInterViewQuestions.java:477)
at programming.JavaCodingInterViewQuestions.reverseString(JavaCodingInterViewQuestions.java:477)
at programming.JavaCodingInterViewQuestions.reverseString(JavaCodingInterViewQuestions.java:477)
at programming.JavaCodingInterViewQuestions.reverseString(JavaCodingInterViewQuestions.java:477)
at programming.JavaCodingInterViewQuestions.reverseString(JavaCodingInterViewQuestions.java:477)
at programming.JavaCodingInterViewQuestions.reverseString(JavaCodingInterViewQuestions.java:477)
at programming.JavaCodingInterViewQuestions.reverseString(JavaCodingInterViewQuestions.java:477)
at programming.JavaCodingInterViewQuestions.reverseString(JavaCodingInterViewQuestions.java:477)
at programming.JavaCodingInterViewQuestions.reverseString(JavaCodingInterViewQuestions.java:477)
at programming.JavaCodingInterViewQuestions.reverseString(JavaCodingInterViewQuestions.java:477)
at programming.JavaCodingInterViewQuestions.reverseString(JavaCodingInterViewQuestions.java:477)
at programming.JavaCodingInterViewQuestions.reverseString(JavaCodingInterViewQuestions.java:477)
at programming.JavaCodingInterViewQuestions.reverseString(JavaCodingInterViewQuestions.java:477)
at programming.JavaCodingInterViewQuestions.reverseString(JavaCodingInterViewQuestions.java:477)
at programming.JavaCodingInterViewQuestions.reverseString(JavaCodingInterViewQuestions.java:477)
at programming.JavaCodingInterViewQuestions.reverseString(JavaCodingInterViewQuestions.java:477)
at programming.JavaCodingInterViewQuestions.reverseString(JavaCodingInterViewQuestions.java:477)
at programming.JavaCodingInterViewQuestions.reverseString(JavaCodingInterViewQuestions.java:477)
at programming.JavaCodingInterViewQuestions.reverseString(JavaCodingInterViewQuestions.java:477)
at programming.JavaCodingInterViewQuestions.reverseString(JavaCodingInterViewQuestions.java:477)
at programming.JavaCodingInterViewQuestions.reverseString(JavaCodingInterViewQuestions.java:477)
at programming.JavaCodingInterViewQuestions.reverseString(JavaCodingInterViewQuestions.java:477)
at programming.JavaCodingInterViewQuestions.reverseString(JavaCodingInterViewQuestions.java:477)
at programming.JavaCodingInterViewQuestions.reverseString(JavaCodingInterViewQuestions.java:477)
at programming.JavaCodingInterViewQuestions.reverseString(JavaCodingInterViewQuestions.java:477)
at programming.JavaCodingInterViewQuestions.reverseString(JavaCodingInterViewQuestions.java:477)
at programming.JavaCodingInterViewQuestions.reverseString(JavaCodingInterViewQuestions.java:477)
at programming.JavaCodingInterViewQuestions.reverseString(JavaCodingInterViewQuestions.java:477)
at programming.JavaCodingInterViewQuestions.reverseString(JavaCodingInterViewQuestions.java:477)
at programming.JavaCodingInterViewQuestions.reverseString(JavaCodingInterViewQuestions.java:477)
at programming.JavaCodingInterViewQuestions.reverseString(JavaCodingInterViewQuestions.java:477)
at programming.JavaCodingInterViewQuestions.reverseString(JavaCodingInterViewQuestions.java:477)
at programming.JavaCodingInterViewQuestions.reverseString(JavaCodingInterViewQuestions.java:477)
at programming.JavaCodingInterViewQuestions.reverseString(JavaCodingInterViewQuestions.java:477)
at programming.JavaCodingInterViewQuestions.reverseString(JavaCodingInterViewQuestions.java:477)
at programming.JavaCodingInterViewQuestions.reverseString(JavaCodingInterViewQuestions.java:477)
at programming.JavaCodingInterViewQuestions.reverseString(JavaCodingInterViewQuestions.java:477)
at programming.JavaCodingInterViewQuestions.reverseString(JavaCodingInterViewQuestions.java:477)
at programming.JavaCodingInterViewQuestions.reverseString(JavaCodingInterViewQuestions.java:477)
at programming.JavaCodingInterViewQuestions.reverseString(JavaCodingInterViewQuestions.java:477)
at programming.JavaCodingInterViewQuestions.reverseString(JavaCodingInterViewQuestions.java:477)
at programming.JavaCodingInterViewQuestions.reverseString(JavaCodingInterViewQuestions.java:477)
at programming.JavaCodingInterViewQuestions.reverseString(JavaCodingInterViewQuestions.java:477)
at programming.JavaCodingInterViewQuestions.reverseString(JavaCodingInterViewQuestions.java:477)
at programming.JavaCodingInterViewQuestions.reverseString(JavaCodingInterViewQuestions.java:477)
at programming.JavaCodingInterViewQuestions.reverseString(JavaCodingInterViewQuestions.java:477)
at programming.JavaCodingInterViewQuestions.reverseString(JavaCodingInterViewQuestions.java:477)
at programming.JavaCodingInterViewQuestions.reverseString(JavaCodingInterViewQuestions.java:477)
at programming.JavaCodingInterViewQuestions.reverseString(JavaCodingInterViewQuestions.java:477)
at programming.JavaCodingInterViewQuestions.reverseString(JavaCodingInterViewQuestions.java:477)
at programming.JavaCodingInterViewQuestions.reverseString(JavaCodingInterViewQuestions.java:477)
at programming.JavaCodingInterViewQuestions.reverseString(JavaCodingInterViewQuestions.java:477)
at programming.JavaCodingInterViewQuestions.reverseString(JavaCodingInterViewQuestions.java:477)
at programming.JavaCodingInterViewQuestions.reverseString(JavaCodingInterViewQuestions.java:477)
at programming.JavaCodingInterViewQuestions.reverseString(JavaCodingInterViewQuestions.java:477)
at programming.JavaCodingInterViewQuestions.reverseString(JavaCodingInterViewQuestions.java:477)
at programming.JavaCodingInterViewQuestions.reverseString(JavaCodingInterViewQuestions.java:477)
at programming.JavaCodingInterViewQuestions.reverseString(JavaCodingInterViewQuestions.java:477)
at programming.JavaCodingInterViewQuestions.reverseString(JavaCodingInterViewQuestions.java:477)
at programming.JavaCodingInterViewQuestions.reverseString(JavaCodingInterViewQuestions.java:477)
at programming.JavaCodingInterViewQuestions.reverseString(JavaCodingInterViewQuestions.java:477)
at programming.JavaCodingInterViewQuestions.reverseString(JavaCodingInterViewQuestions.java:477)
at programming.JavaCodingInterViewQuestions.reverseString(JavaCodingInterViewQuestions.java:477)
at programming.JavaCodingInterViewQuestions.reverseString(JavaCodingInterViewQuestions.java:477)
at programming.JavaCodingInterViewQuestions.reverseString(JavaCodingInterViewQuestions.java:477)
at programming.JavaCodingInterViewQuestions.reverseString(JavaCodingInterViewQuestions.java:477)
at programming.JavaCodingInterViewQuestions.reverseString(JavaCodingInterViewQuestions.java:477)
at programming.JavaCodingInterViewQuestions.reverseString(JavaCodingInterViewQuestions.java:477)
at programming.JavaCodingInterViewQuestions.reverseString(JavaCodingInterViewQuestions.java:477)
at programming.JavaCodingInterViewQuestions.reverseString(JavaCodingInterViewQuestions.java:477)
at programming.JavaCodingInterViewQuestions.reverseString(JavaCodingInterViewQuestions.java:477)
at programming.JavaCodingInterViewQuestions.reverseString(JavaCodingInterViewQuestions.java:477)
at programming.JavaCodingInterViewQuestions.reverseString(JavaCodingInterViewQuestions.java:477)
at programming.JavaCodingInterViewQuestions.reverseString(JavaCodingInterViewQuestions.java:477)
at programming.JavaCodingInterViewQuestions.reverseString(JavaCodingInterViewQuestions.java:477)
at programming.JavaCodingInterViewQuestions.reverseString(JavaCodingInterViewQuestions.java:477)
at programming.JavaCodingInterViewQuestions.reverseString(JavaCodingInterViewQuestions.java:477)
at programming.JavaCodingInterViewQuestions.reverseString(JavaCodingInterViewQuestions.java:477)
at programming.JavaCodingInterViewQuestions.reverseString(JavaCodingInterViewQuestions.java:477)
at programming.JavaCodingInterViewQuestions.reverseString(JavaCodingInterViewQuestions.java:477)
at programming.JavaCodingInterViewQuestions.reverseString(JavaCodingInterViewQuestions.java:477)
at programming.JavaCodingInterViewQuestions.reverseString(JavaCodingInterViewQuestions.java:477)
at programming.JavaCodingInterViewQuestions.reverseString(JavaCodingInterViewQuestions.java:477)
at programming.JavaCodingInterViewQuestions.reverseString(JavaCodingInterViewQuestions.java:477)
at programming.JavaCodingInterViewQuestions.reverseString(JavaCodingInterViewQuestions.java:477)
at programming.JavaCodingInterViewQuestions.reverseString(JavaCodingInterViewQuestions.java:477)
at programming.JavaCodingInterViewQuestions.reverseString(JavaCodingInterViewQuestions.java:477)
at programming.JavaCodingInterViewQuestions.reverseString(JavaCodingInterViewQuestions.java:477)
at programming.JavaCodingInterViewQuestions.reverseString(JavaCodingInterViewQuestions.java:477)
at programming.JavaCodingInterViewQuestions.reverseString(JavaCodingInterViewQuestions.java:477)
at programming.JavaCodingInterViewQuestions.reverseString(JavaCodingInterViewQuestions.java:477)
at programming.JavaCodingInterViewQuestions.reverseString(JavaCodingInterViewQuestions.java:477)
at programming.JavaCodingInterViewQuestions.reverseString(JavaCodingInterViewQuestions.java:477)
at programming.JavaCodingInterViewQuestions.reverseString(JavaCodingInterViewQuestions.java:477)
at programming.JavaCodingInterViewQuestions.reverseString(JavaCodingInterViewQuestions.java:477)
at programming.JavaCodingInterViewQuestions.reverseString(JavaCodingInterViewQuestions.java:477)
at programming.JavaCodingInterViewQuestions.reverseString(JavaCodingInterViewQuestions.java:477)
at programming.JavaCodingInterViewQuestions.reverseString(JavaCodingInterViewQuestions.java:477)
at programming.JavaCodingInterViewQuestions.reverseString(JavaCodingInterViewQuestions.java:477)
at programming.JavaCodingInterViewQuestions.reverseString(JavaCodingInterViewQuestions.java:477)
at programming.JavaCodingInterViewQuestions.reverseString(JavaCodingInterViewQuestions.java:477)
at programming.JavaCodingInterViewQuestions.reverseString(JavaCodingInterViewQuestions.java:477)
at programming.JavaCodingInterViewQuestions.reverseString(JavaCodingInterViewQuestions.java:477)
at programming.JavaCodingInterViewQuestions.reverseString(JavaCodingInterViewQuestions.java:477)
at programming.JavaCodingInterViewQuestions.reverseString(JavaCodingInterViewQuestions.java:477)
at programming.JavaCodingInterViewQuestions.reverseString(JavaCodingInterViewQuestions.java:477)
at programming.JavaCodingInterViewQuestions.reverseString(JavaCodingInterViewQuestions.java:477)
at programming.JavaCodingInterViewQuestions.reverseString(JavaCodingInterViewQuestions.java:477)
at programming.JavaCodingInterViewQuestions.reverseString(JavaCodingInterViewQuestions.java:477)
at programming.JavaCodingInterViewQuestions.reverseString(JavaCodingInterViewQuestions.java:477)
at programming.JavaCodingInterViewQuestions.reverseString(JavaCodingInterViewQuestions.java:477)
at programming.JavaCodingInterViewQuestions.reverseString(JavaCodingInterViewQuestions.java:477)
at programming.JavaCodingInterViewQuestions.reverseString(JavaCodingInterViewQuestions.java:477)
at programming.JavaCodingInterViewQuestions.reverseString(JavaCodingInterViewQuestions.java:477)
at programming.JavaCodingInterViewQuestions.reverseString(JavaCodingInterViewQuestions.java:477)
at programming.JavaCodingInterViewQuestions.reverseString(JavaCodingInterViewQuestions.java:477)
at programming.JavaCodingInterViewQuestions.reverseString(JavaCodingInterViewQuestions.java:477)
at programming.JavaCodingInterViewQuestions.reverseString(JavaCodingInterViewQuestions.java:477)
at programming.JavaCodingInterViewQuestions.reverseString(JavaCodingInterViewQuestions.java:477)
at programming.JavaCodingInterViewQuestions.reverseString(JavaCodingInterViewQuestions.java:477)
at programming.JavaCodingInterViewQuestions.reverseString(JavaCodingInterViewQuestions.java:477)
at programming.JavaCodingInterViewQuestions.reverseString(JavaCodingInterViewQuestions.java:477)
at programming.JavaCodingInterViewQuestions.reverseString(JavaCodingInterViewQuestions.java:477)
at programming.JavaCodingInterViewQuestions.reverseString(JavaCodingInterViewQuestions.java:477)
at programming.JavaCodingInterViewQuestions.reverseString(JavaCodingInterViewQuestions.java:477)
at programming.JavaCodingInterViewQuestions.reverseString(JavaCodingInterViewQuestions.java:477)
at programming.JavaCodingInterViewQuestions.reverseString(JavaCodingInterViewQuestions.java:477)
at programming.JavaCodingInterViewQuestions.reverseString(JavaCodingInterViewQuestions.java:477)
at programming.JavaCodingInterViewQuestions.reverseString(JavaCodingInterViewQuestions.java:477)
at programming.JavaCodingInterViewQuestions.reverseString(JavaCodingInterViewQuestions.java:477)
at programming.JavaCodingInterViewQuestions.reverseString(JavaCodingInterViewQuestions.java:477)
at programming.JavaCodingInterViewQuestions.reverseString(JavaCodingInterViewQuestions.java:477)
at programming.JavaCodingInterViewQuestions.reverseString(JavaCodingInterViewQuestions.java:477)
at programming.JavaCodingInterViewQuestions.reverseString(JavaCodingInterViewQuestions.java:477)
at programming.JavaCodingInterViewQuestions.reverseString(JavaCodingInterViewQuestions.java:477)
at programming.JavaCodingInterViewQuestions.reverseString(JavaCodingInterViewQuestions.java:477)
at programming.JavaCodingInterViewQuestions.reverseString(JavaCodingInterViewQuestions.java:477)
at programming.JavaCodingInterViewQuestions.reverseString(JavaCodingInterViewQuestions.java:477)
at programming.JavaCodingInterViewQuestions.reverseString(JavaCodingInterViewQuestions.java:477)
at programming.JavaCodingInterViewQuestions.reverseString(JavaCodingInterViewQuestions.java:477)
at programming.JavaCodingInterViewQuestions.reverseString(JavaCodingInterViewQuestions.java:477)
at programming.JavaCodingInterViewQuestions.reverseString(JavaCodingInterViewQuestions.java:477)
at programming.JavaCodingInterViewQuestions.reverseString(JavaCodingInterViewQuestions.java:477)
at programming.JavaCodingInterViewQuestions.reverseString(JavaCodingInterViewQuestions.java:477)
at programming.JavaCodingInterViewQuestions.reverseString(JavaCodingInterViewQuestions.java:477)
at programming.JavaCodingInterViewQuestions.reverseString(JavaCodingInterViewQuestions.java:477)
at programming.JavaCodingInterViewQuestions.reverseString(JavaCodingInterViewQuestions.java:477)
at programming.JavaCodingInterViewQuestions.reverseString(JavaCodingInterViewQuestions.java:477)
at programming.JavaCodingInterViewQuestions.reverseString(JavaCodingInterViewQuestions.java:477)
at programming.JavaCodingInterViewQuestions.reverseString(JavaCodingInterViewQuestions.java:477)
at programming.JavaCodingInterViewQuestions.reverseString(JavaCodingInterViewQuestions.java:477)
at programming.JavaCodingInterViewQuestions.reverseString(JavaCodingInterViewQuestions.java:477)
at programming.JavaCodingInterViewQuestions.reverseString(JavaCodingInterViewQuestions.java:477)
at programming.JavaCodingInterViewQuestions.reverseString(JavaCodingInterViewQuestions.java:477)
at programming.JavaCodingInterViewQuestions.reverseString(JavaCodingInterViewQuestions.java:477)
at programming.JavaCodingInterViewQuestions.reverseString(JavaCodingInterViewQuestions.java:477)
at programming.JavaCodingInterViewQuestions.reverseString(JavaCodingInterViewQuestions.java:477)
at programming.JavaCodingInterViewQuestions.reverseString(JavaCodingInterViewQuestions.java:477)
at programming.JavaCodingInterViewQuestions.reverseString(JavaCodingInterViewQuestions.java:477)
at programming.JavaCodingInterViewQuestions.reverseString(JavaCodingInterViewQuestions.java:477)
at programming.JavaCodingInterViewQuestions.reverseString(JavaCodingInterViewQuestions.java:477)
at programming.JavaCodingInterViewQuestions.reverseString(JavaCodingInterViewQuestions.java:477)
at programming.JavaCodingInterViewQuestions.reverseString(JavaCodingInterViewQuestions.java:477)
at programming.JavaCodingInterViewQuestions.reverseString(JavaCodingInterViewQuestions.java:477)
at programming.JavaCodingInterViewQuestions.reverseString(JavaCodingInterViewQuestions.java:477)
at programming.JavaCodingInterViewQuestions.reverseString(JavaCodingInterViewQuestions.java:477)
at programming.JavaCodingInterViewQuestions.reverseString(JavaCodingInterViewQuestions.java:477)
at programming.JavaCodingInterViewQuestions.reverseString(JavaCodingInterViewQuestions.java:477)
at programming.JavaCodingInterViewQuestions.reverseString(JavaCodingInterViewQuestions.java:477)
at programming.JavaCodingInterViewQuestions.reverseString(JavaCodingInterViewQuestions.java:477)
at programming.JavaCodingInterViewQuestions.reverseString(JavaCodingInterViewQuestions.java:477)
at programming.JavaCodingInterViewQuestions.reverseString(JavaCodingInterViewQuestions.java:477)
at programming.JavaCodingInterViewQuestions.reverseString(JavaCodingInterViewQuestions.java:477)
at programming.JavaCodingInterViewQuestions.reverseString(JavaCodingInterViewQuestions.java:477)
at programming.JavaCodingInterViewQuestions.reverseString(JavaCodingInterViewQuestions.java:477)
at programming.JavaCodingInterViewQuestions.reverseString(JavaCodingInterViewQuestions.java:477)
at programming.JavaCodingInterViewQuestions.reverseString(JavaCodingInterViewQuestions.java:477)
at programming.JavaCodingInterViewQuestions.reverseString(JavaCodingInterViewQuestions.java:477)
at programming.JavaCodingInterViewQuestions.reverseString(JavaCodingInterViewQuestions.java:477)
at programming.JavaCodingInterViewQuestions.reverseString(JavaCodingInterViewQuestions.java:477)
at programming.JavaCodingInterViewQuestions.reverseString(JavaCodingInterViewQuestions.java:477)
at programming.JavaCodingInterViewQuestions.reverseString(JavaCodingInterViewQuestions.java:477)
at programming.JavaCodingInterViewQuestions.reverseString(JavaCodingInterViewQuestions.java:477)
at programming.JavaCodingInterViewQuestions.reverseString(JavaCodingInterViewQuestions.java:477)
at programming.JavaCodingInterViewQuestions.reverseString(JavaCodingInterViewQuestions.java:477)
at programming.JavaCodingInterViewQuestions.reverseString(JavaCodingInterViewQuestions.java:477)
at programming.JavaCodingInterViewQuestions.reverseString(JavaCodingInterViewQuestions.java:477)
at programming.JavaCodingInterViewQuestions.reverseString(JavaCodingInterViewQuestions.java:477)
at programming.JavaCodingInterViewQuestions.reverseString(JavaCodingInterViewQuestions.java:477)
at programming.JavaCodingInterViewQuestions.reverseString(JavaCodingInterViewQuestions.java:477)
at programming.JavaCodingInterViewQuestions.reverseString(JavaCodingInterViewQuestions.java:477)
at programming.JavaCodingInterViewQuestions.reverseString(JavaCodingInterViewQuestions.java:477)
at programming.JavaCodingInterViewQuestions.reverseString(JavaCodingInterViewQuestions.java:477)
at programming.JavaCodingInterViewQuestions.reverseString(JavaCodingInterViewQuestions.java:477)
at programming.JavaCodingInterViewQuestions.reverseString(JavaCodingInterViewQuestions.java:477)
at programming.JavaCodingInterViewQuestions.reverseString(JavaCodingInterViewQuestions.java:477)
at programming.JavaCodingInterViewQuestions.reverseString(JavaCodingInterViewQuestions.java:477)
at programming.JavaCodingInterViewQuestions.reverseString(JavaCodingInterViewQuestions.java:477)
at programming.JavaCodingInterViewQuestions.reverseString(JavaCodingInterViewQuestions.java:477)
at programming.JavaCodingInterViewQuestions.reverseString(JavaCodingInterViewQuestions.java:477)
at programming.JavaCodingInterViewQuestions.reverseString(JavaCodingInterViewQuestions.java:477)
at programming.JavaCodingInterViewQuestions.reverseString(JavaCodingInterViewQuestions.java:477)
at programming.JavaCodingInterViewQuestions.reverseString(JavaCodingInterViewQuestions.java:477)
at programming.JavaCodingInterViewQuestions.reverseString(JavaCodingInterViewQuestions.java:477)
at programming.JavaCodingInterViewQuestions.reverseString(JavaCodingInterViewQuestions.java:477)
at programming.JavaCodingInterViewQuestions.reverseString(JavaCodingInterViewQuestions.java:477)
at programming.JavaCodingInterViewQuestions.reverseString(JavaCodingInterViewQuestions.java:477)
at programming.JavaCodingInterViewQuestions.reverseString(JavaCodingInterViewQuestions.java:477)
at programming.JavaCodingInterViewQuestions.reverseString(JavaCodingInterViewQuestions.java:477)
at programming.JavaCodingInterViewQuestions.reverseString(JavaCodingInterViewQuestions.java:477)
at programming.JavaCodingInterViewQuestions.reverseString(JavaCodingInterViewQuestions.java:477)
at programming.JavaCodingInterViewQuestions.reverseString(JavaCodingInterViewQuestions.java:477)
at programming.JavaCodingInterViewQuestions.reverseString(JavaCodingInterViewQuestions.java:477)
at programming.JavaCodingInterViewQuestions.reverseString(JavaCodingInterViewQuestions.java:477)
at programming.JavaCodingInterViewQuestions.reverseString(JavaCodingInterViewQuestions.java:477)
at programming.JavaCodingInterViewQuestions.reverseString(JavaCodingInterViewQuestions.java:477)
at programming.JavaCodingInterViewQuestions.reverseString(JavaCodingInterViewQuestions.java:477)
at programming.JavaCodingInterViewQuestions.reverseString(JavaCodingInterViewQuestions.java:477)
at programming.JavaCodingInterViewQuestions.reverseString(JavaCodingInterViewQuestions.java:477)
at programming.JavaCodingInterViewQuestions.reverseString(JavaCodingInterViewQuestions.java:477)
at programming.JavaCodingInterViewQuestions.reverseString(JavaCodingInterViewQuestions.java:477)
at programming.JavaCodingInterViewQuestions.reverseString(JavaCodingInterViewQuestions.java:477)
at programming.JavaCodingInterViewQuestions.reverseString(JavaCodingInterViewQuestions.java:477)
at programming.JavaCodingInterViewQuestions.reverseString(JavaCodingInterViewQuestions.java:477)
at programming.JavaCodingInterViewQuestions.reverseString(JavaCodingInterViewQuestions.java:477)
at programming.JavaCodingInterViewQuestions.reverseString(JavaCodingInterViewQuestions.java:477)
at programming.JavaCodingInterViewQuestions.reverseString(JavaCodingInterViewQuestions.java:477)
at programming.JavaCodingInterViewQuestions.reverseString(JavaCodingInterViewQuestions.java:477)
at programming.JavaCodingInterViewQuestions.reverseString(JavaCodingInterViewQuestions.java:477)
at programming.JavaCodingInterViewQuestions.reverseString(JavaCodingInterViewQuestions.java:477)
at programming.JavaCodingInterViewQuestions.reverseString(JavaCodingInterViewQuestions.java:477)
at programming.JavaCodingInterViewQuestions.reverseString(JavaCodingInterViewQuestions.java:477)
at programming.JavaCodingInterViewQuestions.reverseString(JavaCodingInterViewQuestions.java:477)
at programming.JavaCodingInterViewQuestions.reverseString(JavaCodingInterViewQuestions.java:477)
at programming.JavaCodingInterViewQuestions.reverseString(JavaCodingInterViewQuestions.java:477)
at programming.JavaCodingInterViewQuestions.reverseString(JavaCodingInterViewQuestions.java:477)
at programming.JavaCodingInterViewQuestions.reverseString(JavaCodingInterViewQuestions.java:477)
at programming.JavaCodingInterViewQuestions.reverseString(JavaCodingInterViewQuestions.java:477)
at programming.JavaCodingInterViewQuestions.reverseString(JavaCodingInterViewQuestions.java:477)
at programming.JavaCodingInterViewQuestions.reverseString(JavaCodingInterViewQuestions.java:477)
at programming.JavaCodingInterViewQuestions.reverseString(JavaCodingInterViewQuestions.java:477)
at programming.JavaCodingInterViewQuestions.reverseString(JavaCodingInterViewQuestions.java:477)
at programming.JavaCodingInterViewQuestions.reverseString(JavaCodingInterViewQuestions.java:477)
at programming.JavaCodingInterViewQuestions.reverseString(JavaCodingInterViewQuestions.java:477)
at programming.JavaCodingInterViewQuestions.reverseString(JavaCodingInterViewQuestions.java:477)
at programming.JavaCodingInterViewQuestions.reverseString(JavaCodingInterViewQuestions.java:477)
at programming.JavaCodingInterViewQuestions.reverseString(JavaCodingInterViewQuestions.java:477)
at programming.JavaCodingInterViewQuestions.reverseString(JavaCodingInterViewQuestions.java:477)
at programming.JavaCodingInterViewQuestions.reverseString(JavaCodingInterViewQuestions.java:477)
at programming.JavaCodingInterViewQuestions.reverseString(JavaCodingInterViewQuestions.java:477)
at programming.JavaCodingInterViewQuestions.reverseString(JavaCodingInterViewQuestions.java:477)
at programming.JavaCodingInterViewQuestions.reverseString(JavaCodingInterViewQuestions.java:477)
at programming.JavaCodingInterViewQuestions.reverseString(JavaCodingInterViewQuestions.java:477)
at programming.JavaCodingInterViewQuestions.reverseString(JavaCodingInterViewQuestions.java:477)
at programming.JavaCodingInterViewQuestions.reverseString(JavaCodingInterViewQuestions.java:477)
at programming.JavaCodingInterViewQuestions.reverseString(JavaCodingInterViewQuestions.java:477)
at programming.JavaCodingInterViewQuestions.reverseString(JavaCodingInterViewQuestions.java:477)
at programming.JavaCodingInterViewQuestions.reverseString(JavaCodingInterViewQuestions.java:477)
at programming.JavaCodingInterViewQuestions.reverseString(JavaCodingInterViewQuestions.java:477)
at programming.JavaCodingInterViewQuestions.reverseString(JavaCodingInterViewQuestions.java:477)
at programming.JavaCodingInterViewQuestions.reverseString(JavaCodingInterViewQuestions.java:477)
at programming.JavaCodingInterViewQuestions.reverseString(JavaCodingInterViewQuestions.java:477)
at programming.JavaCodingInterViewQuestions.reverseString(JavaCodingInterViewQuestions.java:477)
at programming.JavaCodingInterViewQuestions.reverseString(JavaCodingInterViewQuestions.java:477)
at programming.JavaCodingInterViewQuestions.reverseString(JavaCodingInterViewQuestions.java:477)
at programming.JavaCodingInterViewQuestions.reverseString(JavaCodingInterViewQuestions.java:477)
at programming.JavaCodingInterViewQuestions.reverseString(JavaCodingInterViewQuestions.java:477)
at programming.JavaCodingInterViewQuestions.reverseString(JavaCodingInterViewQuestions.java:477)
at programming.JavaCodingInterViewQuestions.reverseString(JavaCodingInterViewQuestions.java:477)
at programming.JavaCodingInterViewQuestions.reverseString(JavaCodingInterViewQuestions.java:477)
at programming.JavaCodingInterViewQuestions.reverseString(JavaCodingInterViewQuestions.java:477)
at programming.JavaCodingInterViewQuestions.reverseString(JavaCodingInterViewQuestions.java:477)
at programming.JavaCodingInterViewQuestions.reverseString(JavaCodingInterViewQuestions.java:477)
at programming.JavaCodingInterViewQuestions.reverseString(JavaCodingInterViewQuestions.java:477)
at programming.JavaCodingInterViewQuestions.reverseString(JavaCodingInterViewQuestions.java:477)
at programming.JavaCodingInterViewQuestions.reverseString(JavaCodingInterViewQuestions.java:477)
at programming.JavaCodingInterViewQuestions.reverseString(JavaCodingInterViewQuestions.java:477)
at programming.JavaCodingInterViewQuestions.reverseString(JavaCodingInterViewQuestions.java:477)
at programming.JavaCodingInterViewQuestions.reverseString(JavaCodingInterViewQuestions.java:477)
at programming.JavaCodingInterViewQuestions.reverseString(JavaCodingInterViewQuestions.java:477)
at programming.JavaCodingInterViewQuestions.reverseString(JavaCodingInterViewQuestions.java:477)
at programming.JavaCodingInterViewQuestions.reverseString(JavaCodingInterViewQuestions.java:477)
at programming.JavaCodingInterViewQuestions.reverseString(JavaCodingInterViewQuestions.java:477)
at programming.JavaCodingInterViewQuestions.reverseString(JavaCodingInterViewQuestions.java:477)
at programming.JavaCodingInterViewQuestions.reverseString(JavaCodingInterViewQuestions.java:477)
at programming.JavaCodingInterViewQuestions.reverseString(JavaCodingInterViewQuestions.java:477)
at programming.JavaCodingInterViewQuestions.reverseString(JavaCodingInterViewQuestions.java:477)
at programming.JavaCodingInterViewQuestions.reverseString(JavaCodingInterViewQuestions.java:477)
at programming.JavaCodingInterViewQuestions.reverseString(JavaCodingInterViewQuestions.java:477)
at programming.JavaCodingInterViewQuestions.reverseString(JavaCodingInterViewQuestions.java:477)
at programming.JavaCodingInterViewQuestions.reverseString(JavaCodingInterViewQuestions.java:477)
at programming.JavaCodingInterViewQuestions.reverseString(JavaCodingInterViewQuestions.java:477)
at programming.JavaCodingInterViewQuestions.reverseString(JavaCodingInterViewQuestions.java:477)
at programming.JavaCodingInterViewQuestions.reverseString(JavaCodingInterViewQuestions.java:477)
at programming.JavaCodingInterViewQuestions.reverseString(JavaCodingInterViewQuestions.java:477)
at programming.JavaCodingInterViewQuestions.reverseString(JavaCodingInterViewQuestions.java:477)
at programming.JavaCodingInterViewQuestions.reverseString(JavaCodingInterViewQuestions.java:477)
at programming.JavaCodingInterViewQuestions.reverseString(JavaCodingInterViewQuestions.java:477)
at programming.JavaCodingInterViewQuestions.reverseString(JavaCodingInterViewQuestions.java:477)
at programming.JavaCodingInterViewQuestions.reverseString(JavaCodingInterViewQuestions.java:477)
at programming.JavaCodingInterViewQuestions.reverseString(JavaCodingInterViewQuestions.java:477)
at programming.JavaCodingInterViewQuestions.reverseString(JavaCodingInterViewQuestions.java:477)
at programming.JavaCodingInterViewQuestions.reverseString(JavaCodingInterViewQuestions.java:477)
at programming.JavaCodingInterViewQuestions.reverseString(JavaCodingInterViewQuestions.java:477)
at programming.JavaCodingInterViewQuestions.reverseString(JavaCodingInterViewQuestions.java:477)
at programming.JavaCodingInterViewQuestions.reverseString(JavaCodingInterViewQuestions.java:477)
at programming.JavaCodingInterViewQuestions.reverseString(JavaCodingInterViewQuestions.java:477)
at programming.JavaCodingInterViewQuestions.reverseString(JavaCodingInterViewQuestions.java:477)
at programming.JavaCodingInterViewQuestions.reverseString(JavaCodingInterViewQuestions.java:477)
at programming.JavaCodingInterViewQuestions.reverseString(JavaCodingInterViewQuestions.java:477)
at programming.JavaCodingInterViewQuestions.reverseString(JavaCodingInterViewQuestions.java:477)
at programming.JavaCodingInterViewQuestions.reverseString(JavaCodingInterViewQuestions.java:477)
at programming.JavaCodingInterViewQuestions.reverseString(JavaCodingInterViewQuestions.java:477)
at programming.JavaCodingInterViewQuestions.reverseString(JavaCodingInterViewQuestions.java:477)
at programming.JavaCodingInterViewQuestions.reverseString(JavaCodingInterViewQuestions.java:477)
at programming.JavaCodingInterViewQuestions.reverseString(JavaCodingInterViewQuestions.java:477)
at programming.JavaCodingInterViewQuestions.reverseString(JavaCodingInterViewQuestions.java:477)
at programming.JavaCodingInterViewQuestions.reverseString(JavaCodingInterViewQuestions.java:477)
at programming.JavaCodingInterViewQuestions.reverseString(JavaCodingInterViewQuestions.java:477)
at programming.JavaCodingInterViewQuestions.reverseString(JavaCodingInterViewQuestions.java:477)
at programming.JavaCodingInterViewQuestions.reverseString(JavaCodingInterViewQuestions.java:477)
at programming.JavaCodingInterViewQuestions.reverseString(JavaCodingInterViewQuestions.java:477)
at programming.JavaCodingInterViewQuestions.reverseString(JavaCodingInterViewQuestions.java:477)
at programming.JavaCodingInterViewQuestions.reverseString(JavaCodingInterViewQuestions.java:477)
at programming.JavaCodingInterViewQuestions.reverseString(JavaCodingInterViewQuestions.java:477)
at programming.JavaCodingInterViewQuestions.reverseString(JavaCodingInterViewQuestions.java:477)
at programming.JavaCodingInterViewQuestions.reverseString(JavaCodingInterViewQuestions.java:477)
at programming.JavaCodingInterViewQuestions.reverseString(JavaCodingInterViewQuestions.java:477)
at programming.JavaCodingInterViewQuestions.reverseString(JavaCodingInterViewQuestions.java:477)
at programming.JavaCodingInterViewQuestions.reverseString(JavaCodingInterViewQuestions.java:477)
at programming.JavaCodingInterViewQuestions.reverseString(JavaCodingInterViewQuestions.java:477)
at programming.JavaCodingInterViewQuestions.reverseString(JavaCodingInterViewQuestions.java:477)
at programming.JavaCodingInterViewQuestions.reverseString(JavaCodingInterViewQuestions.java:477)
at programming.JavaCodingInterViewQuestions.reverseString(JavaCodingInterViewQuestions.java:477)
at programming.JavaCodingInterViewQuestions.reverseString(JavaCodingInterViewQuestions.java:477)
at programming.JavaCodingInterViewQuestions.reverseString(JavaCodingInterViewQuestions.java:477)
at programming.JavaCodingInterViewQuestions.reverseString(JavaCodingInterViewQuestions.java:477)
at programming.JavaCodingInterViewQuestions.reverseString(JavaCodingInterViewQuestions.java:477)
at programming.JavaCodingInterViewQuestions.reverseString(JavaCodingInterViewQuestions.java:477)
at programming.JavaCodingInterViewQuestions.reverseString(JavaCodingInterViewQuestions.java:477)
at programming.JavaCodingInterViewQuestions.reverseString(JavaCodingInterViewQuestions.java:477)
at programming.JavaCodingInterViewQuestions.reverseString(JavaCodingInterViewQuestions.java:477)
at programming.JavaCodingInterViewQuestions.reverseString(JavaCodingInterViewQuestions.java:477)
at programming.JavaCodingInterViewQuestions.reverseString(JavaCodingInterViewQuestions.java:477)
at programming.JavaCodingInterViewQuestions.reverseString(JavaCodingInterViewQuestions.java:477)
at programming.JavaCodingInterViewQuestions.reverseString(JavaCodingInterViewQuestions.java:477)
at programming.JavaCodingInterViewQuestions.reverseString(JavaCodingInterViewQuestions.java:477)
at programming.JavaCodingInterViewQuestions.reverseString(JavaCodingInterViewQuestions.java:477)
at programming.JavaCodingInterViewQuestions.reverseString(JavaCodingInterViewQuestions.java:477)
at programming.JavaCodingInterViewQuestions.reverseString(JavaCodingInterViewQuestions.java:477)
at programming.JavaCodingInterViewQuestions.reverseString(JavaCodingInterViewQuestions.java:477)
at programming.JavaCodingInterViewQuestions.reverseString(JavaCodingInterViewQuestions.java:477)
at programming.JavaCodingInterViewQuestions.reverseString(JavaCodingInterViewQuestions.java:477)
at programming.JavaCodingInterViewQuestions.reverseString(JavaCodingInterViewQuestions.java:477)
at programming.JavaCodingInterViewQuestions.reverseString(JavaCodingInterViewQuestions.java:477)
at programming.JavaCodingInterViewQuestions.reverseString(JavaCodingInterViewQuestions.java:477)
at programming.JavaCodingInterViewQuestions.reverseString(JavaCodingInterViewQuestions.java:477)
at programming.JavaCodingInterViewQuestions.reverseString(JavaCodingInterViewQuestions.java:477)
at programming.JavaCodingInterViewQuestions.reverseString(JavaCodingInterViewQuestions.java:477)
at programming.JavaCodingInterViewQuestions.reverseString(JavaCodingInterViewQuestions.java:477)
at programming.JavaCodingInterViewQuestions.reverseString(JavaCodingInterViewQuestions.java:477)
at programming.JavaCodingInterViewQuestions.reverseString(JavaCodingInterViewQuestions.java:477)
at programming.JavaCodingInterViewQuestions.reverseString(JavaCodingInterViewQuestions.java:477)
at programming.JavaCodingInterViewQuestions.reverseString(JavaCodingInterViewQuestions.java:477)
at programming.JavaCodingInterViewQuestions.reverseString(JavaCodingInterViewQuestions.java:477)
at programming.JavaCodingInterViewQuestions.reverseString(JavaCodingInterViewQuestions.java:477)
at programming.JavaCodingInterViewQuestions.reverseString(JavaCodingInterViewQuestions.java:477)
at programming.JavaCodingInterViewQuestions.reverseString(JavaCodingInterViewQuestions.java:477)
at programming.JavaCodingInterViewQuestions.reverseString(JavaCodingInterViewQuestions.java:477)
at programming.JavaCodingInterViewQuestions.reverseString(JavaCodingInterViewQuestions.java:477)
at programming.JavaCodingInterViewQuestions.reverseString(JavaCodingInterViewQuestions.java:477)
at programming.JavaCodingInterViewQuestions.reverseString(JavaCodingInterViewQuestions.java:477)
at programming.JavaCodingInterViewQuestions.reverseString(JavaCodingInterViewQuestions.java:477)
at programming.JavaCodingInterViewQuestions.reverseString(JavaCodingInterViewQuestions.java:477)
at programming.JavaCodingInterViewQuestions.reverseString(JavaCodingInterViewQuestions.java:477)
at programming.JavaCodingInterViewQuestions.reverseString(JavaCodingInterViewQuestions.java:477)
at programming.JavaCodingInterViewQuestions.reverseString(JavaCodingInterViewQuestions.java:477)
at programming.JavaCodingInterViewQuestions.reverseString(JavaCodingInterViewQuestions.java:477)
at programming.JavaCodingInterViewQuestions.reverseString(JavaCodingInterViewQuestions.java:477)
at programming.JavaCodingInterViewQuestions.reverseString(JavaCodingInterViewQuestions.java:477)
at programming.JavaCodingInterViewQuestions.reverseString(JavaCodingInterViewQuestions.java:477)
at programming.JavaCodingInterViewQuestions.reverseString(JavaCodingInterViewQuestions.java:477)
at programming.JavaCodingInterViewQuestions.reverseString(JavaCodingInterViewQuestions.java:477)
at programming.JavaCodingInterViewQuestions.reverseString(JavaCodingInterViewQuestions.java:477)
at programming.JavaCodingInterViewQuestions.reverseString(JavaCodingInterViewQuestions.java:477)
at programming.JavaCodingInterViewQuestions.reverseString(JavaCodingInterViewQuestions.java:477)
at programming.JavaCodingInterViewQuestions.reverseString(JavaCodingInterViewQuestions.java:477)
at programming.JavaCodingInterViewQuestions.reverseString(JavaCodingInterViewQuestions.java:477)
at programming.JavaCodingInterViewQuestions.reverseString(JavaCodingInterViewQuestions.java:477)
at programming.JavaCodingInterViewQuestions.reverseString(JavaCodingInterViewQuestions.java:477)
at programming.JavaCodingInterViewQuestions.reverseString(JavaCodingInterViewQuestions.java:477)
at programming.JavaCodingInterViewQuestions.reverseString(JavaCodingInterViewQuestions.java:477)
at programming.JavaCodingInterViewQuestions.reverseString(JavaCodingInterViewQuestions.java:477)
at programming.JavaCodingInterViewQuestions.reverseString(JavaCodingInterViewQuestions.java:477)
at programming.JavaCodingInterViewQuestions.reverseString(JavaCodingInterViewQuestions.java:477)
at programming.JavaCodingInterViewQuestions.reverseString(JavaCodingInterViewQuestions.java:477)
at programming.JavaCodingInterViewQuestions.reverseString(JavaCodingInterViewQuestions.java:477)
at programming.JavaCodingInterViewQuestions.reverseString(JavaCodingInterViewQuestions.java:477)
at programming.JavaCodingInterViewQuestions.reverseString(JavaCodingInterViewQuestions.java:477)
at programming.JavaCodingInterViewQuestions.reverseString(JavaCodingInterViewQuestions.java:477)
at programming.JavaCodingInterViewQuestions.reverseString(JavaCodingInterViewQuestions.java:477)
at programming.JavaCodingInterViewQuestions.reverseString(JavaCodingInterViewQuestions.java:477)
at programming.JavaCodingInterViewQuestions.reverseString(JavaCodingInterViewQuestions.java:477)
at programming.JavaCodingInterViewQuestions.reverseString(JavaCodingInterViewQuestions.java:477)
at programming.JavaCodingInterViewQuestions.reverseString(JavaCodingInterViewQuestions.java:477)
at programming.JavaCodingInterViewQuestions.reverseString(JavaCodingInterViewQuestions.java:477)
at programming.JavaCodingInterViewQuestions.reverseString(JavaCodingInterViewQuestions.java:477)
at programming.JavaCodingInterViewQuestions.reverseString(JavaCodingInterViewQuestions.java:477)
at programming.JavaCodingInterViewQuestions.reverseString(JavaCodingInterViewQuestions.java:477)
at programming.JavaCodingInterViewQuestions.reverseString(JavaCodingInterViewQuestions.java:477)
at programming.JavaCodingInterViewQuestions.reverseString(JavaCodingInterViewQuestions.java:477)
at programming.JavaCodingInterViewQuestions.reverseString(JavaCodingInterViewQuestions.java:477)
at programming.JavaCodingInterViewQuestions.reverseString(JavaCodingInterViewQuestions.java:477)
at programming.JavaCodingInterViewQuestions.reverseString(JavaCodingInterViewQuestions.java:477)
at programming.JavaCodingInterViewQuestions.reverseString(JavaCodingInterViewQuestions.java:477)
at programming.JavaCodingInterViewQuestions.reverseString(JavaCodingInterViewQuestions.java:477)
at programming.JavaCodingInterViewQuestions.reverseString(JavaCodingInterViewQuestions.java:477)
at programming.JavaCodingInterViewQuestions.reverseString(JavaCodingInterViewQuestions.java:477)
at programming.JavaCodingInterViewQuestions.reverseString(JavaCodingInterViewQuestions.java:477)
at programming.JavaCodingInterViewQuestions.reverseString(JavaCodingInterViewQuestions.java:477)
at programming.JavaCodingInterViewQuestions.reverseString(JavaCodingInterViewQuestions.java:477)
at programming.JavaCodingInterViewQuestions.reverseString(JavaCodingInterViewQuestions.java:477)
at programming.JavaCodingInterViewQuestions.reverseString(JavaCodingInterViewQuestions.java:477)
at programming.JavaCodingInterViewQuestions.reverseString(JavaCodingInterViewQuestions.java:477)
at programming.JavaCodingInterViewQuestions.reverseString(JavaCodingInterViewQuestions.java:477)
at programming.JavaCodingInterViewQuestions.reverseString(JavaCodingInterViewQuestions.java:477)
at programming.JavaCodingInterViewQuestions.reverseString(JavaCodingInterViewQuestions.java:477)
at programming.JavaCodingInterViewQuestions.reverseString(JavaCodingInterViewQuestions.java:477)
at programming.JavaCodingInterViewQuestions.reverseString(JavaCodingInterViewQuestions.java:477)
at programming.JavaCodingInterViewQuestions.reverseString(JavaCodingInterViewQuestions.java:477)
at programming.JavaCodingInterViewQuestions.reverseString(JavaCodingInterViewQuestions.java:477)
at programming.JavaCodingInterViewQuestions.reverseString(JavaCodingInterViewQuestions.java:477)
at programming.JavaCodingInterViewQuestions.reverseString(JavaCodingInterViewQuestions.java:477)
at programming.JavaCodingInterViewQuestions.reverseString(JavaCodingInterViewQuestions.java:477)
at programming.JavaCodingInterViewQuestions.reverseString(JavaCodingInterViewQuestions.java:477)
at programming.JavaCodingInterViewQuestions.reverseString(JavaCodingInterViewQuestions.java:477)
at programming.JavaCodingInterViewQuestions.reverseString(JavaCodingInterViewQuestions.java:477)
at programming.JavaCodingInterViewQuestions.reverseString(JavaCodingInterViewQuestions.java:477)
at programming.JavaCodingInterViewQuestions.reverseString(JavaCodingInterViewQuestions.java:477)
at programming.JavaCodingInterViewQuestions.reverseString(JavaCodingInterViewQuestions.java:477)
at programming.JavaCodingInterViewQuestions.reverseString(JavaCodingInterViewQuestions.java:477)
at programming.JavaCodingInterViewQuestions.reverseString(JavaCodingInterViewQuestions.java:477)
at programming.JavaCodingInterViewQuestions.reverseString(JavaCodingInterViewQuestions.java:477)
at programming.JavaCodingInterViewQuestions.reverseString(JavaCodingInterViewQuestions.java:477)
at programming.JavaCodingInterViewQuestions.reverseString(JavaCodingInterViewQuestions.java:477)
at programming.JavaCodingInterViewQuestions.reverseString(JavaCodingInterViewQuestions.java:477)
at programming.JavaCodingInterViewQuestions.reverseString(JavaCodingInterViewQuestions.java:477)
at programming.JavaCodingInterViewQuestions.reverseString(JavaCodingInterViewQuestions.java:477)
at programming.JavaCodingInterViewQuestions.reverseString(JavaCodingInterViewQuestions.java:477)
at programming.JavaCodingInterViewQuestions.reverseString(JavaCodingInterViewQuestions.java:477)
at programming.JavaCodingInterViewQuestions.reverseString(JavaCodingInterViewQuestions.java:477)
at programming.JavaCodingInterViewQuestions.reverseString(JavaCodingInterViewQuestions.java:477)
at programming.JavaCodingInterViewQuestions.reverseString(JavaCodingInterViewQuestions.java:477)
at programming.JavaCodingInterViewQuestions.reverseString(JavaCodingInterViewQuestions.java:477)
at programming.JavaCodingInterViewQuestions.reverseString(JavaCodingInterViewQuestions.java:477)
at programming.JavaCodingInterViewQuestions.reverseString(JavaCodingInterViewQuestions.java:477)
at programming.JavaCodingInterViewQuestions.reverseString(JavaCodingInterViewQuestions.java:477)
at programming.JavaCodingInterViewQuestions.reverseString(JavaCodingInterViewQuestions.java:477)
at programming.JavaCodingInterViewQuestions.reverseString(JavaCodingInterViewQuestions.java:477)
at programming.JavaCodingInterViewQuestions.reverseString(JavaCodingInterViewQuestions.java:477)
at programming.JavaCodingInterViewQuestions.reverseString(JavaCodingInterViewQuestions.java:477)
at programming.JavaCodingInterViewQuestions.reverseString(JavaCodingInterViewQuestions.java:477)
at programming.JavaCodingInterViewQuestions.reverseString(JavaCodingInterViewQuestions.java:477)
at programming.JavaCodingInterViewQuestions.reverseString(JavaCodingInterViewQuestions.java:477)
at programming.JavaCodingInterViewQuestions.reverseString(JavaCodingInterViewQuestions.java:477)
at programming.JavaCodingInterViewQuestions.reverseString(JavaCodingInterViewQuestions.java:477)
at programming.JavaCodingInterViewQuestions.reverseString(JavaCodingInterViewQuestions.java:477)
at programming.JavaCodingInterViewQuestions.reverseString(JavaCodingInterViewQuestions.java:477)
at programming.JavaCodingInterViewQuestions.reverseString(JavaCodingInterViewQuestions.java:477)
at programming.JavaCodingInterViewQuestions.reverseString(JavaCodingInterViewQuestions.java:477)
at programming.JavaCodingInterViewQuestions.reverseString(JavaCodingInterViewQuestions.java:477)
at programming.JavaCodingInterViewQuestions.reverseString(JavaCodingInterViewQuestions.java:477)
at programming.JavaCodingInterViewQuestions.reverseString(JavaCodingInterViewQuestions.java:477)
at programming.JavaCodingInterViewQuestions.reverseString(JavaCodingInterViewQuestions.java:477)
at programming.JavaCodingInterViewQuestions.reverseString(JavaCodingInterViewQuestions.java:477)
at programming.JavaCodingInterViewQuestions.reverseString(JavaCodingInterViewQuestions.java:477)
at programming.JavaCodingInterViewQuestions.reverseString(JavaCodingInterViewQuestions.java:477)
at programming.JavaCodingInterViewQuestions.reverseString(JavaCodingInterViewQuestions.java:477)
at programming.JavaCodingInterViewQuestions.reverseString(JavaCodingInterViewQuestions.java:477)
at programming.JavaCodingInterViewQuestions.reverseString(JavaCodingInterViewQuestions.java:477)
at programming.JavaCodingInterViewQuestions.reverseString(JavaCodingInterViewQuestions.java:477)
at programming.JavaCodingInterViewQuestions.reverseString(JavaCodingInterViewQuestions.java:477)
at programming.JavaCodingInterViewQuestions.reverseString(JavaCodingInterViewQuestions.java:477)
at programming.JavaCodingInterViewQuestions.reverseString(JavaCodingInterViewQuestions.java:477)
at programming.JavaCodingInterViewQuestions.reverseString(JavaCodingInterViewQuestions.java:477)
at programming.JavaCodingInterViewQuestions.reverseString(JavaCodingInterViewQuestions.java:477)
at programming.JavaCodingInterViewQuestions.reverseString(JavaCodingInterViewQuestions.java:477)
at programming.JavaCodingInterViewQuestions.reverseString(JavaCodingInterViewQuestions.java:477)
at programming.JavaCodingInterViewQuestions.reverseString(JavaCodingInterViewQuestions.java:477)
at programming.JavaCodingInterViewQuestions.reverseString(JavaCodingInterViewQuestions.java:477)
at programming.JavaCodingInterViewQuestions.reverseString(JavaCodingInterViewQuestions.java:477)
at programming.JavaCodingInterViewQuestions.reverseString(JavaCodingInterViewQuestions.java:477)
at programming.JavaCodingInterViewQuestions.reverseString(JavaCodingInterViewQuestions.java:477)
at programming.JavaCodingInterViewQuestions.reverseString(JavaCodingInterViewQuestions.java:477)
at programming.JavaCodingInterViewQuestions.reverseString(JavaCodingInterViewQuestions.java:477)
at programming.JavaCodingInterViewQuestions.reverseString(JavaCodingInterViewQuestions.java:477)
at programming.JavaCodingInterViewQuestions.reverseString(JavaCodingInterViewQuestions.java:477)
at programming.JavaCodingInterViewQuestions.reverseString(JavaCodingInterViewQuestions.java:477)
at programming.JavaCodingInterViewQuestions.reverseString(JavaCodingInterViewQuestions.java:477)
at programming.JavaCodingInterViewQuestions.reverseString(JavaCodingInterViewQuestions.java:477)
at programming.JavaCodingInterViewQuestions.reverseString(JavaCodingInterViewQuestions.java:477)
at programming.JavaCodingInterViewQuestions.reverseString(JavaCodingInterViewQuestions.java:477)
at programming.JavaCodingInterViewQuestions.reverseString(JavaCodingInterViewQuestions.java:477)
at programming.JavaCodingInterViewQuestions.reverseString(JavaCodingInterViewQuestions.java:477)
at programming.JavaCodingInterViewQuestions.reverseString(JavaCodingInterViewQuestions.java:477)
at programming.JavaCodingInterViewQuestions.reverseString(JavaCodingInterViewQuestions.java:477)
at programming.JavaCodingInterViewQuestions.reverseString(JavaCodingInterViewQuestions.java:477)
at programming.JavaCodingInterViewQuestions.reverseString(JavaCodingInterViewQuestions.java:477)
at programming.JavaCodingInterViewQuestions.reverseString(JavaCodingInterViewQuestions.java:477)
at programming.JavaCodingInterViewQuestions.reverseString(JavaCodingInterViewQuestions.java:477)
at programming.JavaCodingInterViewQuestions.reverseString(JavaCodingInterViewQuestions.java:477)
at programming.JavaCodingInterViewQuestions.reverseString(JavaCodingInterViewQuestions.java:477)
at programming.JavaCodingInterViewQuestions.reverseString(JavaCodingInterViewQuestions.java:477)
at programming.JavaCodingInterViewQuestions.reverseString(JavaCodingInterViewQuestions.java:477)
at programming.JavaCodingInterViewQuestions.reverseString(JavaCodingInterViewQuestions.java:477)
at programming.JavaCodingInterViewQuestions.reverseString(JavaCodingInterViewQuestions.java:477)
at programming.JavaCodingInterViewQuestions.reverseString(JavaCodingInterViewQuestions.java:477)
at programming.JavaCodingInterViewQuestions.reverseString(JavaCodingInterViewQuestions.java:477)
at programming.JavaCodingInterViewQuestions.reverseString(JavaCodingInterViewQuestions.java:477)
at programming.JavaCodingInterViewQuestions.reverseString(JavaCodingInterViewQuestions.java:477)
at programming.JavaCodingInterViewQuestions.reverseString(JavaCodingInterViewQuestions.java:477)
at programming.JavaCodingInterViewQuestions.reverseString(JavaCodingInterViewQuestions.java:477)
at programming.JavaCodingInterViewQuestions.reverseString(JavaCodingInterViewQuestions.java:477)
at programming.JavaCodingInterViewQuestions.reverseString(JavaCodingInterViewQuestions.java:477)
at programming.JavaCodingInterViewQuestions.reverseString(JavaCodingInterViewQuestions.java:477)
at programming.JavaCodingInterViewQuestions.reverseString(JavaCodingInterViewQuestions.java:477)
at programming.JavaCodingInterViewQuestions.reverseString(JavaCodingInterViewQuestions.java:477)
at programming.JavaCodingInterViewQuestions.reverseString(JavaCodingInterViewQuestions.java:477)
at programming.JavaCodingInterViewQuestions.reverseString(JavaCodingInterViewQuestions.java:477)
at programming.JavaCodingInterViewQuestions.reverseString(JavaCodingInterViewQuestions.java:477)
at programming.JavaCodingInterViewQuestions.reverseString(JavaCodingInterViewQuestions.java:477)
at programming.JavaCodingInterViewQuestions.reverseString(JavaCodingInterViewQuestions.java:477)
at programming.JavaCodingInterViewQuestions.reverseString(JavaCodingInterViewQuestions.java:477)
at programming.JavaCodingInterViewQuestions.reverseString(JavaCodingInterViewQuestions.java:477)
at programming.JavaCodingInterViewQuestions.reverseString(JavaCodingInterViewQuestions.java:477)
at programming.JavaCodingInterViewQuestions.reverseString(JavaCodingInterViewQuestions.java:477)
at programming.JavaCodingInterViewQuestions.reverseString(JavaCodingInterViewQuestions.java:477)
at programming.JavaCodingInterViewQuestions.reverseString(JavaCodingInterViewQuestions.java:477)
at programming.JavaCodingInterViewQuestions.reverseString(JavaCodingInterViewQuestions.java:477)
at programming.JavaCodingInterViewQuestions.reverseString(JavaCodingInterViewQuestions.java:477)
at programming.JavaCodingInterViewQuestions.reverseString(JavaCodingInterViewQuestions.java:477)
at programming.JavaCodingInterViewQuestions.reverseString(JavaCodingInterViewQuestions.java:477)
at programming.JavaCodingInterViewQuestions.reverseString(JavaCodingInterViewQuestions.java:477)
at programming.JavaCodingInterViewQuestions.reverseString(JavaCodingInterViewQuestions.java:477)
at programming.JavaCodingInterViewQuestions.reverseString(JavaCodingInterViewQuestions.java:477)
at programming.JavaCodingInterViewQuestions.reverseString(JavaCodingInterViewQuestions.java:477)
at programming.JavaCodingInterViewQuestions.reverseString(JavaCodingInterViewQuestions.java:477)
at programming.JavaCodingInterViewQuestions.reverseString(JavaCodingInterViewQuestions.java:477)
at programming.JavaCodingInterViewQuestions.reverseString(JavaCodingInterViewQuestions.java:477)
at programming.JavaCodingInterViewQuestions.reverseString(JavaCodingInterViewQuestions.java:477)
at programming.JavaCodingInterViewQuestions.reverseString(JavaCodingInterViewQuestions.java:477)
at programming.JavaCodingInterViewQuestions.reverseString(JavaCodingInterViewQuestions.java:477)
at programming.JavaCodingInterViewQuestions.reverseString(JavaCodingInterViewQuestions.java:477)
at programming.JavaCodingInterViewQuestions.reverseString(JavaCodingInterViewQuestions.java:477)
at programming.JavaCodingInterViewQuestions.reverseString(JavaCodingInterViewQuestions.java:477)
at programming.JavaCodingInterViewQuestions.reverseString(JavaCodingInterViewQuestions.java:477)
at programming.JavaCodingInterViewQuestions.reverseString(JavaCodingInterViewQuestions.java:477)
at programming.JavaCodingInterViewQuestions.reverseString(JavaCodingInterViewQuestions.java:477)
at programming.JavaCodingInterViewQuestions.reverseString(JavaCodingInterViewQuestions.java:477)
at programming.JavaCodingInterViewQuestions.reverseString(JavaCodingInterViewQuestions.java:477)
at programming.JavaCodingInterViewQuestions.reverseString(JavaCodingInterViewQuestions.java:477)
at programming.JavaCodingInterViewQuestions.reverseString(JavaCodingInterViewQuestions.java:477)
at programming.JavaCodingInterViewQuestions.reverseString(JavaCodingInterViewQuestions.java:477)
at programming.JavaCodingInterViewQuestions.reverseString(JavaCodingInterViewQuestions.java:477)
at programming.JavaCodingInterViewQuestions.reverseString(JavaCodingInterViewQuestions.java:477)
at programming.JavaCodingInterViewQuestions.reverseString(JavaCodingInterViewQuestions.java:477)
at programming.JavaCodingInterViewQuestions.reverseString(JavaCodingInterViewQuestions.java:477)
at programming.JavaCodingInterViewQuestions.reverseString(JavaCodingInterViewQuestions.java:477)
at programming.JavaCodingInterViewQuestions.reverseString(JavaCodingInterViewQuestions.java:477)
at programming.JavaCodingInterViewQuestions.reverseString(JavaCodingInterViewQuestions.java:477)
at programming.JavaCodingInterViewQuestions.reverseString(JavaCodingInterViewQuestions.java:477)
at programming.JavaCodingInterViewQuestions.reverseString(JavaCodingInterViewQuestions.java:477)
at programming.JavaCodingInterViewQuestions.reverseString(JavaCodingInterViewQuestions.java:477)
at programming.JavaCodingInterViewQuestions.reverseString(JavaCodingInterViewQuestions.java:477)
at programming.JavaCodingInterViewQuestions.reverseString(JavaCodingInterViewQuestions.java:477)
at programming.JavaCodingInterViewQuestions.reverseString(JavaCodingInterViewQuestions.java:477)
at programming.JavaCodingInterViewQuestions.reverseString(JavaCodingInterViewQuestions.java:477)
at programming.JavaCodingInterViewQuestions.reverseString(JavaCodingInterViewQuestions.java:477)
at programming.JavaCodingInterViewQuestions.reverseString(JavaCodingInterViewQuestions.java:477)
at programming.JavaCodingInterViewQuestions.reverseString(JavaCodingInterViewQuestions.java:477)
at programming.JavaCodingInterViewQuestions.reverseString(JavaCodingInterViewQuestions.java:477)
at programming.JavaCodingInterViewQuestions.reverseString(JavaCodingInterViewQuestions.java:477)
at programming.JavaCodingInterViewQuestions.reverseString(JavaCodingInterViewQuestions.java:477)
at programming.JavaCodingInterViewQuestions.reverseString(JavaCodingInterViewQuestions.java:477)
at programming.JavaCodingInterViewQuestions.reverseString(JavaCodingInterViewQuestions.java:477)
at programming.JavaCodingInterViewQuestions.reverseString(JavaCodingInterViewQuestions.java:477)
at programming.JavaCodingInterViewQuestions.reverseString(JavaCodingInterViewQuestions.java:477)
at programming.JavaCodingInterViewQuestions.reverseString(JavaCodingInterViewQuestions.java:477)
at programming.JavaCodingInterViewQuestions.reverseString(JavaCodingInterViewQuestions.java:477)
at programming.JavaCodingInterViewQuestions.reverseString(JavaCodingInterViewQuestions.java:477)
at programming.JavaCodingInterViewQuestions.reverseString(JavaCodingInterViewQuestions.java:477)
at programming.JavaCodingInterViewQuestions.reverseString(JavaCodingInterViewQuestions.java:477)
at programming.JavaCodingInterViewQuestions.reverseString(JavaCodingInterViewQuestions.java:477)
at programming.JavaCodingInterViewQuestions.reverseString(JavaCodingInterViewQuestions.java:477)
at programming.JavaCodingInterViewQuestions.reverseString(JavaCodingInterViewQuestions.java:477)
at programming.JavaCodingInterViewQuestions.reverseString(JavaCodingInterViewQuestions.java:477)
at programming.JavaCodingInterViewQuestions.reverseString(JavaCodingInterViewQuestions.java:477)
at programming.JavaCodingInterViewQuestions.reverseString(JavaCodingInterViewQuestions.java:477)
at programming.JavaCodingInterViewQuestions.reverseString(JavaCodingInterViewQuestions.java:477)
at programming.JavaCodingInterViewQuestions.reverseString(JavaCodingInterViewQuestions.java:477)
at programming.JavaCodingInterViewQuestions.reverseString(JavaCodingInterViewQuestions.java:477)
at programming.JavaCodingInterViewQuestions.reverseString(JavaCodingInterViewQuestions.java:477)
at programming.JavaCodingInterViewQuestions.reverseString(JavaCodingInterViewQuestions.java:477)
at programming.JavaCodingInterViewQuestions.reverseString(JavaCodingInterViewQuestions.java:477)
at programming.JavaCodingInterViewQuestions.reverseString(JavaCodingInterViewQuestions.java:477)
at programming.JavaCodingInterViewQuestions.reverseString(JavaCodingInterViewQuestions.java:477)
at programming.JavaCodingInterViewQuestions.reverseString(JavaCodingInterViewQuestions.java:477)
at programming.JavaCodingInterViewQuestions.reverseString(JavaCodingInterViewQuestions.java:477)
at programming.JavaCodingInterViewQuestions.reverseString(JavaCodingInterViewQuestions.java:477)
at programming.JavaCodingInterViewQuestions.reverseString(JavaCodingInterViewQuestions.java:477)
at programming.JavaCodingInterViewQuestions.reverseString(JavaCodingInterViewQuestions.java:477)
at programming.JavaCodingInterViewQuestions.reverseString(JavaCodingInterViewQuestions.java:477)
at programming.JavaCodingInterViewQuestions.reverseString(JavaCodingInterViewQuestions.java:477)
at programming.JavaCodingInterViewQuestions.reverseString(JavaCodingInterViewQuestions.java:477)
at programming.JavaCodingInterViewQuestions.reverseString(JavaCodingInterViewQuestions.java:477)
at programming.JavaCodingInterViewQuestions.reverseString(JavaCodingInterViewQuestions.java:477)
at programming.JavaCodingInterViewQuestions.reverseString(JavaCodingInterViewQuestions.java:477)
at programming.JavaCodingInterViewQuestions.reverseString(JavaCodingInterViewQuestions.java:477)
at programming.JavaCodingInterViewQuestions.reverseString(JavaCodingInterViewQuestions.java:477)
at programming.JavaCodingInterViewQuestions.reverseString(JavaCodingInterViewQuestions.java:477)
at programming.JavaCodingInterViewQuestions.reverseString(JavaCodingInterViewQuestions.java:477)
]]>
    </failure>
  </testcase> <!-- reverseStringUsingRecursion -->
</testsuite> <!-- Default test -->
