<?xml version="1.0" encoding="UTF-8"?>
<testng-results ignored="0" total="1" passed="0" failed="1" skipped="0">
  <reporter-output>
  </reporter-output>
  <suite started-at="2023-08-06T15:51:59 IST" name="Default suite" finished-at="2023-08-06T15:52:02 IST" duration-ms="3176">
    <groups>
    </groups>
    <test started-at="2023-08-06T15:51:59 IST" name="Default test" finished-at="2023-08-06T15:52:02 IST" duration-ms="3176">
      <class name="programming.JavaCodingInterViewQuestions">
        <test-method signature="reverseStringUsingRecursion()[pri:0, instance:programming.JavaCodingInterViewQuestions@7671cb68]" started-at="2023-08-06T15:51:59 IST" name="reverseStringUsingRecursion" finished-at="2023-08-06T15:52:02 IST" duration-ms="3027" status="FAIL">
          <exception class="java.lang.StackOverflowError">
            <full-stacktrace>
              <![CDATA[java.lang.StackOverflowError
at java.base/java.lang.StringBuilder.append(StringBuilder.java:179)
at java.base/java.lang.StringBuilder.append(StringBuilder.java:91)
at java.base/java.lang.AbstractStringBuilder.<init>(AbstractStringBuilder.java:124)
at java.base/java.lang.StringBuilder.<init>(StringBuilder.java:131)
at programming.JavaCodingInterViewQuestions.reverseString(JavaCodingInterViewQuestions.java:477)
at programming.JavaCodingInterViewQuestions.reverseString(JavaCodingInterViewQuestions.java:477)
at programming.JavaCodingInterViewQuestions.reverseString(JavaCodingInterViewQuestions.java:477)
at programming.JavaCodingInterViewQuestions.reverseString(JavaCodingInterViewQuestions.java:477)
at programming.JavaCodingInterViewQuestions.reverseString(JavaCodingInterViewQuestions.java:477)
at programming.JavaCodingInterViewQuestions.reverseString(JavaCodingInterViewQuestions.java:477)
at programming.JavaCodingInterViewQuestions.reverseString(JavaCodingInterViewQuestions.java:477)
at programming.JavaCodingInterViewQuestions.reverseString(JavaCodingInterViewQuestions.java:477)
at programming.JavaCodingInterViewQuestions.reverseString(JavaCodingInterViewQuestions.java:477)
at programming.JavaCodingInterViewQuestions.reverseString(JavaCodingInterViewQuestions.java:477)
at programming.JavaCodingInterViewQuestions.reverseString(JavaCodingInterViewQuestions.java:477)
at programming.JavaCodingInterViewQuestions.reverseString(JavaCodingInterViewQuestions.java:477)
at programming.JavaCodingInterViewQuestions.reverseString(JavaCodingInterViewQuestions.java:477)
at programming.JavaCodingInterViewQuestions.reverseString(JavaCodingInterViewQuestions.java:477)
at programming.JavaCodingInterViewQuestions.reverseString(JavaCodingInterViewQuestions.java:477)
at programming.JavaCodingInterViewQuestions.reverseString(JavaCodingInterViewQuestions.java:477)
at programming.JavaCodingInterViewQuestions.reverseString(JavaCodingInterViewQuestions.java:477)
at programming.JavaCodingInterViewQuestions.reverseString(JavaCodingInterViewQuestions.java:477)
at programming.JavaCodingInterViewQuestions.reverseString(JavaCodingInterViewQuestions.java:477)
at programming.JavaCodingInterViewQuestions.reverseString(JavaCodingInterViewQuestions.java:477)
at programming.JavaCodingInterViewQuestions.reverseString(JavaCodingInterViewQuestions.java:477)
at programming.JavaCodingInterViewQuestions.reverseString(JavaCodingInterViewQuestions.java:477)
at programming.JavaCodingInterViewQuestions.reverseString(JavaCodingInterViewQuestions.java:477)
at programming.JavaCodingInterViewQuestions.reverseString(JavaCodingInterViewQuestions.java:477)
at programming.JavaCodingInterViewQuestions.reverseString(JavaCodingInterViewQuestions.java:477)
at programming.JavaCodingInterViewQuestions.reverseString(JavaCodingInterViewQuestions.java:477)
at programming.JavaCodingInterViewQuestions.reverseString(JavaCodingInterViewQuestions.java:477)
at programming.JavaCodingInterViewQuestions.reverseString(JavaCodingInterViewQuestions.java:477)
at programming.JavaCodingInterViewQuestions.reverseString(JavaCodingInterViewQuestions.java:477)
at programming.JavaCodingInterViewQuestions.reverseString(JavaCodingInterViewQuestions.java:477)
at programming.JavaCodingInterViewQuestions.reverseString(JavaCodingInterViewQuestions.java:477)
at programming.JavaCodingInterViewQuestions.reverseString(JavaCodingInterViewQuestions.java:477)
at programming.JavaCodingInterViewQuestions.reverseString(JavaCodingInterViewQuestions.java:477)
at programming.JavaCodingInterViewQuestions.reverseString(JavaCodingInterViewQuestions.java:477)
at programming.JavaCodingInterViewQuestions.reverseString(JavaCodingInterViewQuestions.java:477)
at programming.JavaCodingInterViewQuestions.reverseString(JavaCodingInterViewQuestions.java:477)
at programming.JavaCodingInterViewQuestions.reverseString(JavaCodingInterViewQuestions.java:477)
at programming.JavaCodingInterViewQuestions.reverseString(JavaCodingInterViewQuestions.java:477)
at programming.JavaCodingInterViewQuestions.reverseString(JavaCodingInterViewQuestions.java:477)
at programming.JavaCodingInterViewQuestions.reverseString(JavaCodingInterViewQuestions.java:477)
at programming.JavaCodingInterViewQuestions.reverseString(JavaCodingInterViewQuestions.java:477)
at programming.JavaCodingInterViewQuestions.reverseString(JavaCodingInterViewQuestions.java:477)
at programming.JavaCodingInterViewQuestions.reverseString(JavaCodingInterViewQuestions.java:477)
at programming.JavaCodingInterViewQuestions.reverseString(JavaCodingInterViewQuestions.java:477)
at programming.JavaCodingInterViewQuestions.reverseString(JavaCodingInterViewQuestions.java:477)
at programming.JavaCodingInterViewQuestions.reverseString(JavaCodingInterViewQuestions.java:477)
at programming.JavaCodingInterViewQuestions.reverseString(JavaCodingInterViewQuestions.java:477)
at programming.JavaCodingInterViewQuestions.reverseString(JavaCodingInterViewQuestions.java:477)
at programming.JavaCodingInterViewQuestions.reverseString(JavaCodingInterViewQuestions.java:477)
at programming.JavaCodingInterViewQuestions.reverseString(JavaCodingInterViewQuestions.java:477)
at programming.JavaCodingInterViewQuestions.reverseString(JavaCodingInterViewQuestions.java:477)
at programming.JavaCodingInterViewQuestions.reverseString(JavaCodingInterViewQuestions.java:477)
at programming.JavaCodingInterViewQuestions.reverseString(JavaCodingInterViewQuestions.java:477)
at programming.JavaCodingInterViewQuestions.reverseString(JavaCodingInterViewQuestions.java:477)
at programming.JavaCodingInterViewQuestions.reverseString(JavaCodingInterViewQuestions.java:477)
at programming.JavaCodingInterViewQuestions.reverseString(JavaCodingInterViewQuestions.java:477)
at programming.JavaCodingInterViewQuestions.reverseString(JavaCodingInterViewQuestions.java:477)
at programming.JavaCodingInterViewQuestions.reverseString(JavaCodingInterViewQuestions.java:477)
at programming.JavaCodingInterViewQuestions.reverseString(JavaCodingInterViewQuestions.java:477)
at programming.JavaCodingInterViewQuestions.reverseString(JavaCodingInterViewQuestions.java:477)
at programming.JavaCodingInterViewQuestions.reverseString(JavaCodingInterViewQuestions.java:477)
at programming.JavaCodingInterViewQuestions.reverseString(JavaCodingInterViewQuestions.java:477)
at programming.JavaCodingInterViewQuestions.reverseString(JavaCodingInterViewQuestions.java:477)
at programming.JavaCodingInterViewQuestions.reverseString(JavaCodingInterViewQuestions.java:477)
at programming.JavaCodingInterViewQuestions.reverseString(JavaCodingInterViewQuestions.java:477)
at programming.JavaCodingInterViewQuestions.reverseString(JavaCodingInterViewQuestions.java:477)
at programming.JavaCodingInterViewQuestions.reverseString(JavaCodingInterViewQuestions.java:477)
at programming.JavaCodingInterViewQuestions.reverseString(JavaCodingInterViewQuestions.java:477)
at programming.JavaCodingInterViewQuestions.reverseString(JavaCodingInterViewQuestions.java:477)
at programming.JavaCodingInterViewQuestions.reverseString(JavaCodingInterViewQuestions.java:477)
at programming.JavaCodingInterViewQuestions.reverseString(JavaCodingInterViewQuestions.java:477)
at programming.JavaCodingInterViewQuestions.reverseString(JavaCodingInterViewQuestions.java:477)
at programming.JavaCodingInterViewQuestions.reverseString(JavaCodingInterViewQuestions.java:477)
at programming.JavaCodingInterViewQuestions.reverseString(JavaCodingInterViewQuestions.java:477)
at programming.JavaCodingInterViewQuestions.reverseString(JavaCodingInterViewQuestions.java:477)
at programming.JavaCodingInterViewQuestions.reverseString(JavaCodingInterViewQuestions.java:477)
at programming.JavaCodingInterViewQuestions.reverseString(JavaCodingInterViewQuestions.java:477)
at programming.JavaCodingInterViewQuestions.reverseString(JavaCodingInterViewQuestions.java:477)
at programming.JavaCodingInterViewQuestions.reverseString(JavaCodingInterViewQuestions.java:477)
at programming.JavaCodingInterViewQuestions.reverseString(JavaCodingInterViewQuestions.java:477)
at programming.JavaCodingInterViewQuestions.reverseString(JavaCodingInterViewQuestions.java:477)
at programming.JavaCodingInterViewQuestions.reverseString(JavaCodingInterViewQuestions.java:477)
at programming.JavaCodingInterViewQuestions.reverseString(JavaCodingInterViewQuestions.java:477)
at programming.JavaCodingInterViewQuestions.reverseString(JavaCodingInterViewQuestions.java:477)
at programming.JavaCodingInterViewQuestions.reverseString(JavaCodingInterViewQuestions.java:477)
at programming.JavaCodingInterViewQuestions.reverseString(JavaCodingInterViewQuestions.java:477)
at programming.JavaCodingInterViewQuestions.reverseString(JavaCodingInterViewQuestions.java:477)
at programming.JavaCodingInterViewQuestions.reverseString(JavaCodingInterViewQuestions.java:477)
at programming.JavaCodingInterViewQuestions.reverseString(JavaCodingInterViewQuestions.java:477)
at programming.JavaCodingInterViewQuestions.reverseString(JavaCodingInterViewQuestions.java:477)
at programming.JavaCodingInterViewQuestions.reverseString(JavaCodingInterViewQuestions.java:477)
at programming.JavaCodingInterViewQuestions.reverseString(JavaCodingInterViewQuestions.java:477)
at programming.JavaCodingInterViewQuestions.reverseString(JavaCodingInterViewQuestions.java:477)
at programming.JavaCodingInterViewQuestions.reverseString(JavaCodingInterViewQuestions.java:477)
at programming.JavaCodingInterViewQuestions.reverseString(JavaCodingInterViewQuestions.java:477)
at programming.JavaCodingInterViewQuestions.reverseString(JavaCodingInterViewQuestions.java:477)
at programming.JavaCodingInterViewQuestions.reverseString(JavaCodingInterViewQuestions.java:477)
at programming.JavaCodingInterViewQuestions.reverseString(JavaCodingInterViewQuestions.java:477)
at programming.JavaCodingInterViewQuestions.reverseString(JavaCodingInterViewQuestions.java:477)
at programming.JavaCodingInterViewQuestions.reverseString(JavaCodingInterViewQuestions.java:477)
at programming.JavaCodingInterViewQuestions.reverseString(JavaCodingInterViewQuestions.java:477)
at programming.JavaCodingInterViewQuestions.reverseString(JavaCodingInterViewQuestions.java:477)
at programming.JavaCodingInterViewQuestions.reverseString(JavaCodingInterViewQuestions.java:477)
at programming.JavaCodingInterViewQuestions.reverseString(JavaCodingInterViewQuestions.java:477)
at programming.JavaCodingInterViewQuestions.reverseString(JavaCodingInterViewQuestions.java:477)
at programming.JavaCodingInterViewQuestions.reverseString(JavaCodingInterViewQuestions.java:477)
at programming.JavaCodingInterViewQuestions.reverseString(JavaCodingInterViewQuestions.java:477)
at programming.JavaCodingInterViewQuestions.reverseString(JavaCodingInterViewQuestions.java:477)
at programming.JavaCodingInterViewQuestions.reverseString(JavaCodingInterViewQuestions.java:477)
at programming.JavaCodingInterViewQuestions.reverseString(JavaCodingInterViewQuestions.java:477)
at programming.JavaCodingInterViewQuestions.reverseString(JavaCodingInterViewQuestions.java:477)
at programming.JavaCodingInterViewQuestions.reverseString(JavaCodingInterViewQuestions.java:477)
at programming.JavaCodingInterViewQuestions.reverseString(JavaCodingInterViewQuestions.java:477)
at programming.JavaCodingInterViewQuestions.reverseString(JavaCodingInterViewQuestions.java:477)
at programming.JavaCodingInterViewQuestions.reverseString(JavaCodingInterViewQuestions.java:477)
at programming.JavaCodingInterViewQuestions.reverseString(JavaCodingInterViewQuestions.java:477)
at programming.JavaCodingInterViewQuestions.reverseString(JavaCodingInterViewQuestions.java:477)
at programming.JavaCodingInterViewQuestions.reverseString(JavaCodingInterViewQuestions.java:477)
at programming.JavaCodingInterViewQuestions.reverseString(JavaCodingInterViewQuestions.java:477)
at programming.JavaCodingInterViewQuestions.reverseString(JavaCodingInterViewQuestions.java:477)
at programming.JavaCodingInterViewQuestions.reverseString(JavaCodingInterViewQuestions.java:477)
at programming.JavaCodingInterViewQuestions.reverseString(JavaCodingInterViewQuestions.java:477)
at programming.JavaCodingInterViewQuestions.reverseString(JavaCodingInterViewQuestions.java:477)
at programming.JavaCodingInterViewQuestions.reverseString(JavaCodingInterViewQuestions.java:477)
at programming.JavaCodingInterViewQuestions.reverseString(JavaCodingInterViewQuestions.java:477)
at programming.JavaCodingInterViewQuestions.reverseString(JavaCodingInterViewQuestions.java:477)
at programming.JavaCodingInterViewQuestions.reverseString(JavaCodingInterViewQuestions.java:477)
at programming.JavaCodingInterViewQuestions.reverseString(JavaCodingInterViewQuestions.java:477)
at programming.JavaCodingInterViewQuestions.reverseString(JavaCodingInterViewQuestions.java:477)
at programming.JavaCodingInterViewQuestions.reverseString(JavaCodingInterViewQuestions.java:477)
at programming.JavaCodingInterViewQuestions.reverseString(JavaCodingInterViewQuestions.java:477)
at programming.JavaCodingInterViewQuestions.reverseString(JavaCodingInterViewQuestions.java:477)
at programming.JavaCodingInterViewQuestions.reverseString(JavaCodingInterViewQuestions.java:477)
at programming.JavaCodingInterViewQuestions.reverseString(JavaCodingInterViewQuestions.java:477)
at programming.JavaCodingInterViewQuestions.reverseString(JavaCodingInterViewQuestions.java:477)
at programming.JavaCodingInterViewQuestions.reverseString(JavaCodingInterViewQuestions.java:477)
at programming.JavaCodingInterViewQuestions.reverseString(JavaCodingInterViewQuestions.java:477)
at programming.JavaCodingInterViewQuestions.reverseString(JavaCodingInterViewQuestions.java:477)
at programming.JavaCodingInterViewQuestions.reverseString(JavaCodingInterViewQuestions.java:477)
at programming.JavaCodingInterViewQuestions.reverseString(JavaCodingInterViewQuestions.java:477)
at programming.JavaCodingInterViewQuestions.reverseString(JavaCodingInterViewQuestions.java:477)
at programming.JavaCodingInterViewQuestions.reverseString(JavaCodingInterViewQuestions.java:477)
at programming.JavaCodingInterViewQuestions.reverseString(JavaCodingInterViewQuestions.java:477)
at programming.JavaCodingInterViewQuestions.reverseString(JavaCodingInterViewQuestions.java:477)
at programming.JavaCodingInterViewQuestions.reverseString(JavaCodingInterViewQuestions.java:477)
at programming.JavaCodingInterViewQuestions.reverseString(JavaCodingInterViewQuestions.java:477)
at programming.JavaCodingInterViewQuestions.reverseString(JavaCodingInterViewQuestions.java:477)
at programming.JavaCodingInterViewQuestions.reverseString(JavaCodingInterViewQuestions.java:477)
at programming.JavaCodingInterViewQuestions.reverseString(JavaCodingInterViewQuestions.java:477)
at programming.JavaCodingInterViewQuestions.reverseString(JavaCodingInterViewQuestions.java:477)
at programming.JavaCodingInterViewQuestions.reverseString(JavaCodingInterViewQuestions.java:477)
at programming.JavaCodingInterViewQuestions.reverseString(JavaCodingInterViewQuestions.java:477)
at programming.JavaCodingInterViewQuestions.reverseString(JavaCodingInterViewQuestions.java:477)
at programming.JavaCodingInterViewQuestions.reverseString(JavaCodingInterViewQuestions.java:477)
at programming.JavaCodingInterViewQuestions.reverseString(JavaCodingInterViewQuestions.java:477)
at programming.JavaCodingInterViewQuestions.reverseString(JavaCodingInterViewQuestions.java:477)
at programming.JavaCodingInterViewQuestions.reverseString(JavaCodingInterViewQuestions.java:477)
at programming.JavaCodingInterViewQuestions.reverseString(JavaCodingInterViewQuestions.java:477)
at programming.JavaCodingInterViewQuestions.reverseString(JavaCodingInterViewQuestions.java:477)
at programming.JavaCodingInterViewQuestions.reverseString(JavaCodingInterViewQuestions.java:477)
at programming.JavaCodingInterViewQuestions.reverseString(JavaCodingInterViewQuestions.java:477)
at programming.JavaCodingInterViewQuestions.reverseString(JavaCodingInterViewQuestions.java:477)
at programming.JavaCodingInterViewQuestions.reverseString(JavaCodingInterViewQuestions.java:477)
at programming.JavaCodingInterViewQuestions.reverseString(JavaCodingInterViewQuestions.java:477)
at programming.JavaCodingInterViewQuestions.reverseString(JavaCodingInterViewQuestions.java:477)
at programming.JavaCodingInterViewQuestions.reverseString(JavaCodingInterViewQuestions.java:477)
at programming.JavaCodingInterViewQuestions.reverseString(JavaCodingInterViewQuestions.java:477)
at programming.JavaCodingInterViewQuestions.reverseString(JavaCodingInterViewQuestions.java:477)
at programming.JavaCodingInterViewQuestions.reverseString(JavaCodingInterViewQuestions.java:477)
at programming.JavaCodingInterViewQuestions.reverseString(JavaCodingInterViewQuestions.java:477)
at programming.JavaCodingInterViewQuestions.reverseString(JavaCodingInterViewQuestions.java:477)
at programming.JavaCodingInterViewQuestions.reverseString(JavaCodingInterViewQuestions.java:477)
at programming.JavaCodingInterViewQuestions.reverseString(JavaCodingInterViewQuestions.java:477)
at programming.JavaCodingInterViewQuestions.reverseString(JavaCodingInterViewQuestions.java:477)
at programming.JavaCodingInterViewQuestions.reverseString(JavaCodingInterViewQuestions.java:477)
at programming.JavaCodingInterViewQuestions.reverseString(JavaCodingInterViewQuestions.java:477)
at programming.JavaCodingInterViewQuestions.reverseString(JavaCodingInterViewQuestions.java:477)
at programming.JavaCodingInterViewQuestions.reverseString(JavaCodingInterViewQuestions.java:477)
at programming.JavaCodingInterViewQuestions.reverseString(JavaCodingInterViewQuestions.java:477)
at programming.JavaCodingInterViewQuestions.reverseString(JavaCodingInterViewQuestions.java:477)
at programming.JavaCodingInterViewQuestions.reverseString(JavaCodingInterViewQuestions.java:477)
at programming.JavaCodingInterViewQuestions.reverseString(JavaCodingInterViewQuestions.java:477)
at programming.JavaCodingInterViewQuestions.reverseString(JavaCodingInterViewQuestions.java:477)
at programming.JavaCodingInterViewQuestions.reverseString(JavaCodingInterViewQuestions.java:477)
at programming.JavaCodingInterViewQuestions.reverseString(JavaCodingInterViewQuestions.java:477)
at programming.JavaCodingInterViewQuestions.reverseString(JavaCodingInterViewQuestions.java:477)
at programming.JavaCodingInterViewQuestions.reverseString(JavaCodingInterViewQuestions.java:477)
at programming.JavaCodingInterViewQuestions.reverseString(JavaCodingInterViewQuestions.java:477)
at programming.JavaCodingInterViewQuestions.reverseString(JavaCodingInterViewQuestions.java:477)
at programming.JavaCodingInterViewQuestions.reverseString(JavaCodingInterViewQuestions.java:477)
at programming.JavaCodingInterViewQuestions.reverseString(JavaCodingInterViewQuestions.java:477)
at programming.JavaCodingInterViewQuestions.reverseString(JavaCodingInterViewQuestions.java:477)
at programming.JavaCodingInterViewQuestions.reverseString(JavaCodingInterViewQuestions.java:477)
at programming.JavaCodingInterViewQuestions.reverseString(JavaCodingInterViewQuestions.java:477)
at programming.JavaCodingInterViewQuestions.reverseString(JavaCodingInterViewQuestions.java:477)
at programming.JavaCodingInterViewQuestions.reverseString(JavaCodingInterViewQuestions.java:477)
at programming.JavaCodingInterViewQuestions.reverseString(JavaCodingInterViewQuestions.java:477)
at programming.JavaCodingInterViewQuestions.reverseString(JavaCodingInterViewQuestions.java:477)
at programming.JavaCodingInterViewQuestions.reverseString(JavaCodingInterViewQuestions.java:477)
at programming.JavaCodingInterViewQuestions.reverseString(JavaCodingInterViewQuestions.java:477)
at programming.JavaCodingInterViewQuestions.reverseString(JavaCodingInterViewQuestions.java:477)
at programming.JavaCodingInterViewQuestions.reverseString(JavaCodingInterViewQuestions.java:477)
at programming.JavaCodingInterViewQuestions.reverseString(JavaCodingInterViewQuestions.java:477)
at programming.JavaCodingInterViewQuestions.reverseString(JavaCodingInterViewQuestions.java:477)
at programming.JavaCodingInterViewQuestions.reverseString(JavaCodingInterViewQuestions.java:477)
at programming.JavaCodingInterViewQuestions.reverseString(JavaCodingInterViewQuestions.java:477)
at programming.JavaCodingInterViewQuestions.reverseString(JavaCodingInterViewQuestions.java:477)
at programming.JavaCodingInterViewQuestions.reverseString(JavaCodingInterViewQuestions.java:477)
at programming.JavaCodingInterViewQuestions.reverseString(JavaCodingInterViewQuestions.java:477)
at programming.JavaCodingInterViewQuestions.reverseString(JavaCodingInterViewQuestions.java:477)
at programming.JavaCodingInterViewQuestions.reverseString(JavaCodingInterViewQuestions.java:477)
at programming.JavaCodingInterViewQuestions.reverseString(JavaCodingInterViewQuestions.java:477)
at programming.JavaCodingInterViewQuestions.reverseString(JavaCodingInterViewQuestions.java:477)
at programming.JavaCodingInterViewQuestions.reverseString(JavaCodingInterViewQuestions.java:477)
at programming.JavaCodingInterViewQuestions.reverseString(JavaCodingInterViewQuestions.java:477)
at programming.JavaCodingInterViewQuestions.reverseString(JavaCodingInterViewQuestions.java:477)
at programming.JavaCodingInterViewQuestions.reverseString(JavaCodingInterViewQuestions.java:477)
at programming.JavaCodingInterViewQuestions.reverseString(JavaCodingInterViewQuestions.java:477)
at programming.JavaCodingInterViewQuestions.reverseString(JavaCodingInterViewQuestions.java:477)
at programming.JavaCodingInterViewQuestions.reverseString(JavaCodingInterViewQuestions.java:477)
at programming.JavaCodingInterViewQuestions.reverseString(JavaCodingInterViewQuestions.java:477)
at programming.JavaCodingInterViewQuestions.reverseString(JavaCodingInterViewQuestions.java:477)
at programming.JavaCodingInterViewQuestions.reverseString(JavaCodingInterViewQuestions.java:477)
at programming.JavaCodingInterViewQuestions.reverseString(JavaCodingInterViewQuestions.java:477)
at programming.JavaCodingInterViewQuestions.reverseString(JavaCodingInterViewQuestions.java:477)
at programming.JavaCodingInterViewQuestions.reverseString(JavaCodingInterViewQuestions.java:477)
at programming.JavaCodingInterViewQuestions.reverseString(JavaCodingInterViewQuestions.java:477)
at programming.JavaCodingInterViewQuestions.reverseString(JavaCodingInterViewQuestions.java:477)
at programming.JavaCodingInterViewQuestions.reverseString(JavaCodingInterViewQuestions.java:477)
at programming.JavaCodingInterViewQuestions.reverseString(JavaCodingInterViewQuestions.java:477)
at programming.JavaCodingInterViewQuestions.reverseString(JavaCodingInterViewQuestions.java:477)
at programming.JavaCodingInterViewQuestions.reverseString(JavaCodingInterViewQuestions.java:477)
at programming.JavaCodingInterViewQuestions.reverseString(JavaCodingInterViewQuestions.java:477)
at programming.JavaCodingInterViewQuestions.reverseString(JavaCodingInterViewQuestions.java:477)
at programming.JavaCodingInterViewQuestions.reverseString(JavaCodingInterViewQuestions.java:477)
at programming.JavaCodingInterViewQuestions.reverseString(JavaCodingInterViewQuestions.java:477)
at programming.JavaCodingInterViewQuestions.reverseString(JavaCodingInterViewQuestions.java:477)
at programming.JavaCodingInterViewQuestions.reverseString(JavaCodingInterViewQuestions.java:477)
at programming.JavaCodingInterViewQuestions.reverseString(JavaCodingInterViewQuestions.java:477)
at programming.JavaCodingInterViewQuestions.reverseString(JavaCodingInterViewQuestions.java:477)
at programming.JavaCodingInterViewQuestions.reverseString(JavaCodingInterViewQuestions.java:477)
at programming.JavaCodingInterViewQuestions.reverseString(JavaCodingInterViewQuestions.java:477)
at programming.JavaCodingInterViewQuestions.reverseString(JavaCodingInterViewQuestions.java:477)
at programming.JavaCodingInterViewQuestions.reverseString(JavaCodingInterViewQuestions.java:477)
at programming.JavaCodingInterViewQuestions.reverseString(JavaCodingInterViewQuestions.java:477)
at programming.JavaCodingInterViewQuestions.reverseString(JavaCodingInterViewQuestions.java:477)
at programming.JavaCodingInterViewQuestions.reverseString(JavaCodingInterViewQuestions.java:477)
at programming.JavaCodingInterViewQuestions.reverseString(JavaCodingInterViewQuestions.java:477)
at programming.JavaCodingInterViewQuestions.reverseString(JavaCodingInterViewQuestions.java:477)
at programming.JavaCodingInterViewQuestions.reverseString(JavaCodingInterViewQuestions.java:477)
at programming.JavaCodingInterViewQuestions.reverseString(JavaCodingInterViewQuestions.java:477)
at programming.JavaCodingInterViewQuestions.reverseString(JavaCodingInterViewQuestions.java:477)
at programming.JavaCodingInterViewQuestions.reverseString(JavaCodingInterViewQuestions.java:477)
at programming.JavaCodingInterViewQuestions.reverseString(JavaCodingInterViewQuestions.java:477)
at programming.JavaCodingInterViewQuestions.reverseString(JavaCodingInterViewQuestions.java:477)
at programming.JavaCodingInterViewQuestions.reverseString(JavaCodingInterViewQuestions.java:477)
at programming.JavaCodingInterViewQuestions.reverseString(JavaCodingInterViewQuestions.java:477)
at programming.JavaCodingInterViewQuestions.reverseString(JavaCodingInterViewQuestions.java:477)
at programming.JavaCodingInterViewQuestions.reverseString(JavaCodingInterViewQuestions.java:477)
at programming.JavaCodingInterViewQuestions.reverseString(JavaCodingInterViewQuestions.java:477)
at programming.JavaCodingInterViewQuestions.reverseString(JavaCodingInterViewQuestions.java:477)
at programming.JavaCodingInterViewQuestions.reverseString(JavaCodingInterViewQuestions.java:477)
at programming.JavaCodingInterViewQuestions.reverseString(JavaCodingInterViewQuestions.java:477)
at programming.JavaCodingInterViewQuestions.reverseString(JavaCodingInterViewQuestions.java:477)
at programming.JavaCodingInterViewQuestions.reverseString(JavaCodingInterViewQuestions.java:477)
at programming.JavaCodingInterViewQuestions.reverseString(JavaCodingInterViewQuestions.java:477)
at programming.JavaCodingInterViewQuestions.reverseString(JavaCodingInterViewQuestions.java:477)
at programming.JavaCodingInterViewQuestions.reverseString(JavaCodingInterViewQuestions.java:477)
at programming.JavaCodingInterViewQuestions.reverseString(JavaCodingInterViewQuestions.java:477)
at programming.JavaCodingInterViewQuestions.reverseString(JavaCodingInterViewQuestions.java:477)
at programming.JavaCodingInterViewQuestions.reverseString(JavaCodingInterViewQuestions.java:477)
at programming.JavaCodingInterViewQuestions.reverseString(JavaCodingInterViewQuestions.java:477)
at programming.JavaCodingInterViewQuestions.reverseString(JavaCodingInterViewQuestions.java:477)
at programming.JavaCodingInterViewQuestions.reverseString(JavaCodingInterViewQuestions.java:477)
at programming.JavaCodingInterViewQuestions.reverseString(JavaCodingInterViewQuestions.java:477)
at programming.JavaCodingInterViewQuestions.reverseString(JavaCodingInterViewQuestions.java:477)
at programming.JavaCodingInterViewQuestions.reverseString(JavaCodingInterViewQuestions.java:477)
at programming.JavaCodingInterViewQuestions.reverseString(JavaCodingInterViewQuestions.java:477)
at programming.JavaCodingInterViewQuestions.reverseString(JavaCodingInterViewQuestions.java:477)
at programming.JavaCodingInterViewQuestions.reverseString(JavaCodingInterViewQuestions.java:477)
at programming.JavaCodingInterViewQuestions.reverseString(JavaCodingInterViewQuestions.java:477)
at programming.JavaCodingInterViewQuestions.reverseString(JavaCodingInterViewQuestions.java:477)
at programming.JavaCodingInterViewQuestions.reverseString(JavaCodingInterViewQuestions.java:477)
at programming.JavaCodingInterViewQuestions.reverseString(JavaCodingInterViewQuestions.java:477)
at programming.JavaCodingInterViewQuestions.reverseString(JavaCodingInterViewQuestions.java:477)
at programming.JavaCodingInterViewQuestions.reverseString(JavaCodingInterViewQuestions.java:477)
at programming.JavaCodingInterViewQuestions.reverseString(JavaCodingInterViewQuestions.java:477)
at programming.JavaCodingInterViewQuestions.reverseString(JavaCodingInterViewQuestions.java:477)
at programming.JavaCodingInterViewQuestions.reverseString(JavaCodingInterViewQuestions.java:477)
at programming.JavaCodingInterViewQuestions.reverseString(JavaCodingInterViewQuestions.java:477)
at programming.JavaCodingInterViewQuestions.reverseString(JavaCodingInterViewQuestions.java:477)
at programming.JavaCodingInterViewQuestions.reverseString(JavaCodingInterViewQuestions.java:477)
at programming.JavaCodingInterViewQuestions.reverseString(JavaCodingInterViewQuestions.java:477)
at programming.JavaCodingInterViewQuestions.reverseString(JavaCodingInterViewQuestions.java:477)
at programming.JavaCodingInterViewQuestions.reverseString(JavaCodingInterViewQuestions.java:477)
at programming.JavaCodingInterViewQuestions.reverseString(JavaCodingInterViewQuestions.java:477)
at programming.JavaCodingInterViewQuestions.reverseString(JavaCodingInterViewQuestions.java:477)
at programming.JavaCodingInterViewQuestions.reverseString(JavaCodingInterViewQuestions.java:477)
at programming.JavaCodingInterViewQuestions.reverseString(JavaCodingInterViewQuestions.java:477)
at programming.JavaCodingInterViewQuestions.reverseString(JavaCodingInterViewQuestions.java:477)
at programming.JavaCodingInterViewQuestions.reverseString(JavaCodingInterViewQuestions.java:477)
at programming.JavaCodingInterViewQuestions.reverseString(JavaCodingInterViewQuestions.java:477)
at programming.JavaCodingInterViewQuestions.reverseString(JavaCodingInterViewQuestions.java:477)
at programming.JavaCodingInterViewQuestions.reverseString(JavaCodingInterViewQuestions.java:477)
at programming.JavaCodingInterViewQuestions.reverseString(JavaCodingInterViewQuestions.java:477)
at programming.JavaCodingInterViewQuestions.reverseString(JavaCodingInterViewQuestions.java:477)
at programming.JavaCodingInterViewQuestions.reverseString(JavaCodingInterViewQuestions.java:477)
at programming.JavaCodingInterViewQuestions.reverseString(JavaCodingInterViewQuestions.java:477)
at programming.JavaCodingInterViewQuestions.reverseString(JavaCodingInterViewQuestions.java:477)
at programming.JavaCodingInterViewQuestions.reverseString(JavaCodingInterViewQuestions.java:477)
at programming.JavaCodingInterViewQuestions.reverseString(JavaCodingInterViewQuestions.java:477)
at programming.JavaCodingInterViewQuestions.reverseString(JavaCodingInterViewQuestions.java:477)
at programming.JavaCodingInterViewQuestions.reverseString(JavaCodingInterViewQuestions.java:477)
at programming.JavaCodingInterViewQuestions.reverseString(JavaCodingInterViewQuestions.java:477)
at programming.JavaCodingInterViewQuestions.reverseString(JavaCodingInterViewQuestions.java:477)
at programming.JavaCodingInterViewQuestions.reverseString(JavaCodingInterViewQuestions.java:477)
at programming.JavaCodingInterViewQuestions.reverseString(JavaCodingInterViewQuestions.java:477)
at programming.JavaCodingInterViewQuestions.reverseString(JavaCodingInterViewQuestions.java:477)
at programming.JavaCodingInterViewQuestions.reverseString(JavaCodingInterViewQuestions.java:477)
at programming.JavaCodingInterViewQuestions.reverseString(JavaCodingInterViewQuestions.java:477)
at programming.JavaCodingInterViewQuestions.reverseString(JavaCodingInterViewQuestions.java:477)
at programming.JavaCodingInterViewQuestions.reverseString(JavaCodingInterViewQuestions.java:477)
at programming.JavaCodingInterViewQuestions.reverseString(JavaCodingInterViewQuestions.java:477)
at programming.JavaCodingInterViewQuestions.reverseString(JavaCodingInterViewQuestions.java:477)
at programming.JavaCodingInterViewQuestions.reverseString(JavaCodingInterViewQuestions.java:477)
at programming.JavaCodingInterViewQuestions.reverseString(JavaCodingInterViewQuestions.java:477)
at programming.JavaCodingInterViewQuestions.reverseString(JavaCodingInterViewQuestions.java:477)
at programming.JavaCodingInterViewQuestions.reverseString(JavaCodingInterViewQuestions.java:477)
at programming.JavaCodingInterViewQuestions.reverseString(JavaCodingInterViewQuestions.java:477)
at programming.JavaCodingInterViewQuestions.reverseString(JavaCodingInterViewQuestions.java:477)
at programming.JavaCodingInterViewQuestions.reverseString(JavaCodingInterViewQuestions.java:477)
at programming.JavaCodingInterViewQuestions.reverseString(JavaCodingInterViewQuestions.java:477)
at programming.JavaCodingInterViewQuestions.reverseString(JavaCodingInterViewQuestions.java:477)
at programming.JavaCodingInterViewQuestions.reverseString(JavaCodingInterViewQuestions.java:477)
at programming.JavaCodingInterViewQuestions.reverseString(JavaCodingInterViewQuestions.java:477)
at programming.JavaCodingInterViewQuestions.reverseString(JavaCodingInterViewQuestions.java:477)
at programming.JavaCodingInterViewQuestions.reverseString(JavaCodingInterViewQuestions.java:477)
at programming.JavaCodingInterViewQuestions.reverseString(JavaCodingInterViewQuestions.java:477)
at programming.JavaCodingInterViewQuestions.reverseString(JavaCodingInterViewQuestions.java:477)
at programming.JavaCodingInterViewQuestions.reverseString(JavaCodingInterViewQuestions.java:477)
at programming.JavaCodingInterViewQuestions.reverseString(JavaCodingInterViewQuestions.java:477)
at programming.JavaCodingInterViewQuestions.reverseString(JavaCodingInterViewQuestions.java:477)
at programming.JavaCodingInterViewQuestions.reverseString(JavaCodingInterViewQuestions.java:477)
at programming.JavaCodingInterViewQuestions.reverseString(JavaCodingInterViewQuestions.java:477)
at programming.JavaCodingInterViewQuestions.reverseString(JavaCodingInterViewQuestions.java:477)
at programming.JavaCodingInterViewQuestions.reverseString(JavaCodingInterViewQuestions.java:477)
at programming.JavaCodingInterViewQuestions.reverseString(JavaCodingInterViewQuestions.java:477)
at programming.JavaCodingInterViewQuestions.reverseString(JavaCodingInterViewQuestions.java:477)
at programming.JavaCodingInterViewQuestions.reverseString(JavaCodingInterViewQuestions.java:477)
at programming.JavaCodingInterViewQuestions.reverseString(JavaCodingInterViewQuestions.java:477)
at programming.JavaCodingInterViewQuestions.reverseString(JavaCodingInterViewQuestions.java:477)
at programming.JavaCodingInterViewQuestions.reverseString(JavaCodingInterViewQuestions.java:477)
at programming.JavaCodingInterViewQuestions.reverseString(JavaCodingInterViewQuestions.java:477)
at programming.JavaCodingInterViewQuestions.reverseString(JavaCodingInterViewQuestions.java:477)
at programming.JavaCodingInterViewQuestions.reverseString(JavaCodingInterViewQuestions.java:477)
at programming.JavaCodingInterViewQuestions.reverseString(JavaCodingInterViewQuestions.java:477)
at programming.JavaCodingInterViewQuestions.reverseString(JavaCodingInterViewQuestions.java:477)
at programming.JavaCodingInterViewQuestions.reverseString(JavaCodingInterViewQuestions.java:477)
at programming.JavaCodingInterViewQuestions.reverseString(JavaCodingInterViewQuestions.java:477)
at programming.JavaCodingInterViewQuestions.reverseString(JavaCodingInterViewQuestions.java:477)
at programming.JavaCodingInterViewQuestions.reverseString(JavaCodingInterViewQuestions.java:477)
at programming.JavaCodingInterViewQuestions.reverseString(JavaCodingInterViewQuestions.java:477)
at programming.JavaCodingInterViewQuestions.reverseString(JavaCodingInterViewQuestions.java:477)
at programming.JavaCodingInterViewQuestions.reverseString(JavaCodingInterViewQuestions.java:477)
at programming.JavaCodingInterViewQuestions.reverseString(JavaCodingInterViewQuestions.java:477)
at programming.JavaCodingInterViewQuestions.reverseString(JavaCodingInterViewQuestions.java:477)
at programming.JavaCodingInterViewQuestions.reverseString(JavaCodingInterViewQuestions.java:477)
at programming.JavaCodingInterViewQuestions.reverseString(JavaCodingInterViewQuestions.java:477)
at programming.JavaCodingInterViewQuestions.reverseString(JavaCodingInterViewQuestions.java:477)
at programming.JavaCodingInterViewQuestions.reverseString(JavaCodingInterViewQuestions.java:477)
at programming.JavaCodingInterViewQuestions.reverseString(JavaCodingInterViewQuestions.java:477)
at programming.JavaCodingInterViewQuestions.reverseString(JavaCodingInterViewQuestions.java:477)
at programming.JavaCodingInterViewQuestions.reverseString(JavaCodingInterViewQuestions.java:477)
at programming.JavaCodingInterViewQuestions.reverseString(JavaCodingInterViewQuestions.java:477)
at programming.JavaCodingInterViewQuestions.reverseString(JavaCodingInterViewQuestions.java:477)
at programming.JavaCodingInterViewQuestions.reverseString(JavaCodingInterViewQuestions.java:477)
at programming.JavaCodingInterViewQuestions.reverseString(JavaCodingInterViewQuestions.java:477)
at programming.JavaCodingInterViewQuestions.reverseString(JavaCodingInterViewQuestions.java:477)
at programming.JavaCodingInterViewQuestions.reverseString(JavaCodingInterViewQuestions.java:477)
at programming.JavaCodingInterViewQuestions.reverseString(JavaCodingInterViewQuestions.java:477)
at programming.JavaCodingInterViewQuestions.reverseString(JavaCodingInterViewQuestions.java:477)
at programming.JavaCodingInterViewQuestions.reverseString(JavaCodingInterViewQuestions.java:477)
at programming.JavaCodingInterViewQuestions.reverseString(JavaCodingInterViewQuestions.java:477)
at programming.JavaCodingInterViewQuestions.reverseString(JavaCodingInterViewQuestions.java:477)
at programming.JavaCodingInterViewQuestions.reverseString(JavaCodingInterViewQuestions.java:477)
at programming.JavaCodingInterViewQuestions.reverseString(JavaCodingInterViewQuestions.java:477)
at programming.JavaCodingInterViewQuestions.reverseString(JavaCodingInterViewQuestions.java:477)
at programming.JavaCodingInterViewQuestions.reverseString(JavaCodingInterViewQuestions.java:477)
at programming.JavaCodingInterViewQuestions.reverseString(JavaCodingInterViewQuestions.java:477)
at programming.JavaCodingInterViewQuestions.reverseString(JavaCodingInterViewQuestions.java:477)
at programming.JavaCodingInterViewQuestions.reverseString(JavaCodingInterViewQuestions.java:477)
at programming.JavaCodingInterViewQuestions.reverseString(JavaCodingInterViewQuestions.java:477)
at programming.JavaCodingInterViewQuestions.reverseString(JavaCodingInterViewQuestions.java:477)
at programming.JavaCodingInterViewQuestions.reverseString(JavaCodingInterViewQuestions.java:477)
at programming.JavaCodingInterViewQuestions.reverseString(JavaCodingInterViewQuestions.java:477)
at programming.JavaCodingInterViewQuestions.reverseString(JavaCodingInterViewQuestions.java:477)
at programming.JavaCodingInterViewQuestions.reverseString(JavaCodingInterViewQuestions.java:477)
at programming.JavaCodingInterViewQuestions.reverseString(JavaCodingInterViewQuestions.java:477)
at programming.JavaCodingInterViewQuestions.reverseString(JavaCodingInterViewQuestions.java:477)
at programming.JavaCodingInterViewQuestions.reverseString(JavaCodingInterViewQuestions.java:477)
at programming.JavaCodingInterViewQuestions.reverseString(JavaCodingInterViewQuestions.java:477)
at programming.JavaCodingInterViewQuestions.reverseString(JavaCodingInterViewQuestions.java:477)
at programming.JavaCodingInterViewQuestions.reverseString(JavaCodingInterViewQuestions.java:477)
at programming.JavaCodingInterViewQuestions.reverseString(JavaCodingInterViewQuestions.java:477)
at programming.JavaCodingInterViewQuestions.reverseString(JavaCodingInterViewQuestions.java:477)
at programming.JavaCodingInterViewQuestions.reverseString(JavaCodingInterViewQuestions.java:477)
at programming.JavaCodingInterViewQuestions.reverseString(JavaCodingInterViewQuestions.java:477)
at programming.JavaCodingInterViewQuestions.reverseString(JavaCodingInterViewQuestions.java:477)
at programming.JavaCodingInterViewQuestions.reverseString(JavaCodingInterViewQuestions.java:477)
at programming.JavaCodingInterViewQuestions.reverseString(JavaCodingInterViewQuestions.java:477)
at programming.JavaCodingInterViewQuestions.reverseString(JavaCodingInterViewQuestions.java:477)
at programming.JavaCodingInterViewQuestions.reverseString(JavaCodingInterViewQuestions.java:477)
at programming.JavaCodingInterViewQuestions.reverseString(JavaCodingInterViewQuestions.java:477)
at programming.JavaCodingInterViewQuestions.reverseString(JavaCodingInterViewQuestions.java:477)
at programming.JavaCodingInterViewQuestions.reverseString(JavaCodingInterViewQuestions.java:477)
at programming.JavaCodingInterViewQuestions.reverseString(JavaCodingInterViewQuestions.java:477)
at programming.JavaCodingInterViewQuestions.reverseString(JavaCodingInterViewQuestions.java:477)
at programming.JavaCodingInterViewQuestions.reverseString(JavaCodingInterViewQuestions.java:477)
at programming.JavaCodingInterViewQuestions.reverseString(JavaCodingInterViewQuestions.java:477)
at programming.JavaCodingInterViewQuestions.reverseString(JavaCodingInterViewQuestions.java:477)
at programming.JavaCodingInterViewQuestions.reverseString(JavaCodingInterViewQuestions.java:477)
at programming.JavaCodingInterViewQuestions.reverseString(JavaCodingInterViewQuestions.java:477)
at programming.JavaCodingInterViewQuestions.reverseString(JavaCodingInterViewQuestions.java:477)
at programming.JavaCodingInterViewQuestions.reverseString(JavaCodingInterViewQuestions.java:477)
at programming.JavaCodingInterViewQuestions.reverseString(JavaCodingInterViewQuestions.java:477)
at programming.JavaCodingInterViewQuestions.reverseString(JavaCodingInterViewQuestions.java:477)
at programming.JavaCodingInterViewQuestions.reverseString(JavaCodingInterViewQuestions.java:477)
at programming.JavaCodingInterViewQuestions.reverseString(JavaCodingInterViewQuestions.java:477)
at programming.JavaCodingInterViewQuestions.reverseString(JavaCodingInterViewQuestions.java:477)
at programming.JavaCodingInterViewQuestions.reverseString(JavaCodingInterViewQuestions.java:477)
at programming.JavaCodingInterViewQuestions.reverseString(JavaCodingInterViewQuestions.java:477)
at programming.JavaCodingInterViewQuestions.reverseString(JavaCodingInterViewQuestions.java:477)
at programming.JavaCodingInterViewQuestions.reverseString(JavaCodingInterViewQuestions.java:477)
at programming.JavaCodingInterViewQuestions.reverseString(JavaCodingInterViewQuestions.java:477)
at programming.JavaCodingInterViewQuestions.reverseString(JavaCodingInterViewQuestions.java:477)
at programming.JavaCodingInterViewQuestions.reverseString(JavaCodingInterViewQuestions.java:477)
at programming.JavaCodingInterViewQuestions.reverseString(JavaCodingInterViewQuestions.java:477)
at programming.JavaCodingInterViewQuestions.reverseString(JavaCodingInterViewQuestions.java:477)
at programming.JavaCodingInterViewQuestions.reverseString(JavaCodingInterViewQuestions.java:477)
at programming.JavaCodingInterViewQuestions.reverseString(JavaCodingInterViewQuestions.java:477)
at programming.JavaCodingInterViewQuestions.reverseString(JavaCodingInterViewQuestions.java:477)
at programming.JavaCodingInterViewQuestions.reverseString(JavaCodingInterViewQuestions.java:477)
at programming.JavaCodingInterViewQuestions.reverseString(JavaCodingInterViewQuestions.java:477)
at programming.JavaCodingInterViewQuestions.reverseString(JavaCodingInterViewQuestions.java:477)
at programming.JavaCodingInterViewQuestions.reverseString(JavaCodingInterViewQuestions.java:477)
at programming.JavaCodingInterViewQuestions.reverseString(JavaCodingInterViewQuestions.java:477)
at programming.JavaCodingInterViewQuestions.reverseString(JavaCodingInterViewQuestions.java:477)
at programming.JavaCodingInterViewQuestions.reverseString(JavaCodingInterViewQuestions.java:477)
at programming.JavaCodingInterViewQuestions.reverseString(JavaCodingInterViewQuestions.java:477)
at programming.JavaCodingInterViewQuestions.reverseString(JavaCodingInterViewQuestions.java:477)
at programming.JavaCodingInterViewQuestions.reverseString(JavaCodingInterViewQuestions.java:477)
at programming.JavaCodingInterViewQuestions.reverseString(JavaCodingInterViewQuestions.java:477)
at programming.JavaCodingInterViewQuestions.reverseString(JavaCodingInterViewQuestions.java:477)
at programming.JavaCodingInterViewQuestions.reverseString(JavaCodingInterViewQuestions.java:477)
at programming.JavaCodingInterViewQuestions.reverseString(JavaCodingInterViewQuestions.java:477)
at programming.JavaCodingInterViewQuestions.reverseString(JavaCodingInterViewQuestions.java:477)
at programming.JavaCodingInterViewQuestions.reverseString(JavaCodingInterViewQuestions.java:477)
at programming.JavaCodingInterViewQuestions.reverseString(JavaCodingInterViewQuestions.java:477)
at programming.JavaCodingInterViewQuestions.reverseString(JavaCodingInterViewQuestions.java:477)
at programming.JavaCodingInterViewQuestions.reverseString(JavaCodingInterViewQuestions.java:477)
at programming.JavaCodingInterViewQuestions.reverseString(JavaCodingInterViewQuestions.java:477)
at programming.JavaCodingInterViewQuestions.reverseString(JavaCodingInterViewQuestions.java:477)
at programming.JavaCodingInterViewQuestions.reverseString(JavaCodingInterViewQuestions.java:477)
at programming.JavaCodingInterViewQuestions.reverseString(JavaCodingInterViewQuestions.java:477)
at programming.JavaCodingInterViewQuestions.reverseString(JavaCodingInterViewQuestions.java:477)
at programming.JavaCodingInterViewQuestions.reverseString(JavaCodingInterViewQuestions.java:477)
at programming.JavaCodingInterViewQuestions.reverseString(JavaCodingInterViewQuestions.java:477)
at programming.JavaCodingInterViewQuestions.reverseString(JavaCodingInterViewQuestions.java:477)
at programming.JavaCodingInterViewQuestions.reverseString(JavaCodingInterViewQuestions.java:477)
at programming.JavaCodingInterViewQuestions.reverseString(JavaCodingInterViewQuestions.java:477)
at programming.JavaCodingInterViewQuestions.reverseString(JavaCodingInterViewQuestions.java:477)
at programming.JavaCodingInterViewQuestions.reverseString(JavaCodingInterViewQuestions.java:477)
at programming.JavaCodingInterViewQuestions.reverseString(JavaCodingInterViewQuestions.java:477)
at programming.JavaCodingInterViewQuestions.reverseString(JavaCodingInterViewQuestions.java:477)
at programming.JavaCodingInterViewQuestions.reverseString(JavaCodingInterViewQuestions.java:477)
at programming.JavaCodingInterViewQuestions.reverseString(JavaCodingInterViewQuestions.java:477)
at programming.JavaCodingInterViewQuestions.reverseString(JavaCodingInterViewQuestions.java:477)
at programming.JavaCodingInterViewQuestions.reverseString(JavaCodingInterViewQuestions.java:477)
at programming.JavaCodingInterViewQuestions.reverseString(JavaCodingInterViewQuestions.java:477)
at programming.JavaCodingInterViewQuestions.reverseString(JavaCodingInterViewQuestions.java:477)
at programming.JavaCodingInterViewQuestions.reverseString(JavaCodingInterViewQuestions.java:477)
at programming.JavaCodingInterViewQuestions.reverseString(JavaCodingInterViewQuestions.java:477)
at programming.JavaCodingInterViewQuestions.reverseString(JavaCodingInterViewQuestions.java:477)
at programming.JavaCodingInterViewQuestions.reverseString(JavaCodingInterViewQuestions.java:477)
at programming.JavaCodingInterViewQuestions.reverseString(JavaCodingInterViewQuestions.java:477)
at programming.JavaCodingInterViewQuestions.reverseString(JavaCodingInterViewQuestions.java:477)
at programming.JavaCodingInterViewQuestions.reverseString(JavaCodingInterViewQuestions.java:477)
at programming.JavaCodingInterViewQuestions.reverseString(JavaCodingInterViewQuestions.java:477)
at programming.JavaCodingInterViewQuestions.reverseString(JavaCodingInterViewQuestions.java:477)
at programming.JavaCodingInterViewQuestions.reverseString(JavaCodingInterViewQuestions.java:477)
at programming.JavaCodingInterViewQuestions.reverseString(JavaCodingInterViewQuestions.java:477)
at programming.JavaCodingInterViewQuestions.reverseString(JavaCodingInterViewQuestions.java:477)
at programming.JavaCodingInterViewQuestions.reverseString(JavaCodingInterViewQuestions.java:477)
at programming.JavaCodingInterViewQuestions.reverseString(JavaCodingInterViewQuestions.java:477)
at programming.JavaCodingInterViewQuestions.reverseString(JavaCodingInterViewQuestions.java:477)
at programming.JavaCodingInterViewQuestions.reverseString(JavaCodingInterViewQuestions.java:477)
at programming.JavaCodingInterViewQuestions.reverseString(JavaCodingInterViewQuestions.java:477)
at programming.JavaCodingInterViewQuestions.reverseString(JavaCodingInterViewQuestions.java:477)
at programming.JavaCodingInterViewQuestions.reverseString(JavaCodingInterViewQuestions.java:477)
at programming.JavaCodingInterViewQuestions.reverseString(JavaCodingInterViewQuestions.java:477)
at programming.JavaCodingInterViewQuestions.reverseString(JavaCodingInterViewQuestions.java:477)
at programming.JavaCodingInterViewQuestions.reverseString(JavaCodingInterViewQuestions.java:477)
at programming.JavaCodingInterViewQuestions.reverseString(JavaCodingInterViewQuestions.java:477)
at programming.JavaCodingInterViewQuestions.reverseString(JavaCodingInterViewQuestions.java:477)
at programming.JavaCodingInterViewQuestions.reverseString(JavaCodingInterViewQuestions.java:477)
at programming.JavaCodingInterViewQuestions.reverseString(JavaCodingInterViewQuestions.java:477)
at programming.JavaCodingInterViewQuestions.reverseString(JavaCodingInterViewQuestions.java:477)
at programming.JavaCodingInterViewQuestions.reverseString(JavaCodingInterViewQuestions.java:477)
at programming.JavaCodingInterViewQuestions.reverseString(JavaCodingInterViewQuestions.java:477)
at programming.JavaCodingInterViewQuestions.reverseString(JavaCodingInterViewQuestions.java:477)
at programming.JavaCodingInterViewQuestions.reverseString(JavaCodingInterViewQuestions.java:477)
at programming.JavaCodingInterViewQuestions.reverseString(JavaCodingInterViewQuestions.java:477)
at programming.JavaCodingInterViewQuestions.reverseString(JavaCodingInterViewQuestions.java:477)
at programming.JavaCodingInterViewQuestions.reverseString(JavaCodingInterViewQuestions.java:477)
at programming.JavaCodingInterViewQuestions.reverseString(JavaCodingInterViewQuestions.java:477)
at programming.JavaCodingInterViewQuestions.reverseString(JavaCodingInterViewQuestions.java:477)
at programming.JavaCodingInterViewQuestions.reverseString(JavaCodingInterViewQuestions.java:477)
at programming.JavaCodingInterViewQuestions.reverseString(JavaCodingInterViewQuestions.java:477)
at programming.JavaCodingInterViewQuestions.reverseString(JavaCodingInterViewQuestions.java:477)
at programming.JavaCodingInterViewQuestions.reverseString(JavaCodingInterViewQuestions.java:477)
at programming.JavaCodingInterViewQuestions.reverseString(JavaCodingInterViewQuestions.java:477)
at programming.JavaCodingInterViewQuestions.reverseString(JavaCodingInterViewQuestions.java:477)
at programming.JavaCodingInterViewQuestions.reverseString(JavaCodingInterViewQuestions.java:477)
at programming.JavaCodingInterViewQuestions.reverseString(JavaCodingInterViewQuestions.java:477)
at programming.JavaCodingInterViewQuestions.reverseString(JavaCodingInterViewQuestions.java:477)
at programming.JavaCodingInterViewQuestions.reverseString(JavaCodingInterViewQuestions.java:477)
at programming.JavaCodingInterViewQuestions.reverseString(JavaCodingInterViewQuestions.java:477)
at programming.JavaCodingInterViewQuestions.reverseString(JavaCodingInterViewQuestions.java:477)
at programming.JavaCodingInterViewQuestions.reverseString(JavaCodingInterViewQuestions.java:477)
at programming.JavaCodingInterViewQuestions.reverseString(JavaCodingInterViewQuestions.java:477)
at programming.JavaCodingInterViewQuestions.reverseString(JavaCodingInterViewQuestions.java:477)
at programming.JavaCodingInterViewQuestions.reverseString(JavaCodingInterViewQuestions.java:477)
at programming.JavaCodingInterViewQuestions.reverseString(JavaCodingInterViewQuestions.java:477)
at programming.JavaCodingInterViewQuestions.reverseString(JavaCodingInterViewQuestions.java:477)
at programming.JavaCodingInterViewQuestions.reverseString(JavaCodingInterViewQuestions.java:477)
at programming.JavaCodingInterViewQuestions.reverseString(JavaCodingInterViewQuestions.java:477)
at programming.JavaCodingInterViewQuestions.reverseString(JavaCodingInterViewQuestions.java:477)
at programming.JavaCodingInterViewQuestions.reverseString(JavaCodingInterViewQuestions.java:477)
at programming.JavaCodingInterViewQuestions.reverseString(JavaCodingInterViewQuestions.java:477)
at programming.JavaCodingInterViewQuestions.reverseString(JavaCodingInterViewQuestions.java:477)
at programming.JavaCodingInterViewQuestions.reverseString(JavaCodingInterViewQuestions.java:477)
at programming.JavaCodingInterViewQuestions.reverseString(JavaCodingInterViewQuestions.java:477)
at programming.JavaCodingInterViewQuestions.reverseString(JavaCodingInterViewQuestions.java:477)
at programming.JavaCodingInterViewQuestions.reverseString(JavaCodingInterViewQuestions.java:477)
at programming.JavaCodingInterViewQuestions.reverseString(JavaCodingInterViewQuestions.java:477)
at programming.JavaCodingInterViewQuestions.reverseString(JavaCodingInterViewQuestions.java:477)
at programming.JavaCodingInterViewQuestions.reverseString(JavaCodingInterViewQuestions.java:477)
at programming.JavaCodingInterViewQuestions.reverseString(JavaCodingInterViewQuestions.java:477)
at programming.JavaCodingInterViewQuestions.reverseString(JavaCodingInterViewQuestions.java:477)
at programming.JavaCodingInterViewQuestions.reverseString(JavaCodingInterViewQuestions.java:477)
at programming.JavaCodingInterViewQuestions.reverseString(JavaCodingInterViewQuestions.java:477)
at programming.JavaCodingInterViewQuestions.reverseString(JavaCodingInterViewQuestions.java:477)
at programming.JavaCodingInterViewQuestions.reverseString(JavaCodingInterViewQuestions.java:477)
at programming.JavaCodingInterViewQuestions.reverseString(JavaCodingInterViewQuestions.java:477)
at programming.JavaCodingInterViewQuestions.reverseString(JavaCodingInterViewQuestions.java:477)
at programming.JavaCodingInterViewQuestions.reverseString(JavaCodingInterViewQuestions.java:477)
at programming.JavaCodingInterViewQuestions.reverseString(JavaCodingInterViewQuestions.java:477)
at programming.JavaCodingInterViewQuestions.reverseString(JavaCodingInterViewQuestions.java:477)
at programming.JavaCodingInterViewQuestions.reverseString(JavaCodingInterViewQuestions.java:477)
at programming.JavaCodingInterViewQuestions.reverseString(JavaCodingInterViewQuestions.java:477)
at programming.JavaCodingInterViewQuestions.reverseString(JavaCodingInterViewQuestions.java:477)
at programming.JavaCodingInterViewQuestions.reverseString(JavaCodingInterViewQuestions.java:477)
at programming.JavaCodingInterViewQuestions.reverseString(JavaCodingInterViewQuestions.java:477)
at programming.JavaCodingInterViewQuestions.reverseString(JavaCodingInterViewQuestions.java:477)
at programming.JavaCodingInterViewQuestions.reverseString(JavaCodingInterViewQuestions.java:477)
at programming.JavaCodingInterViewQuestions.reverseString(JavaCodingInterViewQuestions.java:477)
at programming.JavaCodingInterViewQuestions.reverseString(JavaCodingInterViewQuestions.java:477)
at programming.JavaCodingInterViewQuestions.reverseString(JavaCodingInterViewQuestions.java:477)
at programming.JavaCodingInterViewQuestions.reverseString(JavaCodingInterViewQuestions.java:477)
at programming.JavaCodingInterViewQuestions.reverseString(JavaCodingInterViewQuestions.java:477)
at programming.JavaCodingInterViewQuestions.reverseString(JavaCodingInterViewQuestions.java:477)
at programming.JavaCodingInterViewQuestions.reverseString(JavaCodingInterViewQuestions.java:477)
at programming.JavaCodingInterViewQuestions.reverseString(JavaCodingInterViewQuestions.java:477)
at programming.JavaCodingInterViewQuestions.reverseString(JavaCodingInterViewQuestions.java:477)
at programming.JavaCodingInterViewQuestions.reverseString(JavaCodingInterViewQuestions.java:477)
at programming.JavaCodingInterViewQuestions.reverseString(JavaCodingInterViewQuestions.java:477)
at programming.JavaCodingInterViewQuestions.reverseString(JavaCodingInterViewQuestions.java:477)
at programming.JavaCodingInterViewQuestions.reverseString(JavaCodingInterViewQuestions.java:477)
at programming.JavaCodingInterViewQuestions.reverseString(JavaCodingInterViewQuestions.java:477)
at programming.JavaCodingInterViewQuestions.reverseString(JavaCodingInterViewQuestions.java:477)
at programming.JavaCodingInterViewQuestions.reverseString(JavaCodingInterViewQuestions.java:477)
at programming.JavaCodingInterViewQuestions.reverseString(JavaCodingInterViewQuestions.java:477)
at programming.JavaCodingInterViewQuestions.reverseString(JavaCodingInterViewQuestions.java:477)
at programming.JavaCodingInterViewQuestions.reverseString(JavaCodingInterViewQuestions.java:477)
at programming.JavaCodingInterViewQuestions.reverseString(JavaCodingInterViewQuestions.java:477)
at programming.JavaCodingInterViewQuestions.reverseString(JavaCodingInterViewQuestions.java:477)
at programming.JavaCodingInterViewQuestions.reverseString(JavaCodingInterViewQuestions.java:477)
at programming.JavaCodingInterViewQuestions.reverseString(JavaCodingInterViewQuestions.java:477)
at programming.JavaCodingInterViewQuestions.reverseString(JavaCodingInterViewQuestions.java:477)
at programming.JavaCodingInterViewQuestions.reverseString(JavaCodingInterViewQuestions.java:477)
at programming.JavaCodingInterViewQuestions.reverseString(JavaCodingInterViewQuestions.java:477)
at programming.JavaCodingInterViewQuestions.reverseString(JavaCodingInterViewQuestions.java:477)
at programming.JavaCodingInterViewQuestions.reverseString(JavaCodingInterViewQuestions.java:477)
at programming.JavaCodingInterViewQuestions.reverseString(JavaCodingInterViewQuestions.java:477)
at programming.JavaCodingInterViewQuestions.reverseString(JavaCodingInterViewQuestions.java:477)
at programming.JavaCodingInterViewQuestions.reverseString(JavaCodingInterViewQuestions.java:477)
at programming.JavaCodingInterViewQuestions.reverseString(JavaCodingInterViewQuestions.java:477)
at programming.JavaCodingInterViewQuestions.reverseString(JavaCodingInterViewQuestions.java:477)
at programming.JavaCodingInterViewQuestions.reverseString(JavaCodingInterViewQuestions.java:477)
at programming.JavaCodingInterViewQuestions.reverseString(JavaCodingInterViewQuestions.java:477)
at programming.JavaCodingInterViewQuestions.reverseString(JavaCodingInterViewQuestions.java:477)
at programming.JavaCodingInterViewQuestions.reverseString(JavaCodingInterViewQuestions.java:477)
at programming.JavaCodingInterViewQuestions.reverseString(JavaCodingInterViewQuestions.java:477)
at programming.JavaCodingInterViewQuestions.reverseString(JavaCodingInterViewQuestions.java:477)
at programming.JavaCodingInterViewQuestions.reverseString(JavaCodingInterViewQuestions.java:477)
at programming.JavaCodingInterViewQuestions.reverseString(JavaCodingInterViewQuestions.java:477)
at programming.JavaCodingInterViewQuestions.reverseString(JavaCodingInterViewQuestions.java:477)
at programming.JavaCodingInterViewQuestions.reverseString(JavaCodingInterViewQuestions.java:477)
at programming.JavaCodingInterViewQuestions.reverseString(JavaCodingInterViewQuestions.java:477)
at programming.JavaCodingInterViewQuestions.reverseString(JavaCodingInterViewQuestions.java:477)
at programming.JavaCodingInterViewQuestions.reverseString(JavaCodingInterViewQuestions.java:477)
at programming.JavaCodingInterViewQuestions.reverseString(JavaCodingInterViewQuestions.java:477)
at programming.JavaCodingInterViewQuestions.reverseString(JavaCodingInterViewQuestions.java:477)
at programming.JavaCodingInterViewQuestions.reverseString(JavaCodingInterViewQuestions.java:477)
at programming.JavaCodingInterViewQuestions.reverseString(JavaCodingInterViewQuestions.java:477)
at programming.JavaCodingInterViewQuestions.reverseString(JavaCodingInterViewQuestions.java:477)
at programming.JavaCodingInterViewQuestions.reverseString(JavaCodingInterViewQuestions.java:477)
at programming.JavaCodingInterViewQuestions.reverseString(JavaCodingInterViewQuestions.java:477)
at programming.JavaCodingInterViewQuestions.reverseString(JavaCodingInterViewQuestions.java:477)
at programming.JavaCodingInterViewQuestions.reverseString(JavaCodingInterViewQuestions.java:477)
at programming.JavaCodingInterViewQuestions.reverseString(JavaCodingInterViewQuestions.java:477)
at programming.JavaCodingInterViewQuestions.reverseString(JavaCodingInterViewQuestions.java:477)
at programming.JavaCodingInterViewQuestions.reverseString(JavaCodingInterViewQuestions.java:477)
at programming.JavaCodingInterViewQuestions.reverseString(JavaCodingInterViewQuestions.java:477)
at programming.JavaCodingInterViewQuestions.reverseString(JavaCodingInterViewQuestions.java:477)
at programming.JavaCodingInterViewQuestions.reverseString(JavaCodingInterViewQuestions.java:477)
at programming.JavaCodingInterViewQuestions.reverseString(JavaCodingInterViewQuestions.java:477)
at programming.JavaCodingInterViewQuestions.reverseString(JavaCodingInterViewQuestions.java:477)
at programming.JavaCodingInterViewQuestions.reverseString(JavaCodingInterViewQuestions.java:477)
at programming.JavaCodingInterViewQuestions.reverseString(JavaCodingInterViewQuestions.java:477)
at programming.JavaCodingInterViewQuestions.reverseString(JavaCodingInterViewQuestions.java:477)
at programming.JavaCodingInterViewQuestions.reverseString(JavaCodingInterViewQuestions.java:477)
at programming.JavaCodingInterViewQuestions.reverseString(JavaCodingInterViewQuestions.java:477)
at programming.JavaCodingInterViewQuestions.reverseString(JavaCodingInterViewQuestions.java:477)
at programming.JavaCodingInterViewQuestions.reverseString(JavaCodingInterViewQuestions.java:477)
at programming.JavaCodingInterViewQuestions.reverseString(JavaCodingInterViewQuestions.java:477)
at programming.JavaCodingInterViewQuestions.reverseString(JavaCodingInterViewQuestions.java:477)
at programming.JavaCodingInterViewQuestions.reverseString(JavaCodingInterViewQuestions.java:477)
at programming.JavaCodingInterViewQuestions.reverseString(JavaCodingInterViewQuestions.java:477)
at programming.JavaCodingInterViewQuestions.reverseString(JavaCodingInterViewQuestions.java:477)
at programming.JavaCodingInterViewQuestions.reverseString(JavaCodingInterViewQuestions.java:477)
at programming.JavaCodingInterViewQuestions.reverseString(JavaCodingInterViewQuestions.java:477)
at programming.JavaCodingInterViewQuestions.reverseString(JavaCodingInterViewQuestions.java:477)
at programming.JavaCodingInterViewQuestions.reverseString(JavaCodingInterViewQuestions.java:477)
at programming.JavaCodingInterViewQuestions.reverseString(JavaCodingInterViewQuestions.java:477)
at programming.JavaCodingInterViewQuestions.reverseString(JavaCodingInterViewQuestions.java:477)
at programming.JavaCodingInterViewQuestions.reverseString(JavaCodingInterViewQuestions.java:477)
at programming.JavaCodingInterViewQuestions.reverseString(JavaCodingInterViewQuestions.java:477)
at programming.JavaCodingInterViewQuestions.reverseString(JavaCodingInterViewQuestions.java:477)
at programming.JavaCodingInterViewQuestions.reverseString(JavaCodingInterViewQuestions.java:477)
at programming.JavaCodingInterViewQuestions.reverseString(JavaCodingInterViewQuestions.java:477)
at programming.JavaCodingInterViewQuestions.reverseString(JavaCodingInterViewQuestions.java:477)
at programming.JavaCodingInterViewQuestions.reverseString(JavaCodingInterViewQuestions.java:477)
at programming.JavaCodingInterViewQuestions.reverseString(JavaCodingInterViewQuestions.java:477)
at programming.JavaCodingInterViewQuestions.reverseString(JavaCodingInterViewQuestions.java:477)
at programming.JavaCodingInterViewQuestions.reverseString(JavaCodingInterViewQuestions.java:477)
at programming.JavaCodingInterViewQuestions.reverseString(JavaCodingInterViewQuestions.java:477)
at programming.JavaCodingInterViewQuestions.reverseString(JavaCodingInterViewQuestions.java:477)
at programming.JavaCodingInterViewQuestions.reverseString(JavaCodingInterViewQuestions.java:477)
at programming.JavaCodingInterViewQuestions.reverseString(JavaCodingInterViewQuestions.java:477)
at programming.JavaCodingInterViewQuestions.reverseString(JavaCodingInterViewQuestions.java:477)
at programming.JavaCodingInterViewQuestions.reverseString(JavaCodingInterViewQuestions.java:477)
at programming.JavaCodingInterViewQuestions.reverseString(JavaCodingInterViewQuestions.java:477)
at programming.JavaCodingInterViewQuestions.reverseString(JavaCodingInterViewQuestions.java:477)
at programming.JavaCodingInterViewQuestions.reverseString(JavaCodingInterViewQuestions.java:477)
at programming.JavaCodingInterViewQuestions.reverseString(JavaCodingInterViewQuestions.java:477)
at programming.JavaCodingInterViewQuestions.reverseString(JavaCodingInterViewQuestions.java:477)
at programming.JavaCodingInterViewQuestions.reverseString(JavaCodingInterViewQuestions.java:477)
at programming.JavaCodingInterViewQuestions.reverseString(JavaCodingInterViewQuestions.java:477)
at programming.JavaCodingInterViewQuestions.reverseString(JavaCodingInterViewQuestions.java:477)
at programming.JavaCodingInterViewQuestions.reverseString(JavaCodingInterViewQuestions.java:477)
at programming.JavaCodingInterViewQuestions.reverseString(JavaCodingInterViewQuestions.java:477)
at programming.JavaCodingInterViewQuestions.reverseString(JavaCodingInterViewQuestions.java:477)
at programming.JavaCodingInterViewQuestions.reverseString(JavaCodingInterViewQuestions.java:477)
at programming.JavaCodingInterViewQuestions.reverseString(JavaCodingInterViewQuestions.java:477)
at programming.JavaCodingInterViewQuestions.reverseString(JavaCodingInterViewQuestions.java:477)
at programming.JavaCodingInterViewQuestions.reverseString(JavaCodingInterViewQuestions.java:477)
at programming.JavaCodingInterViewQuestions.reverseString(JavaCodingInterViewQuestions.java:477)
at programming.JavaCodingInterViewQuestions.reverseString(JavaCodingInterViewQuestions.java:477)
at programming.JavaCodingInterViewQuestions.reverseString(JavaCodingInterViewQuestions.java:477)
at programming.JavaCodingInterViewQuestions.reverseString(JavaCodingInterViewQuestions.java:477)
at programming.JavaCodingInterViewQuestions.reverseString(JavaCodingInterViewQuestions.java:477)
at programming.JavaCodingInterViewQuestions.reverseString(JavaCodingInterViewQuestions.java:477)
at programming.JavaCodingInterViewQuestions.reverseString(JavaCodingInterViewQuestions.java:477)
at programming.JavaCodingInterViewQuestions.reverseString(JavaCodingInterViewQuestions.java:477)
at programming.JavaCodingInterViewQuestions.reverseString(JavaCodingInterViewQuestions.java:477)
at programming.JavaCodingInterViewQuestions.reverseString(JavaCodingInterViewQuestions.java:477)
at programming.JavaCodingInterViewQuestions.reverseString(JavaCodingInterViewQuestions.java:477)
at programming.JavaCodingInterViewQuestions.reverseString(JavaCodingInterViewQuestions.java:477)
at programming.JavaCodingInterViewQuestions.reverseString(JavaCodingInterViewQuestions.java:477)
at programming.JavaCodingInterViewQuestions.reverseString(JavaCodingInterViewQuestions.java:477)
at programming.JavaCodingInterViewQuestions.reverseString(JavaCodingInterViewQuestions.java:477)
at programming.JavaCodingInterViewQuestions.reverseString(JavaCodingInterViewQuestions.java:477)
at programming.JavaCodingInterViewQuestions.reverseString(JavaCodingInterViewQuestions.java:477)
at programming.JavaCodingInterViewQuestions.reverseString(JavaCodingInterViewQuestions.java:477)
at programming.JavaCodingInterViewQuestions.reverseString(JavaCodingInterViewQuestions.java:477)
at programming.JavaCodingInterViewQuestions.reverseString(JavaCodingInterViewQuestions.java:477)
at programming.JavaCodingInterViewQuestions.reverseString(JavaCodingInterViewQuestions.java:477)
at programming.JavaCodingInterViewQuestions.reverseString(JavaCodingInterViewQuestions.java:477)
at programming.JavaCodingInterViewQuestions.reverseString(JavaCodingInterViewQuestions.java:477)
at programming.JavaCodingInterViewQuestions.reverseString(JavaCodingInterViewQuestions.java:477)
at programming.JavaCodingInterViewQuestions.reverseString(JavaCodingInterViewQuestions.java:477)
at programming.JavaCodingInterViewQuestions.reverseString(JavaCodingInterViewQuestions.java:477)
at programming.JavaCodingInterViewQuestions.reverseString(JavaCodingInterViewQuestions.java:477)
at programming.JavaCodingInterViewQuestions.reverseString(JavaCodingInterViewQuestions.java:477)
at programming.JavaCodingInterViewQuestions.reverseString(JavaCodingInterViewQuestions.java:477)
at programming.JavaCodingInterViewQuestions.reverseString(JavaCodingInterViewQuestions.java:477)
at programming.JavaCodingInterViewQuestions.reverseString(JavaCodingInterViewQuestions.java:477)
at programming.JavaCodingInterViewQuestions.reverseString(JavaCodingInterViewQuestions.java:477)
at programming.JavaCodingInterViewQuestions.reverseString(JavaCodingInterViewQuestions.java:477)
at programming.JavaCodingInterViewQuestions.reverseString(JavaCodingInterViewQuestions.java:477)
at programming.JavaCodingInterViewQuestions.reverseString(JavaCodingInterViewQuestions.java:477)
at programming.JavaCodingInterViewQuestions.reverseString(JavaCodingInterViewQuestions.java:477)
at programming.JavaCodingInterViewQuestions.reverseString(JavaCodingInterViewQuestions.java:477)
at programming.JavaCodingInterViewQuestions.reverseString(JavaCodingInterViewQuestions.java:477)
at programming.JavaCodingInterViewQuestions.reverseString(JavaCodingInterViewQuestions.java:477)
at programming.JavaCodingInterViewQuestions.reverseString(JavaCodingInterViewQuestions.java:477)
at programming.JavaCodingInterViewQuestions.reverseString(JavaCodingInterViewQuestions.java:477)
at programming.JavaCodingInterViewQuestions.reverseString(JavaCodingInterViewQuestions.java:477)
at programming.JavaCodingInterViewQuestions.reverseString(JavaCodingInterViewQuestions.java:477)
at programming.JavaCodingInterViewQuestions.reverseString(JavaCodingInterViewQuestions.java:477)
at programming.JavaCodingInterViewQuestions.reverseString(JavaCodingInterViewQuestions.java:477)
at programming.JavaCodingInterViewQuestions.reverseString(JavaCodingInterViewQuestions.java:477)
at programming.JavaCodingInterViewQuestions.reverseString(JavaCodingInterViewQuestions.java:477)
at programming.JavaCodingInterViewQuestions.reverseString(JavaCodingInterViewQuestions.java:477)
at programming.JavaCodingInterViewQuestions.reverseString(JavaCodingInterViewQuestions.java:477)
at programming.JavaCodingInterViewQuestions.reverseString(JavaCodingInterViewQuestions.java:477)
at programming.JavaCodingInterViewQuestions.reverseString(JavaCodingInterViewQuestions.java:477)
at programming.JavaCodingInterViewQuestions.reverseString(JavaCodingInterViewQuestions.java:477)
at programming.JavaCodingInterViewQuestions.reverseString(JavaCodingInterViewQuestions.java:477)
at programming.JavaCodingInterViewQuestions.reverseString(JavaCodingInterViewQuestions.java:477)
at programming.JavaCodingInterViewQuestions.reverseString(JavaCodingInterViewQuestions.java:477)
at programming.JavaCodingInterViewQuestions.reverseString(JavaCodingInterViewQuestions.java:477)
at programming.JavaCodingInterViewQuestions.reverseString(JavaCodingInterViewQuestions.java:477)
at programming.JavaCodingInterViewQuestions.reverseString(JavaCodingInterViewQuestions.java:477)
at programming.JavaCodingInterViewQuestions.reverseString(JavaCodingInterViewQuestions.java:477)
at programming.JavaCodingInterViewQuestions.reverseString(JavaCodingInterViewQuestions.java:477)
at programming.JavaCodingInterViewQuestions.reverseString(JavaCodingInterViewQuestions.java:477)
at programming.JavaCodingInterViewQuestions.reverseString(JavaCodingInterViewQuestions.java:477)
at programming.JavaCodingInterViewQuestions.reverseString(JavaCodingInterViewQuestions.java:477)
at programming.JavaCodingInterViewQuestions.reverseString(JavaCodingInterViewQuestions.java:477)
at programming.JavaCodingInterViewQuestions.reverseString(JavaCodingInterViewQuestions.java:477)
at programming.JavaCodingInterViewQuestions.reverseString(JavaCodingInterViewQuestions.java:477)
at programming.JavaCodingInterViewQuestions.reverseString(JavaCodingInterViewQuestions.java:477)
at programming.JavaCodingInterViewQuestions.reverseString(JavaCodingInterViewQuestions.java:477)
at programming.JavaCodingInterViewQuestions.reverseString(JavaCodingInterViewQuestions.java:477)
at programming.JavaCodingInterViewQuestions.reverseString(JavaCodingInterViewQuestions.java:477)
at programming.JavaCodingInterViewQuestions.reverseString(JavaCodingInterViewQuestions.java:477)
at programming.JavaCodingInterViewQuestions.reverseString(JavaCodingInterViewQuestions.java:477)
at programming.JavaCodingInterViewQuestions.reverseString(JavaCodingInterViewQuestions.java:477)
at programming.JavaCodingInterViewQuestions.reverseString(JavaCodingInterViewQuestions.java:477)
at programming.JavaCodingInterViewQuestions.reverseString(JavaCodingInterViewQuestions.java:477)
at programming.JavaCodingInterViewQuestions.reverseString(JavaCodingInterViewQuestions.java:477)
at programming.JavaCodingInterViewQuestions.reverseString(JavaCodingInterViewQuestions.java:477)
at programming.JavaCodingInterViewQuestions.reverseString(JavaCodingInterViewQuestions.java:477)
at programming.JavaCodingInterViewQuestions.reverseString(JavaCodingInterViewQuestions.java:477)
at programming.JavaCodingInterViewQuestions.reverseString(JavaCodingInterViewQuestions.java:477)
at programming.JavaCodingInterViewQuestions.reverseString(JavaCodingInterViewQuestions.java:477)
at programming.JavaCodingInterViewQuestions.reverseString(JavaCodingInterViewQuestions.java:477)
at programming.JavaCodingInterViewQuestions.reverseString(JavaCodingInterViewQuestions.java:477)
at programming.JavaCodingInterViewQuestions.reverseString(JavaCodingInterViewQuestions.java:477)
at programming.JavaCodingInterViewQuestions.reverseString(JavaCodingInterViewQuestions.java:477)
at programming.JavaCodingInterViewQuestions.reverseString(JavaCodingInterViewQuestions.java:477)
at programming.JavaCodingInterViewQuestions.reverseString(JavaCodingInterViewQuestions.java:477)
at programming.JavaCodingInterViewQuestions.reverseString(JavaCodingInterViewQuestions.java:477)
at programming.JavaCodingInterViewQuestions.reverseString(JavaCodingInterViewQuestions.java:477)
at programming.JavaCodingInterViewQuestions.reverseString(JavaCodingInterViewQuestions.java:477)
at programming.JavaCodingInterViewQuestions.reverseString(JavaCodingInterViewQuestions.java:477)
at programming.JavaCodingInterViewQuestions.reverseString(JavaCodingInterViewQuestions.java:477)
at programming.JavaCodingInterViewQuestions.reverseString(JavaCodingInterViewQuestions.java:477)
at programming.JavaCodingInterViewQuestions.reverseString(JavaCodingInterViewQuestions.java:477)
at programming.JavaCodingInterViewQuestions.reverseString(JavaCodingInterViewQuestions.java:477)
at programming.JavaCodingInterViewQuestions.reverseString(JavaCodingInterViewQuestions.java:477)
at programming.JavaCodingInterViewQuestions.reverseString(JavaCodingInterViewQuestions.java:477)
at programming.JavaCodingInterViewQuestions.reverseString(JavaCodingInterViewQuestions.java:477)
at programming.JavaCodingInterViewQuestions.reverseString(JavaCodingInterViewQuestions.java:477)
at programming.JavaCodingInterViewQuestions.reverseString(JavaCodingInterViewQuestions.java:477)
at programming.JavaCodingInterViewQuestions.reverseString(JavaCodingInterViewQuestions.java:477)
at programming.JavaCodingInterViewQuestions.reverseString(JavaCodingInterViewQuestions.java:477)
at programming.JavaCodingInterViewQuestions.reverseString(JavaCodingInterViewQuestions.java:477)
at programming.JavaCodingInterViewQuestions.reverseString(JavaCodingInterViewQuestions.java:477)
at programming.JavaCodingInterViewQuestions.reverseString(JavaCodingInterViewQuestions.java:477)
at programming.JavaCodingInterViewQuestions.reverseString(JavaCodingInterViewQuestions.java:477)
at programming.JavaCodingInterViewQuestions.reverseString(JavaCodingInterViewQuestions.java:477)
at programming.JavaCodingInterViewQuestions.reverseString(JavaCodingInterViewQuestions.java:477)
at programming.JavaCodingInterViewQuestions.reverseString(JavaCodingInterViewQuestions.java:477)
at programming.JavaCodingInterViewQuestions.reverseString(JavaCodingInterViewQuestions.java:477)
at programming.JavaCodingInterViewQuestions.reverseString(JavaCodingInterViewQuestions.java:477)
at programming.JavaCodingInterViewQuestions.reverseString(JavaCodingInterViewQuestions.java:477)
at programming.JavaCodingInterViewQuestions.reverseString(JavaCodingInterViewQuestions.java:477)
at programming.JavaCodingInterViewQuestions.reverseString(JavaCodingInterViewQuestions.java:477)
at programming.JavaCodingInterViewQuestions.reverseString(JavaCodingInterViewQuestions.java:477)
at programming.JavaCodingInterViewQuestions.reverseString(JavaCodingInterViewQuestions.java:477)
at programming.JavaCodingInterViewQuestions.reverseString(JavaCodingInterViewQuestions.java:477)
at programming.JavaCodingInterViewQuestions.reverseString(JavaCodingInterViewQuestions.java:477)
at programming.JavaCodingInterViewQuestions.reverseString(JavaCodingInterViewQuestions.java:477)
at programming.JavaCodingInterViewQuestions.reverseString(JavaCodingInterViewQuestions.java:477)
at programming.JavaCodingInterViewQuestions.reverseString(JavaCodingInterViewQuestions.java:477)
at programming.JavaCodingInterViewQuestions.reverseString(JavaCodingInterViewQuestions.java:477)
at programming.JavaCodingInterViewQuestions.reverseString(JavaCodingInterViewQuestions.java:477)
at programming.JavaCodingInterViewQuestions.reverseString(JavaCodingInterViewQuestions.java:477)
at programming.JavaCodingInterViewQuestions.reverseString(JavaCodingInterViewQuestions.java:477)
at programming.JavaCodingInterViewQuestions.reverseString(JavaCodingInterViewQuestions.java:477)
at programming.JavaCodingInterViewQuestions.reverseString(JavaCodingInterViewQuestions.java:477)
at programming.JavaCodingInterViewQuestions.reverseString(JavaCodingInterViewQuestions.java:477)
at programming.JavaCodingInterViewQuestions.reverseString(JavaCodingInterViewQuestions.java:477)
at programming.JavaCodingInterViewQuestions.reverseString(JavaCodingInterViewQuestions.java:477)
at programming.JavaCodingInterViewQuestions.reverseString(JavaCodingInterViewQuestions.java:477)
at programming.JavaCodingInterViewQuestions.reverseString(JavaCodingInterViewQuestions.java:477)
at programming.JavaCodingInterViewQuestions.reverseString(JavaCodingInterViewQuestions.java:477)
at programming.JavaCodingInterViewQuestions.reverseString(JavaCodingInterViewQuestions.java:477)
at programming.JavaCodingInterViewQuestions.reverseString(JavaCodingInterViewQuestions.java:477)
[...]
at programming.JavaCodingInterViewQuestions.reverseString(JavaCodingInterViewQuestions.java:477)
at programming.JavaCodingInterViewQuestions.reverseString(JavaCodingInterViewQuestions.java:477)
at programming.JavaCodingInterViewQuestions.reverseString(JavaCodingInterViewQuestions.java:477)
at programming.JavaCodingInterViewQuestions.reverseString(JavaCodingInterViewQuestions.java:477)
at programming.JavaCodingInterViewQuestions.reverseString(JavaCodingInterViewQuestions.java:477)
at programming.JavaCodingInterViewQuestions.reverseString(JavaCodingInterViewQuestions.java:477)
at programming.JavaCodingInterViewQuestions.reverseString(JavaCodingInterViewQuestions.java:477)
at programming.JavaCodingInterViewQuestions.reverseString(JavaCodingInterViewQuestions.java:477)
at programming.JavaCodingInterViewQuestions.reverseString(JavaCodingInterViewQuestions.java:477)
at programming.JavaCodingInterViewQuestions.reverseString(JavaCodingInterViewQuestions.java:477)
at programming.JavaCodingInterViewQuestions.reverseString(JavaCodingInterViewQuestions.java:477)
at programming.JavaCodingInterViewQuestions.reverseString(JavaCodingInterViewQuestions.java:477)
at programming.JavaCodingInterViewQuestions.reverseString(JavaCodingInterViewQuestions.java:477)
at programming.JavaCodingInterViewQuestions.reverseString(JavaCodingInterViewQuestions.java:477)
at programming.JavaCodingInterViewQuestions.reverseString(JavaCodingInterViewQuestions.java:477)
at programming.JavaCodingInterViewQuestions.reverseString(JavaCodingInterViewQuestions.java:477)
at programming.JavaCodingInterViewQuestions.reverseString(JavaCodingInterViewQuestions.java:477)
at programming.JavaCodingInterViewQuestions.reverseString(JavaCodingInterViewQuestions.java:477)
at programming.JavaCodingInterViewQuestions.reverseString(JavaCodingInterViewQuestions.java:477)
at programming.JavaCodingInterViewQuestions.reverseString(JavaCodingInterViewQuestions.java:477)
at programming.JavaCodingInterViewQuestions.reverseString(JavaCodingInterViewQuestions.java:477)
at programming.JavaCodingInterViewQuestions.reverseString(JavaCodingInterViewQuestions.java:477)
at programming.JavaCodingInterViewQuestions.reverseString(JavaCodingInterViewQuestions.java:477)
at programming.JavaCodingInterViewQuestions.reverseString(JavaCodingInterViewQuestions.java:477)
at programming.JavaCodingInterViewQuestions.reverseString(JavaCodingInterViewQuestions.java:477)
at programming.JavaCodingInterViewQuestions.reverseString(JavaCodingInterViewQuestions.java:477)
at programming.JavaCodingInterViewQuestions.reverseString(JavaCodingInterViewQuestions.java:477)
at programming.JavaCodingInterViewQuestions.reverseString(JavaCodingInterViewQuestions.java:477)
at programming.JavaCodingInterViewQuestions.reverseString(JavaCodingInterViewQuestions.java:477)
at programming.JavaCodingInterViewQuestions.reverseString(JavaCodingInterViewQuestions.java:477)
at programming.JavaCodingInterViewQuestions.reverseString(JavaCodingInterViewQuestions.java:477)
at programming.JavaCodingInterViewQuestions.reverseString(JavaCodingInterViewQuestions.java:477)
at programming.JavaCodingInterViewQuestions.reverseString(JavaCodingInterViewQuestions.java:477)
at programming.JavaCodingInterViewQuestions.reverseString(JavaCodingInterViewQuestions.java:477)
at programming.JavaCodingInterViewQuestions.reverseString(JavaCodingInterViewQuestions.java:477)
at programming.JavaCodingInterViewQuestions.reverseString(JavaCodingInterViewQuestions.java:477)
at programming.JavaCodingInterViewQuestions.reverseString(JavaCodingInterViewQuestions.java:477)
at programming.JavaCodingInterViewQuestions.reverseString(JavaCodingInterViewQuestions.java:477)
at programming.JavaCodingInterViewQuestions.reverseString(JavaCodingInterViewQuestions.java:477)
at programming.JavaCodingInterViewQuestions.reverseString(JavaCodingInterViewQuestions.java:477)
at programming.JavaCodingInterViewQuestions.reverseString(JavaCodingInterViewQuestions.java:477)
at programming.JavaCodingInterViewQuestions.reverseString(JavaCodingInterViewQuestions.java:477)
at programming.JavaCodingInterViewQuestions.reverseString(JavaCodingInterViewQuestions.java:477)
at programming.JavaCodingInterViewQuestions.reverseString(JavaCodingInterViewQuestions.java:477)
at programming.JavaCodingInterViewQuestions.reverseString(JavaCodingInterViewQuestions.java:477)
at programming.JavaCodingInterViewQuestions.reverseString(JavaCodingInterViewQuestions.java:477)
at programming.JavaCodingInterViewQuestions.reverseString(JavaCodingInterViewQuestions.java:477)
at programming.JavaCodingInterViewQuestions.reverseString(JavaCodingInterViewQuestions.java:477)
at programming.JavaCodingInterViewQuestions.reverseString(JavaCodingInterViewQuestions.java:477)
at programming.JavaCodingInterViewQuestions.reverseString(JavaCodingInterViewQuestions.java:477)
at programming.JavaCodingInterViewQuestions.reverseString(JavaCodingInterViewQuestions.java:477)
at programming.JavaCodingInterViewQuestions.reverseString(JavaCodingInterViewQuestions.java:477)
at programming.JavaCodingInterViewQuestions.reverseString(JavaCodingInterViewQuestions.java:477)
at programming.JavaCodingInterViewQuestions.reverseString(JavaCodingInterViewQuestions.java:477)
at programming.JavaCodingInterViewQuestions.reverseString(JavaCodingInterViewQuestions.java:477)
at programming.JavaCodingInterViewQuestions.reverseString(JavaCodingInterViewQuestions.java:477)
at programming.JavaCodingInterViewQuestions.reverseString(JavaCodingInterViewQuestions.java:477)
at programming.JavaCodingInterViewQuestions.reverseString(JavaCodingInterViewQuestions.java:477)
at programming.JavaCodingInterViewQuestions.reverseString(JavaCodingInterViewQuestions.java:477)
at programming.JavaCodingInterViewQuestions.reverseString(JavaCodingInterViewQuestions.java:477)
at programming.JavaCodingInterViewQuestions.reverseString(JavaCodingInterViewQuestions.java:477)
at programming.JavaCodingInterViewQuestions.reverseString(JavaCodingInterViewQuestions.java:477)
at programming.JavaCodingInterViewQuestions.reverseString(JavaCodingInterViewQuestions.java:477)
at programming.JavaCodingInterViewQuestions.reverseString(JavaCodingInterViewQuestions.java:477)
at programming.JavaCodingInterViewQuestions.reverseString(JavaCodingInterViewQuestions.java:477)
at programming.JavaCodingInterViewQuestions.reverseString(JavaCodingInterViewQuestions.java:477)
at programming.JavaCodingInterViewQuestions.reverseString(JavaCodingInterViewQuestions.java:477)
at programming.JavaCodingInterViewQuestions.reverseString(JavaCodingInterViewQuestions.java:477)
at programming.JavaCodingInterViewQuestions.reverseString(JavaCodingInterViewQuestions.java:477)
at programming.JavaCodingInterViewQuestions.reverseString(JavaCodingInterViewQuestions.java:477)
at programming.JavaCodingInterViewQuestions.reverseString(JavaCodingInterViewQuestions.java:477)
at programming.JavaCodingInterViewQuestions.reverseString(JavaCodingInterViewQuestions.java:477)
at programming.JavaCodingInterViewQuestions.reverseString(JavaCodingInterViewQuestions.java:477)
at programming.JavaCodingInterViewQuestions.reverseString(JavaCodingInterViewQuestions.java:477)
at programming.JavaCodingInterViewQuestions.reverseString(JavaCodingInterViewQuestions.java:477)
at programming.JavaCodingInterViewQuestions.reverseString(JavaCodingInterViewQuestions.java:477)
at programming.JavaCodingInterViewQuestions.reverseString(JavaCodingInterViewQuestions.java:477)
at programming.JavaCodingInterViewQuestions.reverseString(JavaCodingInterViewQuestions.java:477)
at programming.JavaCodingInterViewQuestions.reverseString(JavaCodingInterViewQuestions.java:477)
at programming.JavaCodingInterViewQuestions.reverseString(JavaCodingInterViewQuestions.java:477)
at programming.JavaCodingInterViewQuestions.reverseString(JavaCodingInterViewQuestions.java:477)
at programming.JavaCodingInterViewQuestions.reverseString(JavaCodingInterViewQuestions.java:477)
at programming.JavaCodingInterViewQuestions.reverseString(JavaCodingInterViewQuestions.java:477)
at programming.JavaCodingInterViewQuestions.reverseString(JavaCodingInterViewQuestions.java:477)
at programming.JavaCodingInterViewQuestions.reverseString(JavaCodingInterViewQuestions.java:477)
at programming.JavaCodingInterViewQuestions.reverseString(JavaCodingInterViewQuestions.java:477)
at programming.JavaCodingInterViewQuestions.reverseString(JavaCodingInterViewQuestions.java:477)
at programming.JavaCodingInterViewQuestions.reverseString(JavaCodingInterViewQuestions.java:477)
at programming.JavaCodingInterViewQuestions.reverseString(JavaCodingInterViewQuestions.java:477)
at programming.JavaCodingInterViewQuestions.reverseString(JavaCodingInterViewQuestions.java:477)
at programming.JavaCodingInterViewQuestions.reverseString(JavaCodingInterViewQuestions.java:477)
at programming.JavaCodingInterViewQuestions.reverseString(JavaCodingInterViewQuestions.java:477)
at programming.JavaCodingInterViewQuestions.reverseString(JavaCodingInterViewQuestions.java:477)
at programming.JavaCodingInterViewQuestions.reverseString(JavaCodingInterViewQuestions.java:477)
at programming.JavaCodingInterViewQuestions.reverseString(JavaCodingInterViewQuestions.java:477)
at programming.JavaCodingInterViewQuestions.reverseString(JavaCodingInterViewQuestions.java:477)
at programming.JavaCodingInterViewQuestions.reverseString(JavaCodingInterViewQuestions.java:477)
at programming.JavaCodingInterViewQuestions.reverseString(JavaCodingInterViewQuestions.java:477)
at programming.JavaCodingInterViewQuestions.reverseString(JavaCodingInterViewQuestions.java:477)
at programming.JavaCodingInterViewQuestions.reverseString(JavaCodingInterViewQuestions.java:477)
at programming.JavaCodingInterViewQuestions.reverseString(JavaCodingInterViewQuestions.java:477)
at programming.JavaCodingInterViewQuestions.reverseString(JavaCodingInterViewQuestions.java:477)
at programming.JavaCodingInterViewQuestions.reverseString(JavaCodingInterViewQuestions.java:477)
at programming.JavaCodingInterViewQuestions.reverseString(JavaCodingInterViewQuestions.java:477)
at programming.JavaCodingInterViewQuestions.reverseString(JavaCodingInterViewQuestions.java:477)
at programming.JavaCodingInterViewQuestions.reverseString(JavaCodingInterViewQuestions.java:477)
at programming.JavaCodingInterViewQuestions.reverseString(JavaCodingInterViewQuestions.java:477)
at programming.JavaCodingInterViewQuestions.reverseString(JavaCodingInterViewQuestions.java:477)
at programming.JavaCodingInterViewQuestions.reverseString(JavaCodingInterViewQuestions.java:477)
at programming.JavaCodingInterViewQuestions.reverseString(JavaCodingInterViewQuestions.java:477)
at programming.JavaCodingInterViewQuestions.reverseString(JavaCodingInterViewQuestions.java:477)
at programming.JavaCodingInterViewQuestions.reverseString(JavaCodingInterViewQuestions.java:477)
at programming.JavaCodingInterViewQuestions.reverseString(JavaCodingInterViewQuestions.java:477)
at programming.JavaCodingInterViewQuestions.reverseString(JavaCodingInterViewQuestions.java:477)
at programming.JavaCodingInterViewQuestions.reverseString(JavaCodingInterViewQuestions.java:477)
at programming.JavaCodingInterViewQuestions.reverseString(JavaCodingInterViewQuestions.java:477)
at programming.JavaCodingInterViewQuestions.reverseString(JavaCodingInterViewQuestions.java:477)
at programming.JavaCodingInterViewQuestions.reverseString(JavaCodingInterViewQuestions.java:477)
at programming.JavaCodingInterViewQuestions.reverseString(JavaCodingInterViewQuestions.java:477)
at programming.JavaCodingInterViewQuestions.reverseString(JavaCodingInterViewQuestions.java:477)
at programming.JavaCodingInterViewQuestions.reverseString(JavaCodingInterViewQuestions.java:477)
at programming.JavaCodingInterViewQuestions.reverseString(JavaCodingInterViewQuestions.java:477)
at programming.JavaCodingInterViewQuestions.reverseString(JavaCodingInterViewQuestions.java:477)
at programming.JavaCodingInterViewQuestions.reverseString(JavaCodingInterViewQuestions.java:477)
at programming.JavaCodingInterViewQuestions.reverseString(JavaCodingInterViewQuestions.java:477)
at programming.JavaCodingInterViewQuestions.reverseString(JavaCodingInterViewQuestions.java:477)
at programming.JavaCodingInterViewQuestions.reverseString(JavaCodingInterViewQuestions.java:477)
at programming.JavaCodingInterViewQuestions.reverseString(JavaCodingInterViewQuestions.java:477)
at programming.JavaCodingInterViewQuestions.reverseString(JavaCodingInterViewQuestions.java:477)
at programming.JavaCodingInterViewQuestions.reverseString(JavaCodingInterViewQuestions.java:477)
at programming.JavaCodingInterViewQuestions.reverseString(JavaCodingInterViewQuestions.java:477)
at programming.JavaCodingInterViewQuestions.reverseString(JavaCodingInterViewQuestions.java:477)
at programming.JavaCodingInterViewQuestions.reverseString(JavaCodingInterViewQuestions.java:477)
at programming.JavaCodingInterViewQuestions.reverseString(JavaCodingInterViewQuestions.java:477)
at programming.JavaCodingInterViewQuestions.reverseString(JavaCodingInterViewQuestions.java:477)
at programming.JavaCodingInterViewQuestions.reverseString(JavaCodingInterViewQuestions.java:477)
at programming.JavaCodingInterViewQuestions.reverseString(JavaCodingInterViewQuestions.java:477)
at programming.JavaCodingInterViewQuestions.reverseString(JavaCodingInterViewQuestions.java:477)
at programming.JavaCodingInterViewQuestions.reverseString(JavaCodingInterViewQuestions.java:477)
at programming.JavaCodingInterViewQuestions.reverseString(JavaCodingInterViewQuestions.java:477)
at programming.JavaCodingInterViewQuestions.reverseString(JavaCodingInterViewQuestions.java:477)
at programming.JavaCodingInterViewQuestions.reverseString(JavaCodingInterViewQuestions.java:477)
at programming.JavaCodingInterViewQuestions.reverseString(JavaCodingInterViewQuestions.java:477)
at programming.JavaCodingInterViewQuestions.reverseString(JavaCodingInterViewQuestions.java:477)
at programming.JavaCodingInterViewQuestions.reverseString(JavaCodingInterViewQuestions.java:477)
at programming.JavaCodingInterViewQuestions.reverseString(JavaCodingInterViewQuestions.java:477)
at programming.JavaCodingInterViewQuestions.reverseString(JavaCodingInterViewQuestions.java:477)
at programming.JavaCodingInterViewQuestions.reverseString(JavaCodingInterViewQuestions.java:477)
at programming.JavaCodingInterViewQuestions.reverseString(JavaCodingInterViewQuestions.java:477)
at programming.JavaCodingInterViewQuestions.reverseString(JavaCodingInterViewQuestions.java:477)
at programming.JavaCodingInterViewQuestions.reverseString(JavaCodingInterViewQuestions.java:477)
at programming.JavaCodingInterViewQuestions.reverseString(JavaCodingInterViewQuestions.java:477)
at programming.JavaCodingInterViewQuestions.reverseString(JavaCodingInterViewQuestions.java:477)
at programming.JavaCodingInterViewQuestions.reverseString(JavaCodingInterViewQuestions.java:477)
at programming.JavaCodingInterViewQuestions.reverseString(JavaCodingInterViewQuestions.java:477)
at programming.JavaCodingInterViewQuestions.reverseString(JavaCodingInterViewQuestions.java:477)
at programming.JavaCodingInterViewQuestions.reverseString(JavaCodingInterViewQuestions.java:477)
at programming.JavaCodingInterViewQuestions.reverseString(JavaCodingInterViewQuestions.java:477)
at programming.JavaCodingInterViewQuestions.reverseString(JavaCodingInterViewQuestions.java:477)
at programming.JavaCodingInterViewQuestions.reverseString(JavaCodingInterViewQuestions.java:477)
at programming.JavaCodingInterViewQuestions.reverseString(JavaCodingInterViewQuestions.java:477)
at programming.JavaCodingInterViewQuestions.reverseString(JavaCodingInterViewQuestions.java:477)
at programming.JavaCodingInterViewQuestions.reverseString(JavaCodingInterViewQuestions.java:477)
at programming.JavaCodingInterViewQuestions.reverseString(JavaCodingInterViewQuestions.java:477)
at programming.JavaCodingInterViewQuestions.reverseString(JavaCodingInterViewQuestions.java:477)
at programming.JavaCodingInterViewQuestions.reverseString(JavaCodingInterViewQuestions.java:477)
at programming.JavaCodingInterViewQuestions.reverseString(JavaCodingInterViewQuestions.java:477)
at programming.JavaCodingInterViewQuestions.reverseString(JavaCodingInterViewQuestions.java:477)
at programming.JavaCodingInterViewQuestions.reverseString(JavaCodingInterViewQuestions.java:477)
at programming.JavaCodingInterViewQuestions.reverseString(JavaCodingInterViewQuestions.java:477)
at programming.JavaCodingInterViewQuestions.reverseString(JavaCodingInterViewQuestions.java:477)
at programming.JavaCodingInterViewQuestions.reverseString(JavaCodingInterViewQuestions.java:477)
at programming.JavaCodingInterViewQuestions.reverseString(JavaCodingInterViewQuestions.java:477)
at programming.JavaCodingInterViewQuestions.reverseString(JavaCodingInterViewQuestions.java:477)
at programming.JavaCodingInterViewQuestions.reverseString(JavaCodingInterViewQuestions.java:477)
at programming.JavaCodingInterViewQuestions.reverseString(JavaCodingInterViewQuestions.java:477)
at programming.JavaCodingInterViewQuestions.reverseString(JavaCodingInterViewQuestions.java:477)
at programming.JavaCodingInterViewQuestions.reverseString(JavaCodingInterViewQuestions.java:477)
at programming.JavaCodingInterViewQuestions.reverseString(JavaCodingInterViewQuestions.java:477)
at programming.JavaCodingInterViewQuestions.reverseString(JavaCodingInterViewQuestions.java:477)
at programming.JavaCodingInterViewQuestions.reverseString(JavaCodingInterViewQuestions.java:477)
at programming.JavaCodingInterViewQuestions.reverseString(JavaCodingInterViewQuestions.java:477)
at programming.JavaCodingInterViewQuestions.reverseString(JavaCodingInterViewQuestions.java:477)
at programming.JavaCodingInterViewQuestions.reverseString(JavaCodingInterViewQuestions.java:477)
at programming.JavaCodingInterViewQuestions.reverseString(JavaCodingInterViewQuestions.java:477)
at programming.JavaCodingInterViewQuestions.reverseString(JavaCodingInterViewQuestions.java:477)
at programming.JavaCodingInterViewQuestions.reverseString(JavaCodingInterViewQuestions.java:477)
at programming.JavaCodingInterViewQuestions.reverseString(JavaCodingInterViewQuestions.java:477)
at programming.JavaCodingInterViewQuestions.reverseString(JavaCodingInterViewQuestions.java:477)
at programming.JavaCodingInterViewQuestions.reverseString(JavaCodingInterViewQuestions.java:477)
at programming.JavaCodingInterViewQuestions.reverseString(JavaCodingInterViewQuestions.java:477)
at programming.JavaCodingInterViewQuestions.reverseString(JavaCodingInterViewQuestions.java:477)
at programming.JavaCodingInterViewQuestions.reverseString(JavaCodingInterViewQuestions.java:477)
at programming.JavaCodingInterViewQuestions.reverseString(JavaCodingInterViewQuestions.java:477)
at programming.JavaCodingInterViewQuestions.reverseString(JavaCodingInterViewQuestions.java:477)
at programming.JavaCodingInterViewQuestions.reverseString(JavaCodingInterViewQuestions.java:477)
at programming.JavaCodingInterViewQuestions.reverseString(JavaCodingInterViewQuestions.java:477)
at programming.JavaCodingInterViewQuestions.reverseString(JavaCodingInterViewQuestions.java:477)
at programming.JavaCodingInterViewQuestions.reverseString(JavaCodingInterViewQuestions.java:477)
at programming.JavaCodingInterViewQuestions.reverseString(JavaCodingInterViewQuestions.java:477)
at programming.JavaCodingInterViewQuestions.reverseString(JavaCodingInterViewQuestions.java:477)
at programming.JavaCodingInterViewQuestions.reverseString(JavaCodingInterViewQuestions.java:477)
]]>
            </full-stacktrace>
          </exception> <!-- java.lang.StackOverflowError -->
          <reporter-output>
          </reporter-output>
        </test-method> <!-- reverseStringUsingRecursion -->
      </class> <!-- programming.JavaCodingInterViewQuestions -->
    </test> <!-- Default test -->
  </suite> <!-- Default suite -->
</testng-results>
